com.lfmunoz.client.Main
[32m[vert.x-eventloop-thread-1][0;39m-[34m[INFO ][0;39m-[36m[c.l.client.Main][0;39m ------------------------------------------- 
[32m[vert.x-eventloop-thread-1][0;39m-[34m[INFO ][0;39m-[36m[c.l.client.Main][0;39m Launching 1000000 clients 
[32m[vert.x-eventloop-thread-1][0;39m-[34m[INFO ][0;39m-[36m[c.l.client.Main][0;39m Binding to [172.16.33.1, 172.16.33.2, 172.16.33.3, 172.16.33.4, 172.16.33.5, 172.16.33.6, 172.16.33.7, 172.16.33.8, 172.16.33.9, 172.16.33.10, 172.16.33.11, 172.16.33.12, 172.16.33.13, 172.16.33.14, 172.16.33.15, 172.16.33.16, 172.16.33.17, 172.16.33.18, 172.16.33.19, 172.16.33.20, 172.16.33.21, 172.16.33.22, 172.16.33.23, 172.16.33.24] 
[32m[vert.x-eventloop-thread-1][0;39m-[34m[INFO ][0;39m-[36m[c.l.client.Main][0;39m Connecting to 10.37.120.4 on 8123 
[32m[vert.x-eventloop-thread-1][0;39m-[34m[INFO ][0;39m-[36m[c.l.client.Main][0;39m Launch delay set to 10 
[32m[vert.x-eventloop-thread-1][0;39m-[34m[INFO ][0;39m-[36m[c.l.client.Main][0;39m ------------------------------------------- 
[32m[vert.x-eventloop-thread-1][0;39m-[34m[INFO ][0;39m-[36m[c.l.client.Main][0;39m Starting deployment of 1000000 clients 
Oct 17, 2018 8:31:48 PM io.vertx.core.impl.launcher.commands.VertxIsolatedDeployer
INFO: Succeeded in deploying verticle
[32m[vert.x-eventloop-thread-19][0;39m-[1;31m[ERROR][0;39m-[36m[c.l.c.Verticle][0;39m Error with connect, Cannot assign requested address: /10.37.120.4:8123 
io.netty.channel.AbstractChannel$AnnotatedSocketException: Cannot assign requested address: /10.37.120.4:8123
	at sun.nio.ch.Net.connect0(Native Method)
	at sun.nio.ch.Net.connect(Net.java:454)
	at sun.nio.ch.Net.connect(Net.java:446)
	at sun.nio.ch.SocketChannelImpl.connect(SocketChannelImpl.java:648)
	at io.netty.util.internal.SocketUtils$3.run(SocketUtils.java:83)
	at io.netty.util.internal.SocketUtils$3.run(SocketUtils.java:80)
	at java.security.AccessController.doPrivileged(Native Method)
	at io.netty.util.internal.SocketUtils.connect(SocketUtils.java:80)
	at io.netty.channel.socket.nio.NioSocketChannel.doConnect(NioSocketChannel.java:310)
	at io.netty.channel.nio.AbstractNioChannel$AbstractNioUnsafe.connect(AbstractNioChannel.java:254)
	at io.netty.channel.DefaultChannelPipeline$HeadContext.connect(DefaultChannelPipeline.java:1291)
	at io.netty.channel.AbstractChannelHandlerContext.invokeConnect(AbstractChannelHandlerContext.java:545)
	at io.netty.channel.AbstractChannelHandlerContext.connect(AbstractChannelHandlerContext.java:530)
	at io.netty.channel.DefaultChannelPipeline.connect(DefaultChannelPipeline.java:1000)
	at io.netty.channel.AbstractChannel.connect(AbstractChannel.java:264)
	at io.netty.bootstrap.Bootstrap$3.run(Bootstrap.java:254)
	at io.netty.util.concurrent.AbstractEventExecutor.safeExecute(AbstractEventExecutor.java:163)
	at io.netty.util.concurrent.SingleThreadEventExecutor.runAllTasks(SingleThreadEventExecutor.java:404)
	at io.netty.channel.nio.NioEventLoop.run(NioEventLoop.java:463)
	at io.netty.util.concurrent.SingleThreadEventExecutor$5.run(SingleThreadEventExecutor.java:886)
	at io.netty.util.concurrent.FastThreadLocalRunnable.run(FastThreadLocalRunnable.java:30)
	at java.lang.Thread.run(Thread.java:748)
Caused by: java.net.BindException: Cannot assign requested address
	... 22 more
[32m[vert.x-eventloop-thread-20][0;39m-[1;31m[ERROR][0;39m-[36m[c.l.c.Verticle][0;39m Error with connect, Cannot assign requested address: /10.37.120.4:8123 
io.netty.channel.AbstractChannel$AnnotatedSocketException: Cannot assign requested address: /10.37.120.4:8123
	at sun.nio.ch.Net.connect0(Native Method)
	at sun.nio.ch.Net.connect(Net.java:454)
	at sun.nio.ch.Net.connect(Net.java:446)
	at sun.nio.ch.SocketChannelImpl.connect(SocketChannelImpl.java:648)
	at io.netty.util.internal.SocketUtils$3.run(SocketUtils.java:83)
	at io.netty.util.internal.SocketUtils$3.run(SocketUtils.java:80)
	at java.security.AccessController.doPrivileged(Native Method)
	at io.netty.util.internal.SocketUtils.connect(SocketUtils.java:80)
	at io.netty.channel.socket.nio.NioSocketChannel.doConnect(NioSocketChannel.java:310)
	at io.netty.channel.nio.AbstractNioChannel$AbstractNioUnsafe.connect(AbstractNioChannel.java:254)
	at io.netty.channel.DefaultChannelPipeline$HeadContext.connect(DefaultChannelPipeline.java:1291)
	at io.netty.channel.AbstractChannelHandlerContext.invokeConnect(AbstractChannelHandlerContext.java:545)
	at io.netty.channel.AbstractChannelHandlerContext.connect(AbstractChannelHandlerContext.java:530)
	at io.netty.channel.DefaultChannelPipeline.connect(DefaultChannelPipeline.java:1000)
	at io.netty.channel.AbstractChannel.connect(AbstractChannel.java:264)
	at io.netty.bootstrap.Bootstrap$3.run(Bootstrap.java:254)
	at io.netty.util.concurrent.AbstractEventExecutor.safeExecute(AbstractEventExecutor.java:163)
	at io.netty.util.concurrent.SingleThreadEventExecutor.runAllTasks(SingleThreadEventExecutor.java:404)
	at io.netty.channel.nio.NioEventLoop.run(NioEventLoop.java:463)
	at io.netty.util.concurrent.SingleThreadEventExecutor$5.run(SingleThreadEventExecutor.java:886)
	at io.netty.util.concurrent.FastThreadLocalRunnable.run(FastThreadLocalRunnable.java:30)
	at java.lang.Thread.run(Thread.java:748)
Caused by: java.net.BindException: Cannot assign requested address
	... 22 more
[32m[vert.x-eventloop-thread-21][0;39m-[1;31m[ERROR][0;39m-[36m[c.l.c.Verticle][0;39m Error with connect, Cannot assign requested address: /10.37.120.4:8123 
io.netty.channel.AbstractChannel$AnnotatedSocketException: Cannot assign requested address: /10.37.120.4:8123
	at sun.nio.ch.Net.connect0(Native Method)
	at sun.nio.ch.Net.connect(Net.java:454)
	at sun.nio.ch.Net.connect(Net.java:446)
	at sun.nio.ch.SocketChannelImpl.connect(SocketChannelImpl.java:648)
	at io.netty.util.internal.SocketUtils$3.run(SocketUtils.java:83)
	at io.netty.util.internal.SocketUtils$3.run(SocketUtils.java:80)
	at java.security.AccessController.doPrivileged(Native Method)
	at io.netty.util.internal.SocketUtils.connect(SocketUtils.java:80)
	at io.netty.channel.socket.nio.NioSocketChannel.doConnect(NioSocketChannel.java:310)
	at io.netty.channel.nio.AbstractNioChannel$AbstractNioUnsafe.connect(AbstractNioChannel.java:254)
	at io.netty.channel.DefaultChannelPipeline$HeadContext.connect(DefaultChannelPipeline.java:1291)
	at io.netty.channel.AbstractChannelHandlerContext.invokeConnect(AbstractChannelHandlerContext.java:545)
	at io.netty.channel.AbstractChannelHandlerContext.connect(AbstractChannelHandlerContext.java:530)
	at io.netty.channel.DefaultChannelPipeline.connect(DefaultChannelPipeline.java:1000)
	at io.netty.channel.AbstractChannel.connect(AbstractChannel.java:264)
	at io.netty.bootstrap.Bootstrap$3.run(Bootstrap.java:254)
	at io.netty.util.concurrent.AbstractEventExecutor.safeExecute(AbstractEventExecutor.java:163)
	at io.netty.util.concurrent.SingleThreadEventExecutor.runAllTasks(SingleThreadEventExecutor.java:404)
	at io.netty.channel.nio.NioEventLoop.run(NioEventLoop.java:463)
	at io.netty.util.concurrent.SingleThreadEventExecutor$5.run(SingleThreadEventExecutor.java:886)
	at io.netty.util.concurrent.FastThreadLocalRunnable.run(FastThreadLocalRunnable.java:30)
	at java.lang.Thread.run(Thread.java:748)
Caused by: java.net.BindException: Cannot assign requested address
	... 22 more
[32m[vert.x-eventloop-thread-22][0;39m-[1;31m[ERROR][0;39m-[36m[c.l.c.Verticle][0;39m Error with connect, Cannot assign requested address: /10.37.120.4:8123 
io.netty.channel.AbstractChannel$AnnotatedSocketException: Cannot assign requested address: /10.37.120.4:8123
	at sun.nio.ch.Net.connect0(Native Method)
	at sun.nio.ch.Net.connect(Net.java:454)
	at sun.nio.ch.Net.connect(Net.java:446)
	at sun.nio.ch.SocketChannelImpl.connect(SocketChannelImpl.java:648)
	at io.netty.util.internal.SocketUtils$3.run(SocketUtils.java:83)
	at io.netty.util.internal.SocketUtils$3.run(SocketUtils.java:80)
	at java.security.AccessController.doPrivileged(Native Method)
	at io.netty.util.internal.SocketUtils.connect(SocketUtils.java:80)
	at io.netty.channel.socket.nio.NioSocketChannel.doConnect(NioSocketChannel.java:310)
	at io.netty.channel.nio.AbstractNioChannel$AbstractNioUnsafe.connect(AbstractNioChannel.java:254)
	at io.netty.channel.DefaultChannelPipeline$HeadContext.connect(DefaultChannelPipeline.java:1291)
	at io.netty.channel.AbstractChannelHandlerContext.invokeConnect(AbstractChannelHandlerContext.java:545)
	at io.netty.channel.AbstractChannelHandlerContext.connect(AbstractChannelHandlerContext.java:530)
	at io.netty.channel.DefaultChannelPipeline.connect(DefaultChannelPipeline.java:1000)
	at io.netty.channel.AbstractChannel.connect(AbstractChannel.java:264)
	at io.netty.bootstrap.Bootstrap$3.run(Bootstrap.java:254)
	at io.netty.util.concurrent.AbstractEventExecutor.safeExecute(AbstractEventExecutor.java:163)
	at io.netty.util.concurrent.SingleThreadEventExecutor.runAllTasks(SingleThreadEventExecutor.java:404)
	at io.netty.channel.nio.NioEventLoop.run(NioEventLoop.java:463)
	at io.netty.util.concurrent.SingleThreadEventExecutor$5.run(SingleThreadEventExecutor.java:886)
	at io.netty.util.concurrent.FastThreadLocalRunnable.run(FastThreadLocalRunnable.java:30)
	at java.lang.Thread.run(Thread.java:748)
Caused by: java.net.BindException: Cannot assign requested address
	... 22 more
[32m[vert.x-eventloop-thread-23][0;39m-[1;31m[ERROR][0;39m-[36m[c.l.c.Verticle][0;39m Error with connect, Cannot assign requested address: /10.37.120.4:8123 
io.netty.channel.AbstractChannel$AnnotatedSocketException: Cannot assign requested address: /10.37.120.4:8123
	at sun.nio.ch.Net.connect0(Native Method)
	at sun.nio.ch.Net.connect(Net.java:454)
	at sun.nio.ch.Net.connect(Net.java:446)
	at sun.nio.ch.SocketChannelImpl.connect(SocketChannelImpl.java:648)
	at io.netty.util.internal.SocketUtils$3.run(SocketUtils.java:83)
	at io.netty.util.internal.SocketUtils$3.run(SocketUtils.java:80)
	at java.security.AccessController.doPrivileged(Native Method)
	at io.netty.util.internal.SocketUtils.connect(SocketUtils.java:80)
	at io.netty.channel.socket.nio.NioSocketChannel.doConnect(NioSocketChannel.java:310)
	at io.netty.channel.nio.AbstractNioChannel$AbstractNioUnsafe.connect(AbstractNioChannel.java:254)
	at io.netty.channel.DefaultChannelPipeline$HeadContext.connect(DefaultChannelPipeline.java:1291)
	at io.netty.channel.AbstractChannelHandlerContext.invokeConnect(AbstractChannelHandlerContext.java:545)
	at io.netty.channel.AbstractChannelHandlerContext.connect(AbstractChannelHandlerContext.java:530)
	at io.netty.channel.DefaultChannelPipeline.connect(DefaultChannelPipeline.java:1000)
	at io.netty.channel.AbstractChannel.connect(AbstractChannel.java:264)
	at io.netty.bootstrap.Bootstrap$3.run(Bootstrap.java:254)
	at io.netty.util.concurrent.AbstractEventExecutor.safeExecute(AbstractEventExecutor.java:163)
	at io.netty.util.concurrent.SingleThreadEventExecutor.runAllTasks(SingleThreadEventExecutor.java:404)
	at io.netty.channel.nio.NioEventLoop.run(NioEventLoop.java:463)
	at io.netty.util.concurrent.SingleThreadEventExecutor$5.run(SingleThreadEventExecutor.java:886)
	at io.netty.util.concurrent.FastThreadLocalRunnable.run(FastThreadLocalRunnable.java:30)
	at java.lang.Thread.run(Thread.java:748)
Caused by: java.net.BindException: Cannot assign requested address
	... 22 more
[32m[vert.x-eventloop-thread-24][0;39m-[1;31m[ERROR][0;39m-[36m[c.l.c.Verticle][0;39m Error with connect, Cannot assign requested address: /10.37.120.4:8123 
io.netty.channel.AbstractChannel$AnnotatedSocketException: Cannot assign requested address: /10.37.120.4:8123
	at sun.nio.ch.Net.connect0(Native Method)
	at sun.nio.ch.Net.connect(Net.java:454)
	at sun.nio.ch.Net.connect(Net.java:446)
	at sun.nio.ch.SocketChannelImpl.connect(SocketChannelImpl.java:648)
	at io.netty.util.internal.SocketUtils$3.run(SocketUtils.java:83)
	at io.netty.util.internal.SocketUtils$3.run(SocketUtils.java:80)
	at java.security.AccessController.doPrivileged(Native Method)
	at io.netty.util.internal.SocketUtils.connect(SocketUtils.java:80)
	at io.netty.channel.socket.nio.NioSocketChannel.doConnect(NioSocketChannel.java:310)
	at io.netty.channel.nio.AbstractNioChannel$AbstractNioUnsafe.connect(AbstractNioChannel.java:254)
	at io.netty.channel.DefaultChannelPipeline$HeadContext.connect(DefaultChannelPipeline.java:1291)
	at io.netty.channel.AbstractChannelHandlerContext.invokeConnect(AbstractChannelHandlerContext.java:545)
	at io.netty.channel.AbstractChannelHandlerContext.connect(AbstractChannelHandlerContext.java:530)
	at io.netty.channel.DefaultChannelPipeline.connect(DefaultChannelPipeline.java:1000)
	at io.netty.channel.AbstractChannel.connect(AbstractChannel.java:264)
	at io.netty.bootstrap.Bootstrap$3.run(Bootstrap.java:254)
	at io.netty.util.concurrent.AbstractEventExecutor.safeExecute(AbstractEventExecutor.java:163)
	at io.netty.util.concurrent.SingleThreadEventExecutor.runAllTasks(SingleThreadEventExecutor.java:404)
	at io.netty.channel.nio.NioEventLoop.run(NioEventLoop.java:463)
	at io.netty.util.concurrent.SingleThreadEventExecutor$5.run(SingleThreadEventExecutor.java:886)
	at io.netty.util.concurrent.FastThreadLocalRunnable.run(FastThreadLocalRunnable.java:30)
	at java.lang.Thread.run(Thread.java:748)
Caused by: java.net.BindException: Cannot assign requested address
	... 22 more
[32m[vert.x-eventloop-thread-25][0;39m-[1;31m[ERROR][0;39m-[36m[c.l.c.Verticle][0;39m Error with connect, Cannot assign requested address: /10.37.120.4:8123 
io.netty.channel.AbstractChannel$AnnotatedSocketException: Cannot assign requested address: /10.37.120.4:8123
	at sun.nio.ch.Net.connect0(Native Method)
	at sun.nio.ch.Net.connect(Net.java:454)
	at sun.nio.ch.Net.connect(Net.java:446)
	at sun.nio.ch.SocketChannelImpl.connect(SocketChannelImpl.java:648)
	at io.netty.util.internal.SocketUtils$3.run(SocketUtils.java:83)
	at io.netty.util.internal.SocketUtils$3.run(SocketUtils.java:80)
	at java.security.AccessController.doPrivileged(Native Method)
	at io.netty.util.internal.SocketUtils.connect(SocketUtils.java:80)
	at io.netty.channel.socket.nio.NioSocketChannel.doConnect(NioSocketChannel.java:310)
	at io.netty.channel.nio.AbstractNioChannel$AbstractNioUnsafe.connect(AbstractNioChannel.java:254)
	at io.netty.channel.DefaultChannelPipeline$HeadContext.connect(DefaultChannelPipeline.java:1291)
	at io.netty.channel.AbstractChannelHandlerContext.invokeConnect(AbstractChannelHandlerContext.java:545)
	at io.netty.channel.AbstractChannelHandlerContext.connect(AbstractChannelHandlerContext.java:530)
	at io.netty.channel.DefaultChannelPipeline.connect(DefaultChannelPipeline.java:1000)
	at io.netty.channel.AbstractChannel.connect(AbstractChannel.java:264)
	at io.netty.bootstrap.Bootstrap$3.run(Bootstrap.java:254)
	at io.netty.util.concurrent.AbstractEventExecutor.safeExecute(AbstractEventExecutor.java:163)
	at io.netty.util.concurrent.SingleThreadEventExecutor.runAllTasks(SingleThreadEventExecutor.java:404)
	at io.netty.channel.nio.NioEventLoop.run(NioEventLoop.java:463)
	at io.netty.util.concurrent.SingleThreadEventExecutor$5.run(SingleThreadEventExecutor.java:886)
	at io.netty.util.concurrent.FastThreadLocalRunnable.run(FastThreadLocalRunnable.java:30)
	at java.lang.Thread.run(Thread.java:748)
Caused by: java.net.BindException: Cannot assign requested address
	... 22 more
[32m[vert.x-eventloop-thread-26][0;39m-[1;31m[ERROR][0;39m-[36m[c.l.c.Verticle][0;39m Error with connect, Cannot assign requested address: /10.37.120.4:8123 
io.netty.channel.AbstractChannel$AnnotatedSocketException: Cannot assign requested address: /10.37.120.4:8123
	at sun.nio.ch.Net.connect0(Native Method)
	at sun.nio.ch.Net.connect(Net.java:454)
	at sun.nio.ch.Net.connect(Net.java:446)
	at sun.nio.ch.SocketChannelImpl.connect(SocketChannelImpl.java:648)
	at io.netty.util.internal.SocketUtils$3.run(SocketUtils.java:83)
	at io.netty.util.internal.SocketUtils$3.run(SocketUtils.java:80)
	at java.security.AccessController.doPrivileged(Native Method)
	at io.netty.util.internal.SocketUtils.connect(SocketUtils.java:80)
	at io.netty.channel.socket.nio.NioSocketChannel.doConnect(NioSocketChannel.java:310)
	at io.netty.channel.nio.AbstractNioChannel$AbstractNioUnsafe.connect(AbstractNioChannel.java:254)
	at io.netty.channel.DefaultChannelPipeline$HeadContext.connect(DefaultChannelPipeline.java:1291)
	at io.netty.channel.AbstractChannelHandlerContext.invokeConnect(AbstractChannelHandlerContext.java:545)
	at io.netty.channel.AbstractChannelHandlerContext.connect(AbstractChannelHandlerContext.java:530)
	at io.netty.channel.DefaultChannelPipeline.connect(DefaultChannelPipeline.java:1000)
	at io.netty.channel.AbstractChannel.connect(AbstractChannel.java:264)
	at io.netty.bootstrap.Bootstrap$3.run(Bootstrap.java:254)
	at io.netty.util.concurrent.AbstractEventExecutor.safeExecute(AbstractEventExecutor.java:163)
	at io.netty.util.concurrent.SingleThreadEventExecutor.runAllTasks(SingleThreadEventExecutor.java:404)
	at io.netty.channel.nio.NioEventLoop.run(NioEventLoop.java:463)
	at io.netty.util.concurrent.SingleThreadEventExecutor$5.run(SingleThreadEventExecutor.java:886)
	at io.netty.util.concurrent.FastThreadLocalRunnable.run(FastThreadLocalRunnable.java:30)
	at java.lang.Thread.run(Thread.java:748)
Caused by: java.net.BindException: Cannot assign requested address
	... 22 more
[32m[vert.x-eventloop-thread-27][0;39m-[1;31m[ERROR][0;39m-[36m[c.l.c.Verticle][0;39m Error with connect, Cannot assign requested address: /10.37.120.4:8123 
io.netty.channel.AbstractChannel$AnnotatedSocketException: Cannot assign requested address: /10.37.120.4:8123
	at sun.nio.ch.Net.connect0(Native Method)
	at sun.nio.ch.Net.connect(Net.java:454)
	at sun.nio.ch.Net.connect(Net.java:446)
	at sun.nio.ch.SocketChannelImpl.connect(SocketChannelImpl.java:648)
	at io.netty.util.internal.SocketUtils$3.run(SocketUtils.java:83)
	at io.netty.util.internal.SocketUtils$3.run(SocketUtils.java:80)
	at java.security.AccessController.doPrivileged(Native Method)
	at io.netty.util.internal.SocketUtils.connect(SocketUtils.java:80)
	at io.netty.channel.socket.nio.NioSocketChannel.doConnect(NioSocketChannel.java:310)
	at io.netty.channel.nio.AbstractNioChannel$AbstractNioUnsafe.connect(AbstractNioChannel.java:254)
	at io.netty.channel.DefaultChannelPipeline$HeadContext.connect(DefaultChannelPipeline.java:1291)
	at io.netty.channel.AbstractChannelHandlerContext.invokeConnect(AbstractChannelHandlerContext.java:545)
	at io.netty.channel.AbstractChannelHandlerContext.connect(AbstractChannelHandlerContext.java:530)
	at io.netty.channel.DefaultChannelPipeline.connect(DefaultChannelPipeline.java:1000)
	at io.netty.channel.AbstractChannel.connect(AbstractChannel.java:264)
	at io.netty.bootstrap.Bootstrap$3.run(Bootstrap.java:254)
	at io.netty.util.concurrent.AbstractEventExecutor.safeExecute(AbstractEventExecutor.java:163)
	at io.netty.util.concurrent.SingleThreadEventExecutor.runAllTasks(SingleThreadEventExecutor.java:404)
	at io.netty.channel.nio.NioEventLoop.run(NioEventLoop.java:463)
	at io.netty.util.concurrent.SingleThreadEventExecutor$5.run(SingleThreadEventExecutor.java:886)
	at io.netty.util.concurrent.FastThreadLocalRunnable.run(FastThreadLocalRunnable.java:30)
	at java.lang.Thread.run(Thread.java:748)
Caused by: java.net.BindException: Cannot assign requested address
	... 22 more
[32m[vert.x-eventloop-thread-28][0;39m-[1;31m[ERROR][0;39m-[36m[c.l.c.Verticle][0;39m Error with connect, Cannot assign requested address: /10.37.120.4:8123 
io.netty.channel.AbstractChannel$AnnotatedSocketException: Cannot assign requested address: /10.37.120.4:8123
	at sun.nio.ch.Net.connect0(Native Method)
	at sun.nio.ch.Net.connect(Net.java:454)
	at sun.nio.ch.Net.connect(Net.java:446)
	at sun.nio.ch.SocketChannelImpl.connect(SocketChannelImpl.java:648)
	at io.netty.util.internal.SocketUtils$3.run(SocketUtils.java:83)
	at io.netty.util.internal.SocketUtils$3.run(SocketUtils.java:80)
	at java.security.AccessController.doPrivileged(Native Method)
	at io.netty.util.internal.SocketUtils.connect(SocketUtils.java:80)
	at io.netty.channel.socket.nio.NioSocketChannel.doConnect(NioSocketChannel.java:310)
	at io.netty.channel.nio.AbstractNioChannel$AbstractNioUnsafe.connect(AbstractNioChannel.java:254)
	at io.netty.channel.DefaultChannelPipeline$HeadContext.connect(DefaultChannelPipeline.java:1291)
	at io.netty.channel.AbstractChannelHandlerContext.invokeConnect(AbstractChannelHandlerContext.java:545)
	at io.netty.channel.AbstractChannelHandlerContext.connect(AbstractChannelHandlerContext.java:530)
	at io.netty.channel.DefaultChannelPipeline.connect(DefaultChannelPipeline.java:1000)
	at io.netty.channel.AbstractChannel.connect(AbstractChannel.java:264)
	at io.netty.bootstrap.Bootstrap$3.run(Bootstrap.java:254)
	at io.netty.util.concurrent.AbstractEventExecutor.safeExecute(AbstractEventExecutor.java:163)
	at io.netty.util.concurrent.SingleThreadEventExecutor.runAllTasks(SingleThreadEventExecutor.java:404)
	at io.netty.channel.nio.NioEventLoop.run(NioEventLoop.java:463)
	at io.netty.util.concurrent.SingleThreadEventExecutor$5.run(SingleThreadEventExecutor.java:886)
	at io.netty.util.concurrent.FastThreadLocalRunnable.run(FastThreadLocalRunnable.java:30)
	at java.lang.Thread.run(Thread.java:748)
Caused by: java.net.BindException: Cannot assign requested address
	... 22 more
[32m[vert.x-eventloop-thread-29][0;39m-[1;31m[ERROR][0;39m-[36m[c.l.c.Verticle][0;39m Error with connect, Cannot assign requested address: /10.37.120.4:8123 
io.netty.channel.AbstractChannel$AnnotatedSocketException: Cannot assign requested address: /10.37.120.4:8123
	at sun.nio.ch.Net.connect0(Native Method)
	at sun.nio.ch.Net.connect(Net.java:454)
	at sun.nio.ch.Net.connect(Net.java:446)
	at sun.nio.ch.SocketChannelImpl.connect(SocketChannelImpl.java:648)
	at io.netty.util.internal.SocketUtils$3.run(SocketUtils.java:83)
	at io.netty.util.internal.SocketUtils$3.run(SocketUtils.java:80)
	at java.security.AccessController.doPrivileged(Native Method)
	at io.netty.util.internal.SocketUtils.connect(SocketUtils.java:80)
	at io.netty.channel.socket.nio.NioSocketChannel.doConnect(NioSocketChannel.java:310)
	at io.netty.channel.nio.AbstractNioChannel$AbstractNioUnsafe.connect(AbstractNioChannel.java:254)
	at io.netty.channel.DefaultChannelPipeline$HeadContext.connect(DefaultChannelPipeline.java:1291)
	at io.netty.channel.AbstractChannelHandlerContext.invokeConnect(AbstractChannelHandlerContext.java:545)
	at io.netty.channel.AbstractChannelHandlerContext.connect(AbstractChannelHandlerContext.java:530)
	at io.netty.channel.DefaultChannelPipeline.connect(DefaultChannelPipeline.java:1000)
	at io.netty.channel.AbstractChannel.connect(AbstractChannel.java:264)
	at io.netty.bootstrap.Bootstrap$3.run(Bootstrap.java:254)
	at io.netty.util.concurrent.AbstractEventExecutor.safeExecute(AbstractEventExecutor.java:163)
	at io.netty.util.concurrent.SingleThreadEventExecutor.runAllTasks(SingleThreadEventExecutor.java:404)
	at io.netty.channel.nio.NioEventLoop.run(NioEventLoop.java:463)
	at io.netty.util.concurrent.SingleThreadEventExecutor$5.run(SingleThreadEventExecutor.java:886)
	at io.netty.util.concurrent.FastThreadLocalRunnable.run(FastThreadLocalRunnable.java:30)
	at java.lang.Thread.run(Thread.java:748)
Caused by: java.net.BindException: Cannot assign requested address
	... 22 more
[32m[vert.x-eventloop-thread-30][0;39m-[1;31m[ERROR][0;39m-[36m[c.l.c.Verticle][0;39m Error with connect, Cannot assign requested address: /10.37.120.4:8123 
io.netty.channel.AbstractChannel$AnnotatedSocketException: Cannot assign requested address: /10.37.120.4:8123
	at sun.nio.ch.Net.connect0(Native Method)
	at sun.nio.ch.Net.connect(Net.java:454)
	at sun.nio.ch.Net.connect(Net.java:446)
	at sun.nio.ch.SocketChannelImpl.connect(SocketChannelImpl.java:648)
	at io.netty.util.internal.SocketUtils$3.run(SocketUtils.java:83)
	at io.netty.util.internal.SocketUtils$3.run(SocketUtils.java:80)
	at java.security.AccessController.doPrivileged(Native Method)
	at io.netty.util.internal.SocketUtils.connect(SocketUtils.java:80)
	at io.netty.channel.socket.nio.NioSocketChannel.doConnect(NioSocketChannel.java:310)
	at io.netty.channel.nio.AbstractNioChannel$AbstractNioUnsafe.connect(AbstractNioChannel.java:254)
	at io.netty.channel.DefaultChannelPipeline$HeadContext.connect(DefaultChannelPipeline.java:1291)
	at io.netty.channel.AbstractChannelHandlerContext.invokeConnect(AbstractChannelHandlerContext.java:545)
	at io.netty.channel.AbstractChannelHandlerContext.connect(AbstractChannelHandlerContext.java:530)
	at io.netty.channel.DefaultChannelPipeline.connect(DefaultChannelPipeline.java:1000)
	at io.netty.channel.AbstractChannel.connect(AbstractChannel.java:264)
	at io.netty.bootstrap.Bootstrap$3.run(Bootstrap.java:254)
	at io.netty.util.concurrent.AbstractEventExecutor.safeExecute(AbstractEventExecutor.java:163)
	at io.netty.util.concurrent.SingleThreadEventExecutor.runAllTasks(SingleThreadEventExecutor.java:404)
	at io.netty.channel.nio.NioEventLoop.run(NioEventLoop.java:463)
	at io.netty.util.concurrent.SingleThreadEventExecutor$5.run(SingleThreadEventExecutor.java:886)
	at io.netty.util.concurrent.FastThreadLocalRunnable.run(FastThreadLocalRunnable.java:30)
	at java.lang.Thread.run(Thread.java:748)
Caused by: java.net.BindException: Cannot assign requested address
	... 22 more
[32m[vert.x-eventloop-thread-31][0;39m-[1;31m[ERROR][0;39m-[36m[c.l.c.Verticle][0;39m Error with connect, Cannot assign requested address: /10.37.120.4:8123 
io.netty.channel.AbstractChannel$AnnotatedSocketException: Cannot assign requested address: /10.37.120.4:8123
	at sun.nio.ch.Net.connect0(Native Method)
	at sun.nio.ch.Net.connect(Net.java:454)
	at sun.nio.ch.Net.connect(Net.java:446)
	at sun.nio.ch.SocketChannelImpl.connect(SocketChannelImpl.java:648)
	at io.netty.util.internal.SocketUtils$3.run(SocketUtils.java:83)
	at io.netty.util.internal.SocketUtils$3.run(SocketUtils.java:80)
	at java.security.AccessController.doPrivileged(Native Method)
	at io.netty.util.internal.SocketUtils.connect(SocketUtils.java:80)
	at io.netty.channel.socket.nio.NioSocketChannel.doConnect(NioSocketChannel.java:310)
	at io.netty.channel.nio.AbstractNioChannel$AbstractNioUnsafe.connect(AbstractNioChannel.java:254)
	at io.netty.channel.DefaultChannelPipeline$HeadContext.connect(DefaultChannelPipeline.java:1291)
	at io.netty.channel.AbstractChannelHandlerContext.invokeConnect(AbstractChannelHandlerContext.java:545)
	at io.netty.channel.AbstractChannelHandlerContext.connect(AbstractChannelHandlerContext.java:530)
	at io.netty.channel.DefaultChannelPipeline.connect(DefaultChannelPipeline.java:1000)
	at io.netty.channel.AbstractChannel.connect(AbstractChannel.java:264)
	at io.netty.bootstrap.Bootstrap$3.run(Bootstrap.java:254)
	at io.netty.util.concurrent.AbstractEventExecutor.safeExecute(AbstractEventExecutor.java:163)
	at io.netty.util.concurrent.SingleThreadEventExecutor.runAllTasks(SingleThreadEventExecutor.java:404)
	at io.netty.channel.nio.NioEventLoop.run(NioEventLoop.java:463)
	at io.netty.util.concurrent.SingleThreadEventExecutor$5.run(SingleThreadEventExecutor.java:886)
	at io.netty.util.concurrent.FastThreadLocalRunnable.run(FastThreadLocalRunnable.java:30)
	at java.lang.Thread.run(Thread.java:748)
Caused by: java.net.BindException: Cannot assign requested address
	... 22 more
[32m[vert.x-eventloop-thread-32][0;39m-[1;31m[ERROR][0;39m-[36m[c.l.c.Verticle][0;39m Error with connect, Cannot assign requested address: /10.37.120.4:8123 
io.netty.channel.AbstractChannel$AnnotatedSocketException: Cannot assign requested address: /10.37.120.4:8123
	at sun.nio.ch.Net.connect0(Native Method)
	at sun.nio.ch.Net.connect(Net.java:454)
	at sun.nio.ch.Net.connect(Net.java:446)
	at sun.nio.ch.SocketChannelImpl.connect(SocketChannelImpl.java:648)
	at io.netty.util.internal.SocketUtils$3.run(SocketUtils.java:83)
	at io.netty.util.internal.SocketUtils$3.run(SocketUtils.java:80)
	at java.security.AccessController.doPrivileged(Native Method)
	at io.netty.util.internal.SocketUtils.connect(SocketUtils.java:80)
	at io.netty.channel.socket.nio.NioSocketChannel.doConnect(NioSocketChannel.java:310)
	at io.netty.channel.nio.AbstractNioChannel$AbstractNioUnsafe.connect(AbstractNioChannel.java:254)
	at io.netty.channel.DefaultChannelPipeline$HeadContext.connect(DefaultChannelPipeline.java:1291)
	at io.netty.channel.AbstractChannelHandlerContext.invokeConnect(AbstractChannelHandlerContext.java:545)
	at io.netty.channel.AbstractChannelHandlerContext.connect(AbstractChannelHandlerContext.java:530)
	at io.netty.channel.DefaultChannelPipeline.connect(DefaultChannelPipeline.java:1000)
	at io.netty.channel.AbstractChannel.connect(AbstractChannel.java:264)
	at io.netty.bootstrap.Bootstrap$3.run(Bootstrap.java:254)
	at io.netty.util.concurrent.AbstractEventExecutor.safeExecute(AbstractEventExecutor.java:163)
	at io.netty.util.concurrent.SingleThreadEventExecutor.runAllTasks(SingleThreadEventExecutor.java:404)
	at io.netty.channel.nio.NioEventLoop.run(NioEventLoop.java:463)
	at io.netty.util.concurrent.SingleThreadEventExecutor$5.run(SingleThreadEventExecutor.java:886)
	at io.netty.util.concurrent.FastThreadLocalRunnable.run(FastThreadLocalRunnable.java:30)
	at java.lang.Thread.run(Thread.java:748)
Caused by: java.net.BindException: Cannot assign requested address
	... 22 more
[32m[vert.x-eventloop-thread-33][0;39m-[1;31m[ERROR][0;39m-[36m[c.l.c.Verticle][0;39m Error with connect, Cannot assign requested address: /10.37.120.4:8123 
io.netty.channel.AbstractChannel$AnnotatedSocketException: Cannot assign requested address: /10.37.120.4:8123
	at sun.nio.ch.Net.connect0(Native Method)
	at sun.nio.ch.Net.connect(Net.java:454)
	at sun.nio.ch.Net.connect(Net.java:446)
	at sun.nio.ch.SocketChannelImpl.connect(SocketChannelImpl.java:648)
	at io.netty.util.internal.SocketUtils$3.run(SocketUtils.java:83)
	at io.netty.util.internal.SocketUtils$3.run(SocketUtils.java:80)
	at java.security.AccessController.doPrivileged(Native Method)
	at io.netty.util.internal.SocketUtils.connect(SocketUtils.java:80)
	at io.netty.channel.socket.nio.NioSocketChannel.doConnect(NioSocketChannel.java:310)
	at io.netty.channel.nio.AbstractNioChannel$AbstractNioUnsafe.connect(AbstractNioChannel.java:254)
	at io.netty.channel.DefaultChannelPipeline$HeadContext.connect(DefaultChannelPipeline.java:1291)
	at io.netty.channel.AbstractChannelHandlerContext.invokeConnect(AbstractChannelHandlerContext.java:545)
	at io.netty.channel.AbstractChannelHandlerContext.connect(AbstractChannelHandlerContext.java:530)
	at io.netty.channel.DefaultChannelPipeline.connect(DefaultChannelPipeline.java:1000)
	at io.netty.channel.AbstractChannel.connect(AbstractChannel.java:264)
	at io.netty.bootstrap.Bootstrap$3.run(Bootstrap.java:254)
	at io.netty.util.concurrent.AbstractEventExecutor.safeExecute(AbstractEventExecutor.java:163)
	at io.netty.util.concurrent.SingleThreadEventExecutor.runAllTasks(SingleThreadEventExecutor.java:404)
	at io.netty.channel.nio.NioEventLoop.run(NioEventLoop.java:463)
	at io.netty.util.concurrent.SingleThreadEventExecutor$5.run(SingleThreadEventExecutor.java:886)
	at io.netty.util.concurrent.FastThreadLocalRunnable.run(FastThreadLocalRunnable.java:30)
	at java.lang.Thread.run(Thread.java:748)
Caused by: java.net.BindException: Cannot assign requested address
	... 22 more
[32m[vert.x-eventloop-thread-34][0;39m-[1;31m[ERROR][0;39m-[36m[c.l.c.Verticle][0;39m Error with connect, Cannot assign requested address: /10.37.120.4:8123 
io.netty.channel.AbstractChannel$AnnotatedSocketException: Cannot assign requested address: /10.37.120.4:8123
	at sun.nio.ch.Net.connect0(Native Method)
	at sun.nio.ch.Net.connect(Net.java:454)
	at sun.nio.ch.Net.connect(Net.java:446)
	at sun.nio.ch.SocketChannelImpl.connect(SocketChannelImpl.java:648)
	at io.netty.util.internal.SocketUtils$3.run(SocketUtils.java:83)
	at io.netty.util.internal.SocketUtils$3.run(SocketUtils.java:80)
	at java.security.AccessController.doPrivileged(Native Method)
	at io.netty.util.internal.SocketUtils.connect(SocketUtils.java:80)
	at io.netty.channel.socket.nio.NioSocketChannel.doConnect(NioSocketChannel.java:310)
	at io.netty.channel.nio.AbstractNioChannel$AbstractNioUnsafe.connect(AbstractNioChannel.java:254)
	at io.netty.channel.DefaultChannelPipeline$HeadContext.connect(DefaultChannelPipeline.java:1291)
	at io.netty.channel.AbstractChannelHandlerContext.invokeConnect(AbstractChannelHandlerContext.java:545)
	at io.netty.channel.AbstractChannelHandlerContext.connect(AbstractChannelHandlerContext.java:530)
	at io.netty.channel.DefaultChannelPipeline.connect(DefaultChannelPipeline.java:1000)
	at io.netty.channel.AbstractChannel.connect(AbstractChannel.java:264)
	at io.netty.bootstrap.Bootstrap$3.run(Bootstrap.java:254)
	at io.netty.util.concurrent.AbstractEventExecutor.safeExecute(AbstractEventExecutor.java:163)
	at io.netty.util.concurrent.SingleThreadEventExecutor.runAllTasks(SingleThreadEventExecutor.java:404)
	at io.netty.channel.nio.NioEventLoop.run(NioEventLoop.java:463)
	at io.netty.util.concurrent.SingleThreadEventExecutor$5.run(SingleThreadEventExecutor.java:886)
	at io.netty.util.concurrent.FastThreadLocalRunnable.run(FastThreadLocalRunnable.java:30)
	at java.lang.Thread.run(Thread.java:748)
Caused by: java.net.BindException: Cannot assign requested address
	... 22 more
[32m[vert.x-eventloop-thread-35][0;39m-[1;31m[ERROR][0;39m-[36m[c.l.c.Verticle][0;39m Error with connect, Cannot assign requested address: /10.37.120.4:8123 
io.netty.channel.AbstractChannel$AnnotatedSocketException: Cannot assign requested address: /10.37.120.4:8123
	at sun.nio.ch.Net.connect0(Native Method)
	at sun.nio.ch.Net.connect(Net.java:454)
	at sun.nio.ch.Net.connect(Net.java:446)
	at sun.nio.ch.SocketChannelImpl.connect(SocketChannelImpl.java:648)
	at io.netty.util.internal.SocketUtils$3.run(SocketUtils.java:83)
	at io.netty.util.internal.SocketUtils$3.run(SocketUtils.java:80)
	at java.security.AccessController.doPrivileged(Native Method)
	at io.netty.util.internal.SocketUtils.connect(SocketUtils.java:80)
	at io.netty.channel.socket.nio.NioSocketChannel.doConnect(NioSocketChannel.java:310)
	at io.netty.channel.nio.AbstractNioChannel$AbstractNioUnsafe.connect(AbstractNioChannel.java:254)
	at io.netty.channel.DefaultChannelPipeline$HeadContext.connect(DefaultChannelPipeline.java:1291)
	at io.netty.channel.AbstractChannelHandlerContext.invokeConnect(AbstractChannelHandlerContext.java:545)
	at io.netty.channel.AbstractChannelHandlerContext.connect(AbstractChannelHandlerContext.java:530)
	at io.netty.channel.DefaultChannelPipeline.connect(DefaultChannelPipeline.java:1000)
	at io.netty.channel.AbstractChannel.connect(AbstractChannel.java:264)
	at io.netty.bootstrap.Bootstrap$3.run(Bootstrap.java:254)
	at io.netty.util.concurrent.AbstractEventExecutor.safeExecute(AbstractEventExecutor.java:163)
	at io.netty.util.concurrent.SingleThreadEventExecutor.runAllTasks(SingleThreadEventExecutor.java:404)
	at io.netty.channel.nio.NioEventLoop.run(NioEventLoop.java:463)
	at io.netty.util.concurrent.SingleThreadEventExecutor$5.run(SingleThreadEventExecutor.java:886)
	at io.netty.util.concurrent.FastThreadLocalRunnable.run(FastThreadLocalRunnable.java:30)
	at java.lang.Thread.run(Thread.java:748)
Caused by: java.net.BindException: Cannot assign requested address
	... 22 more
[32m[vert.x-eventloop-thread-36][0;39m-[1;31m[ERROR][0;39m-[36m[c.l.c.Verticle][0;39m Error with connect, Cannot assign requested address: /10.37.120.4:8123 
io.netty.channel.AbstractChannel$AnnotatedSocketException: Cannot assign requested address: /10.37.120.4:8123
	at sun.nio.ch.Net.connect0(Native Method)
	at sun.nio.ch.Net.connect(Net.java:454)
	at sun.nio.ch.Net.connect(Net.java:446)
	at sun.nio.ch.SocketChannelImpl.connect(SocketChannelImpl.java:648)
	at io.netty.util.internal.SocketUtils$3.run(SocketUtils.java:83)
	at io.netty.util.internal.SocketUtils$3.run(SocketUtils.java:80)
	at java.security.AccessController.doPrivileged(Native Method)
	at io.netty.util.internal.SocketUtils.connect(SocketUtils.java:80)
	at io.netty.channel.socket.nio.NioSocketChannel.doConnect(NioSocketChannel.java:310)
	at io.netty.channel.nio.AbstractNioChannel$AbstractNioUnsafe.connect(AbstractNioChannel.java:254)
	at io.netty.channel.DefaultChannelPipeline$HeadContext.connect(DefaultChannelPipeline.java:1291)
	at io.netty.channel.AbstractChannelHandlerContext.invokeConnect(AbstractChannelHandlerContext.java:545)
	at io.netty.channel.AbstractChannelHandlerContext.connect(AbstractChannelHandlerContext.java:530)
	at io.netty.channel.DefaultChannelPipeline.connect(DefaultChannelPipeline.java:1000)
	at io.netty.channel.AbstractChannel.connect(AbstractChannel.java:264)
	at io.netty.bootstrap.Bootstrap$3.run(Bootstrap.java:254)
	at io.netty.util.concurrent.AbstractEventExecutor.safeExecute(AbstractEventExecutor.java:163)
	at io.netty.util.concurrent.SingleThreadEventExecutor.runAllTasks(SingleThreadEventExecutor.java:404)
	at io.netty.channel.nio.NioEventLoop.run(NioEventLoop.java:463)
	at io.netty.util.concurrent.SingleThreadEventExecutor$5.run(SingleThreadEventExecutor.java:886)
	at io.netty.util.concurrent.FastThreadLocalRunnable.run(FastThreadLocalRunnable.java:30)
	at java.lang.Thread.run(Thread.java:748)
Caused by: java.net.BindException: Cannot assign requested address
	... 22 more
[32m[vert.x-eventloop-thread-37][0;39m-[1;31m[ERROR][0;39m-[36m[c.l.c.Verticle][0;39m Error with connect, Cannot assign requested address: /10.37.120.4:8123 
io.netty.channel.AbstractChannel$AnnotatedSocketException: Cannot assign requested address: /10.37.120.4:8123
	at sun.nio.ch.Net.connect0(Native Method)
	at sun.nio.ch.Net.connect(Net.java:454)
	at sun.nio.ch.Net.connect(Net.java:446)
	at sun.nio.ch.SocketChannelImpl.connect(SocketChannelImpl.java:648)
	at io.netty.util.internal.SocketUtils$3.run(SocketUtils.java:83)
	at io.netty.util.internal.SocketUtils$3.run(SocketUtils.java:80)
	at java.security.AccessController.doPrivileged(Native Method)
	at io.netty.util.internal.SocketUtils.connect(SocketUtils.java:80)
	at io.netty.channel.socket.nio.NioSocketChannel.doConnect(NioSocketChannel.java:310)
	at io.netty.channel.nio.AbstractNioChannel$AbstractNioUnsafe.connect(AbstractNioChannel.java:254)
	at io.netty.channel.DefaultChannelPipeline$HeadContext.connect(DefaultChannelPipeline.java:1291)
	at io.netty.channel.AbstractChannelHandlerContext.invokeConnect(AbstractChannelHandlerContext.java:545)
	at io.netty.channel.AbstractChannelHandlerContext.connect(AbstractChannelHandlerContext.java:530)
	at io.netty.channel.DefaultChannelPipeline.connect(DefaultChannelPipeline.java:1000)
	at io.netty.channel.AbstractChannel.connect(AbstractChannel.java:264)
	at io.netty.bootstrap.Bootstrap$3.run(Bootstrap.java:254)
	at io.netty.util.concurrent.AbstractEventExecutor.safeExecute(AbstractEventExecutor.java:163)
	at io.netty.util.concurrent.SingleThreadEventExecutor.runAllTasks(SingleThreadEventExecutor.java:404)
	at io.netty.channel.nio.NioEventLoop.run(NioEventLoop.java:463)
	at io.netty.util.concurrent.SingleThreadEventExecutor$5.run(SingleThreadEventExecutor.java:886)
	at io.netty.util.concurrent.FastThreadLocalRunnable.run(FastThreadLocalRunnable.java:30)
	at java.lang.Thread.run(Thread.java:748)
Caused by: java.net.BindException: Cannot assign requested address
	... 22 more
[32m[vert.x-eventloop-thread-38][0;39m-[1;31m[ERROR][0;39m-[36m[c.l.c.Verticle][0;39m Error with connect, Cannot assign requested address: /10.37.120.4:8123 
io.netty.channel.AbstractChannel$AnnotatedSocketException: Cannot assign requested address: /10.37.120.4:8123
	at sun.nio.ch.Net.connect0(Native Method)
	at sun.nio.ch.Net.connect(Net.java:454)
	at sun.nio.ch.Net.connect(Net.java:446)
	at sun.nio.ch.SocketChannelImpl.connect(SocketChannelImpl.java:648)
	at io.netty.util.internal.SocketUtils$3.run(SocketUtils.java:83)
	at io.netty.util.internal.SocketUtils$3.run(SocketUtils.java:80)
	at java.security.AccessController.doPrivileged(Native Method)
	at io.netty.util.internal.SocketUtils.connect(SocketUtils.java:80)
	at io.netty.channel.socket.nio.NioSocketChannel.doConnect(NioSocketChannel.java:310)
	at io.netty.channel.nio.AbstractNioChannel$AbstractNioUnsafe.connect(AbstractNioChannel.java:254)
	at io.netty.channel.DefaultChannelPipeline$HeadContext.connect(DefaultChannelPipeline.java:1291)
	at io.netty.channel.AbstractChannelHandlerContext.invokeConnect(AbstractChannelHandlerContext.java:545)
	at io.netty.channel.AbstractChannelHandlerContext.connect(AbstractChannelHandlerContext.java:530)
	at io.netty.channel.DefaultChannelPipeline.connect(DefaultChannelPipeline.java:1000)
	at io.netty.channel.AbstractChannel.connect(AbstractChannel.java:264)
	at io.netty.bootstrap.Bootstrap$3.run(Bootstrap.java:254)
	at io.netty.util.concurrent.AbstractEventExecutor.safeExecute(AbstractEventExecutor.java:163)
	at io.netty.util.concurrent.SingleThreadEventExecutor.runAllTasks(SingleThreadEventExecutor.java:404)
	at io.netty.channel.nio.NioEventLoop.run(NioEventLoop.java:463)
	at io.netty.util.concurrent.SingleThreadEventExecutor$5.run(SingleThreadEventExecutor.java:886)
	at io.netty.util.concurrent.FastThreadLocalRunnable.run(FastThreadLocalRunnable.java:30)
	at java.lang.Thread.run(Thread.java:748)
Caused by: java.net.BindException: Cannot assign requested address
	... 22 more
[32m[vert.x-eventloop-thread-39][0;39m-[1;31m[ERROR][0;39m-[36m[c.l.c.Verticle][0;39m Error with connect, Cannot assign requested address: /10.37.120.4:8123 
io.netty.channel.AbstractChannel$AnnotatedSocketException: Cannot assign requested address: /10.37.120.4:8123
	at sun.nio.ch.Net.connect0(Native Method)
	at sun.nio.ch.Net.connect(Net.java:454)
	at sun.nio.ch.Net.connect(Net.java:446)
	at sun.nio.ch.SocketChannelImpl.connect(SocketChannelImpl.java:648)
	at io.netty.util.internal.SocketUtils$3.run(SocketUtils.java:83)
	at io.netty.util.internal.SocketUtils$3.run(SocketUtils.java:80)
	at java.security.AccessController.doPrivileged(Native Method)
	at io.netty.util.internal.SocketUtils.connect(SocketUtils.java:80)
	at io.netty.channel.socket.nio.NioSocketChannel.doConnect(NioSocketChannel.java:310)
	at io.netty.channel.nio.AbstractNioChannel$AbstractNioUnsafe.connect(AbstractNioChannel.java:254)
	at io.netty.channel.DefaultChannelPipeline$HeadContext.connect(DefaultChannelPipeline.java:1291)
	at io.netty.channel.AbstractChannelHandlerContext.invokeConnect(AbstractChannelHandlerContext.java:545)
	at io.netty.channel.AbstractChannelHandlerContext.connect(AbstractChannelHandlerContext.java:530)
	at io.netty.channel.DefaultChannelPipeline.connect(DefaultChannelPipeline.java:1000)
	at io.netty.channel.AbstractChannel.connect(AbstractChannel.java:264)
	at io.netty.bootstrap.Bootstrap$3.run(Bootstrap.java:254)
	at io.netty.util.concurrent.AbstractEventExecutor.safeExecute(AbstractEventExecutor.java:163)
	at io.netty.util.concurrent.SingleThreadEventExecutor.runAllTasks(SingleThreadEventExecutor.java:404)
	at io.netty.channel.nio.NioEventLoop.run(NioEventLoop.java:463)
	at io.netty.util.concurrent.SingleThreadEventExecutor$5.run(SingleThreadEventExecutor.java:886)
	at io.netty.util.concurrent.FastThreadLocalRunnable.run(FastThreadLocalRunnable.java:30)
	at java.lang.Thread.run(Thread.java:748)
Caused by: java.net.BindException: Cannot assign requested address
	... 22 more
[32m[vert.x-eventloop-thread-40][0;39m-[1;31m[ERROR][0;39m-[36m[c.l.c.Verticle][0;39m Error with connect, Cannot assign requested address: /10.37.120.4:8123 
io.netty.channel.AbstractChannel$AnnotatedSocketException: Cannot assign requested address: /10.37.120.4:8123
	at sun.nio.ch.Net.connect0(Native Method)
	at sun.nio.ch.Net.connect(Net.java:454)
	at sun.nio.ch.Net.connect(Net.java:446)
	at sun.nio.ch.SocketChannelImpl.connect(SocketChannelImpl.java:648)
	at io.netty.util.internal.SocketUtils$3.run(SocketUtils.java:83)
	at io.netty.util.internal.SocketUtils$3.run(SocketUtils.java:80)
	at java.security.AccessController.doPrivileged(Native Method)
	at io.netty.util.internal.SocketUtils.connect(SocketUtils.java:80)
	at io.netty.channel.socket.nio.NioSocketChannel.doConnect(NioSocketChannel.java:310)
	at io.netty.channel.nio.AbstractNioChannel$AbstractNioUnsafe.connect(AbstractNioChannel.java:254)
	at io.netty.channel.DefaultChannelPipeline$HeadContext.connect(DefaultChannelPipeline.java:1291)
	at io.netty.channel.AbstractChannelHandlerContext.invokeConnect(AbstractChannelHandlerContext.java:545)
	at io.netty.channel.AbstractChannelHandlerContext.connect(AbstractChannelHandlerContext.java:530)
	at io.netty.channel.DefaultChannelPipeline.connect(DefaultChannelPipeline.java:1000)
	at io.netty.channel.AbstractChannel.connect(AbstractChannel.java:264)
	at io.netty.bootstrap.Bootstrap$3.run(Bootstrap.java:254)
	at io.netty.util.concurrent.AbstractEventExecutor.safeExecute(AbstractEventExecutor.java:163)
	at io.netty.util.concurrent.SingleThreadEventExecutor.runAllTasks(SingleThreadEventExecutor.java:404)
	at io.netty.channel.nio.NioEventLoop.run(NioEventLoop.java:463)
	at io.netty.util.concurrent.SingleThreadEventExecutor$5.run(SingleThreadEventExecutor.java:886)
	at io.netty.util.concurrent.FastThreadLocalRunnable.run(FastThreadLocalRunnable.java:30)
	at java.lang.Thread.run(Thread.java:748)
Caused by: java.net.BindException: Cannot assign requested address
	... 22 more
[32m[vert.x-eventloop-thread-41][0;39m-[1;31m[ERROR][0;39m-[36m[c.l.c.Verticle][0;39m Error with connect, Cannot assign requested address: /10.37.120.4:8123 
io.netty.channel.AbstractChannel$AnnotatedSocketException: Cannot assign requested address: /10.37.120.4:8123
	at sun.nio.ch.Net.connect0(Native Method)
	at sun.nio.ch.Net.connect(Net.java:454)
	at sun.nio.ch.Net.connect(Net.java:446)
	at sun.nio.ch.SocketChannelImpl.connect(SocketChannelImpl.java:648)
	at io.netty.util.internal.SocketUtils$3.run(SocketUtils.java:83)
	at io.netty.util.internal.SocketUtils$3.run(SocketUtils.java:80)
	at java.security.AccessController.doPrivileged(Native Method)
	at io.netty.util.internal.SocketUtils.connect(SocketUtils.java:80)
	at io.netty.channel.socket.nio.NioSocketChannel.doConnect(NioSocketChannel.java:310)
	at io.netty.channel.nio.AbstractNioChannel$AbstractNioUnsafe.connect(AbstractNioChannel.java:254)
	at io.netty.channel.DefaultChannelPipeline$HeadContext.connect(DefaultChannelPipeline.java:1291)
	at io.netty.channel.AbstractChannelHandlerContext.invokeConnect(AbstractChannelHandlerContext.java:545)
	at io.netty.channel.AbstractChannelHandlerContext.connect(AbstractChannelHandlerContext.java:530)
	at io.netty.channel.DefaultChannelPipeline.connect(DefaultChannelPipeline.java:1000)
	at io.netty.channel.AbstractChannel.connect(AbstractChannel.java:264)
	at io.netty.bootstrap.Bootstrap$3.run(Bootstrap.java:254)
	at io.netty.util.concurrent.AbstractEventExecutor.safeExecute(AbstractEventExecutor.java:163)
	at io.netty.util.concurrent.SingleThreadEventExecutor.runAllTasks(SingleThreadEventExecutor.java:404)
	at io.netty.channel.nio.NioEventLoop.run(NioEventLoop.java:463)
	at io.netty.util.concurrent.SingleThreadEventExecutor$5.run(SingleThreadEventExecutor.java:886)
	at io.netty.util.concurrent.FastThreadLocalRunnable.run(FastThreadLocalRunnable.java:30)
	at java.lang.Thread.run(Thread.java:748)
Caused by: java.net.BindException: Cannot assign requested address
	... 22 more
[32m[vert.x-eventloop-thread-42][0;39m-[1;31m[ERROR][0;39m-[36m[c.l.c.Verticle][0;39m Error with connect, Cannot assign requested address: /10.37.120.4:8123 
io.netty.channel.AbstractChannel$AnnotatedSocketException: Cannot assign requested address: /10.37.120.4:8123
	at sun.nio.ch.Net.connect0(Native Method)
	at sun.nio.ch.Net.connect(Net.java:454)
	at sun.nio.ch.Net.connect(Net.java:446)
	at sun.nio.ch.SocketChannelImpl.connect(SocketChannelImpl.java:648)
	at io.netty.util.internal.SocketUtils$3.run(SocketUtils.java:83)
	at io.netty.util.internal.SocketUtils$3.run(SocketUtils.java:80)
	at java.security.AccessController.doPrivileged(Native Method)
	at io.netty.util.internal.SocketUtils.connect(SocketUtils.java:80)
	at io.netty.channel.socket.nio.NioSocketChannel.doConnect(NioSocketChannel.java:310)
	at io.netty.channel.nio.AbstractNioChannel$AbstractNioUnsafe.connect(AbstractNioChannel.java:254)
	at io.netty.channel.DefaultChannelPipeline$HeadContext.connect(DefaultChannelPipeline.java:1291)
	at io.netty.channel.AbstractChannelHandlerContext.invokeConnect(AbstractChannelHandlerContext.java:545)
	at io.netty.channel.AbstractChannelHandlerContext.connect(AbstractChannelHandlerContext.java:530)
	at io.netty.channel.DefaultChannelPipeline.connect(DefaultChannelPipeline.java:1000)
	at io.netty.channel.AbstractChannel.connect(AbstractChannel.java:264)
	at io.netty.bootstrap.Bootstrap$3.run(Bootstrap.java:254)
	at io.netty.util.concurrent.AbstractEventExecutor.safeExecute(AbstractEventExecutor.java:163)
	at io.netty.util.concurrent.SingleThreadEventExecutor.runAllTasks(SingleThreadEventExecutor.java:404)
	at io.netty.channel.nio.NioEventLoop.run(NioEventLoop.java:463)
	at io.netty.util.concurrent.SingleThreadEventExecutor$5.run(SingleThreadEventExecutor.java:886)
	at io.netty.util.concurrent.FastThreadLocalRunnable.run(FastThreadLocalRunnable.java:30)
	at java.lang.Thread.run(Thread.java:748)
Caused by: java.net.BindException: Cannot assign requested address
	... 22 more
[32m[vert.x-eventloop-thread-43][0;39m-[1;31m[ERROR][0;39m-[36m[c.l.c.Verticle][0;39m Error with connect, Cannot assign requested address: /10.37.120.4:8123 
io.netty.channel.AbstractChannel$AnnotatedSocketException: Cannot assign requested address: /10.37.120.4:8123
	at sun.nio.ch.Net.connect0(Native Method)
	at sun.nio.ch.Net.connect(Net.java:454)
	at sun.nio.ch.Net.connect(Net.java:446)
	at sun.nio.ch.SocketChannelImpl.connect(SocketChannelImpl.java:648)
	at io.netty.util.internal.SocketUtils$3.run(SocketUtils.java:83)
	at io.netty.util.internal.SocketUtils$3.run(SocketUtils.java:80)
	at java.security.AccessController.doPrivileged(Native Method)
	at io.netty.util.internal.SocketUtils.connect(SocketUtils.java:80)
	at io.netty.channel.socket.nio.NioSocketChannel.doConnect(NioSocketChannel.java:310)
	at io.netty.channel.nio.AbstractNioChannel$AbstractNioUnsafe.connect(AbstractNioChannel.java:254)
	at io.netty.channel.DefaultChannelPipeline$HeadContext.connect(DefaultChannelPipeline.java:1291)
	at io.netty.channel.AbstractChannelHandlerContext.invokeConnect(AbstractChannelHandlerContext.java:545)
	at io.netty.channel.AbstractChannelHandlerContext.connect(AbstractChannelHandlerContext.java:530)
	at io.netty.channel.DefaultChannelPipeline.connect(DefaultChannelPipeline.java:1000)
	at io.netty.channel.AbstractChannel.connect(AbstractChannel.java:264)
	at io.netty.bootstrap.Bootstrap$3.run(Bootstrap.java:254)
	at io.netty.util.concurrent.AbstractEventExecutor.safeExecute(AbstractEventExecutor.java:163)
	at io.netty.util.concurrent.SingleThreadEventExecutor.runAllTasks(SingleThreadEventExecutor.java:404)
	at io.netty.channel.nio.NioEventLoop.run(NioEventLoop.java:463)
	at io.netty.util.concurrent.SingleThreadEventExecutor$5.run(SingleThreadEventExecutor.java:886)
	at io.netty.util.concurrent.FastThreadLocalRunnable.run(FastThreadLocalRunnable.java:30)
	at java.lang.Thread.run(Thread.java:748)
Caused by: java.net.BindException: Cannot assign requested address
	... 22 more
[32m[vert.x-eventloop-thread-44][0;39m-[1;31m[ERROR][0;39m-[36m[c.l.c.Verticle][0;39m Error with connect, Cannot assign requested address: /10.37.120.4:8123 
io.netty.channel.AbstractChannel$AnnotatedSocketException: Cannot assign requested address: /10.37.120.4:8123
	at sun.nio.ch.Net.connect0(Native Method)
	at sun.nio.ch.Net.connect(Net.java:454)
	at sun.nio.ch.Net.connect(Net.java:446)
	at sun.nio.ch.SocketChannelImpl.connect(SocketChannelImpl.java:648)
	at io.netty.util.internal.SocketUtils$3.run(SocketUtils.java:83)
	at io.netty.util.internal.SocketUtils$3.run(SocketUtils.java:80)
	at java.security.AccessController.doPrivileged(Native Method)
	at io.netty.util.internal.SocketUtils.connect(SocketUtils.java:80)
	at io.netty.channel.socket.nio.NioSocketChannel.doConnect(NioSocketChannel.java:310)
	at io.netty.channel.nio.AbstractNioChannel$AbstractNioUnsafe.connect(AbstractNioChannel.java:254)
	at io.netty.channel.DefaultChannelPipeline$HeadContext.connect(DefaultChannelPipeline.java:1291)
	at io.netty.channel.AbstractChannelHandlerContext.invokeConnect(AbstractChannelHandlerContext.java:545)
	at io.netty.channel.AbstractChannelHandlerContext.connect(AbstractChannelHandlerContext.java:530)
	at io.netty.channel.DefaultChannelPipeline.connect(DefaultChannelPipeline.java:1000)
	at io.netty.channel.AbstractChannel.connect(AbstractChannel.java:264)
	at io.netty.bootstrap.Bootstrap$3.run(Bootstrap.java:254)
	at io.netty.util.concurrent.AbstractEventExecutor.safeExecute(AbstractEventExecutor.java:163)
	at io.netty.util.concurrent.SingleThreadEventExecutor.runAllTasks(SingleThreadEventExecutor.java:404)
	at io.netty.channel.nio.NioEventLoop.run(NioEventLoop.java:463)
	at io.netty.util.concurrent.SingleThreadEventExecutor$5.run(SingleThreadEventExecutor.java:886)
	at io.netty.util.concurrent.FastThreadLocalRunnable.run(FastThreadLocalRunnable.java:30)
	at java.lang.Thread.run(Thread.java:748)
Caused by: java.net.BindException: Cannot assign requested address
	... 22 more
[32m[vert.x-eventloop-thread-45][0;39m-[1;31m[ERROR][0;39m-[36m[c.l.c.Verticle][0;39m Error with connect, Cannot assign requested address: /10.37.120.4:8123 
io.netty.channel.AbstractChannel$AnnotatedSocketException: Cannot assign requested address: /10.37.120.4:8123
	at sun.nio.ch.Net.connect0(Native Method)
	at sun.nio.ch.Net.connect(Net.java:454)
	at sun.nio.ch.Net.connect(Net.java:446)
	at sun.nio.ch.SocketChannelImpl.connect(SocketChannelImpl.java:648)
	at io.netty.util.internal.SocketUtils$3.run(SocketUtils.java:83)
	at io.netty.util.internal.SocketUtils$3.run(SocketUtils.java:80)
	at java.security.AccessController.doPrivileged(Native Method)
	at io.netty.util.internal.SocketUtils.connect(SocketUtils.java:80)
	at io.netty.channel.socket.nio.NioSocketChannel.doConnect(NioSocketChannel.java:310)
	at io.netty.channel.nio.AbstractNioChannel$AbstractNioUnsafe.connect(AbstractNioChannel.java:254)
	at io.netty.channel.DefaultChannelPipeline$HeadContext.connect(DefaultChannelPipeline.java:1291)
	at io.netty.channel.AbstractChannelHandlerContext.invokeConnect(AbstractChannelHandlerContext.java:545)
	at io.netty.channel.AbstractChannelHandlerContext.connect(AbstractChannelHandlerContext.java:530)
	at io.netty.channel.DefaultChannelPipeline.connect(DefaultChannelPipeline.java:1000)
	at io.netty.channel.AbstractChannel.connect(AbstractChannel.java:264)
	at io.netty.bootstrap.Bootstrap$3.run(Bootstrap.java:254)
	at io.netty.util.concurrent.AbstractEventExecutor.safeExecute(AbstractEventExecutor.java:163)
	at io.netty.util.concurrent.SingleThreadEventExecutor.runAllTasks(SingleThreadEventExecutor.java:404)
	at io.netty.channel.nio.NioEventLoop.run(NioEventLoop.java:463)
	at io.netty.util.concurrent.SingleThreadEventExecutor$5.run(SingleThreadEventExecutor.java:886)
	at io.netty.util.concurrent.FastThreadLocalRunnable.run(FastThreadLocalRunnable.java:30)
	at java.lang.Thread.run(Thread.java:748)
Caused by: java.net.BindException: Cannot assign requested address
	... 22 more
[32m[vert.x-eventloop-thread-46][0;39m-[1;31m[ERROR][0;39m-[36m[c.l.c.Verticle][0;39m Error with connect, Cannot assign requested address: /10.37.120.4:8123 
io.netty.channel.AbstractChannel$AnnotatedSocketException: Cannot assign requested address: /10.37.120.4:8123
	at sun.nio.ch.Net.connect0(Native Method)
	at sun.nio.ch.Net.connect(Net.java:454)
	at sun.nio.ch.Net.connect(Net.java:446)
	at sun.nio.ch.SocketChannelImpl.connect(SocketChannelImpl.java:648)
	at io.netty.util.internal.SocketUtils$3.run(SocketUtils.java:83)
	at io.netty.util.internal.SocketUtils$3.run(SocketUtils.java:80)
	at java.security.AccessController.doPrivileged(Native Method)
	at io.netty.util.internal.SocketUtils.connect(SocketUtils.java:80)
	at io.netty.channel.socket.nio.NioSocketChannel.doConnect(NioSocketChannel.java:310)
	at io.netty.channel.nio.AbstractNioChannel$AbstractNioUnsafe.connect(AbstractNioChannel.java:254)
	at io.netty.channel.DefaultChannelPipeline$HeadContext.connect(DefaultChannelPipeline.java:1291)
	at io.netty.channel.AbstractChannelHandlerContext.invokeConnect(AbstractChannelHandlerContext.java:545)
	at io.netty.channel.AbstractChannelHandlerContext.connect(AbstractChannelHandlerContext.java:530)
	at io.netty.channel.DefaultChannelPipeline.connect(DefaultChannelPipeline.java:1000)
	at io.netty.channel.AbstractChannel.connect(AbstractChannel.java:264)
	at io.netty.bootstrap.Bootstrap$3.run(Bootstrap.java:254)
	at io.netty.util.concurrent.AbstractEventExecutor.safeExecute(AbstractEventExecutor.java:163)
	at io.netty.util.concurrent.SingleThreadEventExecutor.runAllTasks(SingleThreadEventExecutor.java:404)
	at io.netty.channel.nio.NioEventLoop.run(NioEventLoop.java:463)
	at io.netty.util.concurrent.SingleThreadEventExecutor$5.run(SingleThreadEventExecutor.java:886)
	at io.netty.util.concurrent.FastThreadLocalRunnable.run(FastThreadLocalRunnable.java:30)
	at java.lang.Thread.run(Thread.java:748)
Caused by: java.net.BindException: Cannot assign requested address
	... 22 more
[32m[vert.x-eventloop-thread-47][0;39m-[1;31m[ERROR][0;39m-[36m[c.l.c.Verticle][0;39m Error with connect, Cannot assign requested address: /10.37.120.4:8123 
io.netty.channel.AbstractChannel$AnnotatedSocketException: Cannot assign requested address: /10.37.120.4:8123
	at sun.nio.ch.Net.connect0(Native Method)
	at sun.nio.ch.Net.connect(Net.java:454)
	at sun.nio.ch.Net.connect(Net.java:446)
	at sun.nio.ch.SocketChannelImpl.connect(SocketChannelImpl.java:648)
	at io.netty.util.internal.SocketUtils$3.run(SocketUtils.java:83)
	at io.netty.util.internal.SocketUtils$3.run(SocketUtils.java:80)
	at java.security.AccessController.doPrivileged(Native Method)
	at io.netty.util.internal.SocketUtils.connect(SocketUtils.java:80)
	at io.netty.channel.socket.nio.NioSocketChannel.doConnect(NioSocketChannel.java:310)
	at io.netty.channel.nio.AbstractNioChannel$AbstractNioUnsafe.connect(AbstractNioChannel.java:254)
	at io.netty.channel.DefaultChannelPipeline$HeadContext.connect(DefaultChannelPipeline.java:1291)
	at io.netty.channel.AbstractChannelHandlerContext.invokeConnect(AbstractChannelHandlerContext.java:545)
	at io.netty.channel.AbstractChannelHandlerContext.connect(AbstractChannelHandlerContext.java:530)
	at io.netty.channel.DefaultChannelPipeline.connect(DefaultChannelPipeline.java:1000)
	at io.netty.channel.AbstractChannel.connect(AbstractChannel.java:264)
	at io.netty.bootstrap.Bootstrap$3.run(Bootstrap.java:254)
	at io.netty.util.concurrent.AbstractEventExecutor.safeExecute(AbstractEventExecutor.java:163)
	at io.netty.util.concurrent.SingleThreadEventExecutor.runAllTasks(SingleThreadEventExecutor.java:404)
	at io.netty.channel.nio.NioEventLoop.run(NioEventLoop.java:463)
	at io.netty.util.concurrent.SingleThreadEventExecutor$5.run(SingleThreadEventExecutor.java:886)
	at io.netty.util.concurrent.FastThreadLocalRunnable.run(FastThreadLocalRunnable.java:30)
	at java.lang.Thread.run(Thread.java:748)
Caused by: java.net.BindException: Cannot assign requested address
	... 22 more
[32m[vert.x-eventloop-thread-48][0;39m-[1;31m[ERROR][0;39m-[36m[c.l.c.Verticle][0;39m Error with connect, Cannot assign requested address: /10.37.120.4:8123 
io.netty.channel.AbstractChannel$AnnotatedSocketException: Cannot assign requested address: /10.37.120.4:8123
	at sun.nio.ch.Net.connect0(Native Method)
	at sun.nio.ch.Net.connect(Net.java:454)
	at sun.nio.ch.Net.connect(Net.java:446)
	at sun.nio.ch.SocketChannelImpl.connect(SocketChannelImpl.java:648)
	at io.netty.util.internal.SocketUtils$3.run(SocketUtils.java:83)
	at io.netty.util.internal.SocketUtils$3.run(SocketUtils.java:80)
	at java.security.AccessController.doPrivileged(Native Method)
	at io.netty.util.internal.SocketUtils.connect(SocketUtils.java:80)
	at io.netty.channel.socket.nio.NioSocketChannel.doConnect(NioSocketChannel.java:310)
	at io.netty.channel.nio.AbstractNioChannel$AbstractNioUnsafe.connect(AbstractNioChannel.java:254)
	at io.netty.channel.DefaultChannelPipeline$HeadContext.connect(DefaultChannelPipeline.java:1291)
	at io.netty.channel.AbstractChannelHandlerContext.invokeConnect(AbstractChannelHandlerContext.java:545)
	at io.netty.channel.AbstractChannelHandlerContext.connect(AbstractChannelHandlerContext.java:530)
	at io.netty.channel.DefaultChannelPipeline.connect(DefaultChannelPipeline.java:1000)
	at io.netty.channel.AbstractChannel.connect(AbstractChannel.java:264)
	at io.netty.bootstrap.Bootstrap$3.run(Bootstrap.java:254)
	at io.netty.util.concurrent.AbstractEventExecutor.safeExecute(AbstractEventExecutor.java:163)
	at io.netty.util.concurrent.SingleThreadEventExecutor.runAllTasks(SingleThreadEventExecutor.java:404)
	at io.netty.channel.nio.NioEventLoop.run(NioEventLoop.java:463)
	at io.netty.util.concurrent.SingleThreadEventExecutor$5.run(SingleThreadEventExecutor.java:886)
	at io.netty.util.concurrent.FastThreadLocalRunnable.run(FastThreadLocalRunnable.java:30)
	at java.lang.Thread.run(Thread.java:748)
Caused by: java.net.BindException: Cannot assign requested address
	... 22 more
[32m[vert.x-eventloop-thread-49][0;39m-[1;31m[ERROR][0;39m-[36m[c.l.c.Verticle][0;39m Error with connect, Cannot assign requested address: /10.37.120.4:8123 
io.netty.channel.AbstractChannel$AnnotatedSocketException: Cannot assign requested address: /10.37.120.4:8123
	at sun.nio.ch.Net.connect0(Native Method)
	at sun.nio.ch.Net.connect(Net.java:454)
	at sun.nio.ch.Net.connect(Net.java:446)
	at sun.nio.ch.SocketChannelImpl.connect(SocketChannelImpl.java:648)
	at io.netty.util.internal.SocketUtils$3.run(SocketUtils.java:83)
	at io.netty.util.internal.SocketUtils$3.run(SocketUtils.java:80)
	at java.security.AccessController.doPrivileged(Native Method)
	at io.netty.util.internal.SocketUtils.connect(SocketUtils.java:80)
	at io.netty.channel.socket.nio.NioSocketChannel.doConnect(NioSocketChannel.java:310)
	at io.netty.channel.nio.AbstractNioChannel$AbstractNioUnsafe.connect(AbstractNioChannel.java:254)
	at io.netty.channel.DefaultChannelPipeline$HeadContext.connect(DefaultChannelPipeline.java:1291)
	at io.netty.channel.AbstractChannelHandlerContext.invokeConnect(AbstractChannelHandlerContext.java:545)
	at io.netty.channel.AbstractChannelHandlerContext.connect(AbstractChannelHandlerContext.java:530)
	at io.netty.channel.DefaultChannelPipeline.connect(DefaultChannelPipeline.java:1000)
	at io.netty.channel.AbstractChannel.connect(AbstractChannel.java:264)
	at io.netty.bootstrap.Bootstrap$3.run(Bootstrap.java:254)
	at io.netty.util.concurrent.AbstractEventExecutor.safeExecute(AbstractEventExecutor.java:163)
	at io.netty.util.concurrent.SingleThreadEventExecutor.runAllTasks(SingleThreadEventExecutor.java:404)
	at io.netty.channel.nio.NioEventLoop.run(NioEventLoop.java:463)
	at io.netty.util.concurrent.SingleThreadEventExecutor$5.run(SingleThreadEventExecutor.java:886)
	at io.netty.util.concurrent.FastThreadLocalRunnable.run(FastThreadLocalRunnable.java:30)
	at java.lang.Thread.run(Thread.java:748)
Caused by: java.net.BindException: Cannot assign requested address
	... 22 more
[32m[vert.x-eventloop-thread-50][0;39m-[1;31m[ERROR][0;39m-[36m[c.l.c.Verticle][0;39m Error with connect, Cannot assign requested address: /10.37.120.4:8123 
io.netty.channel.AbstractChannel$AnnotatedSocketException: Cannot assign requested address: /10.37.120.4:8123
	at sun.nio.ch.Net.connect0(Native Method)
	at sun.nio.ch.Net.connect(Net.java:454)
	at sun.nio.ch.Net.connect(Net.java:446)
	at sun.nio.ch.SocketChannelImpl.connect(SocketChannelImpl.java:648)
	at io.netty.util.internal.SocketUtils$3.run(SocketUtils.java:83)
	at io.netty.util.internal.SocketUtils$3.run(SocketUtils.java:80)
	at java.security.AccessController.doPrivileged(Native Method)
	at io.netty.util.internal.SocketUtils.connect(SocketUtils.java:80)
	at io.netty.channel.socket.nio.NioSocketChannel.doConnect(NioSocketChannel.java:310)
	at io.netty.channel.nio.AbstractNioChannel$AbstractNioUnsafe.connect(AbstractNioChannel.java:254)
	at io.netty.channel.DefaultChannelPipeline$HeadContext.connect(DefaultChannelPipeline.java:1291)
	at io.netty.channel.AbstractChannelHandlerContext.invokeConnect(AbstractChannelHandlerContext.java:545)
	at io.netty.channel.AbstractChannelHandlerContext.connect(AbstractChannelHandlerContext.java:530)
	at io.netty.channel.DefaultChannelPipeline.connect(DefaultChannelPipeline.java:1000)
	at io.netty.channel.AbstractChannel.connect(AbstractChannel.java:264)
	at io.netty.bootstrap.Bootstrap$3.run(Bootstrap.java:254)
	at io.netty.util.concurrent.AbstractEventExecutor.safeExecute(AbstractEventExecutor.java:163)
	at io.netty.util.concurrent.SingleThreadEventExecutor.runAllTasks(SingleThreadEventExecutor.java:404)
	at io.netty.channel.nio.NioEventLoop.run(NioEventLoop.java:463)
	at io.netty.util.concurrent.SingleThreadEventExecutor$5.run(SingleThreadEventExecutor.java:886)
	at io.netty.util.concurrent.FastThreadLocalRunnable.run(FastThreadLocalRunnable.java:30)
	at java.lang.Thread.run(Thread.java:748)
Caused by: java.net.BindException: Cannot assign requested address
	... 22 more
[32m[vert.x-eventloop-thread-51][0;39m-[1;31m[ERROR][0;39m-[36m[c.l.c.Verticle][0;39m Error with connect, Cannot assign requested address: /10.37.120.4:8123 
io.netty.channel.AbstractChannel$AnnotatedSocketException: Cannot assign requested address: /10.37.120.4:8123
	at sun.nio.ch.Net.connect0(Native Method)
	at sun.nio.ch.Net.connect(Net.java:454)
	at sun.nio.ch.Net.connect(Net.java:446)
	at sun.nio.ch.SocketChannelImpl.connect(SocketChannelImpl.java:648)
	at io.netty.util.internal.SocketUtils$3.run(SocketUtils.java:83)
	at io.netty.util.internal.SocketUtils$3.run(SocketUtils.java:80)
	at java.security.AccessController.doPrivileged(Native Method)
	at io.netty.util.internal.SocketUtils.connect(SocketUtils.java:80)
	at io.netty.channel.socket.nio.NioSocketChannel.doConnect(NioSocketChannel.java:310)
	at io.netty.channel.nio.AbstractNioChannel$AbstractNioUnsafe.connect(AbstractNioChannel.java:254)
	at io.netty.channel.DefaultChannelPipeline$HeadContext.connect(DefaultChannelPipeline.java:1291)
	at io.netty.channel.AbstractChannelHandlerContext.invokeConnect(AbstractChannelHandlerContext.java:545)
	at io.netty.channel.AbstractChannelHandlerContext.connect(AbstractChannelHandlerContext.java:530)
	at io.netty.channel.DefaultChannelPipeline.connect(DefaultChannelPipeline.java:1000)
	at io.netty.channel.AbstractChannel.connect(AbstractChannel.java:264)
	at io.netty.bootstrap.Bootstrap$3.run(Bootstrap.java:254)
	at io.netty.util.concurrent.AbstractEventExecutor.safeExecute(AbstractEventExecutor.java:163)
	at io.netty.util.concurrent.SingleThreadEventExecutor.runAllTasks(SingleThreadEventExecutor.java:404)
	at io.netty.channel.nio.NioEventLoop.run(NioEventLoop.java:463)
	at io.netty.util.concurrent.SingleThreadEventExecutor$5.run(SingleThreadEventExecutor.java:886)
	at io.netty.util.concurrent.FastThreadLocalRunnable.run(FastThreadLocalRunnable.java:30)
	at java.lang.Thread.run(Thread.java:748)
Caused by: java.net.BindException: Cannot assign requested address
	... 22 more
[32m[vert.x-eventloop-thread-52][0;39m-[1;31m[ERROR][0;39m-[36m[c.l.c.Verticle][0;39m Error with connect, Cannot assign requested address: /10.37.120.4:8123 
io.netty.channel.AbstractChannel$AnnotatedSocketException: Cannot assign requested address: /10.37.120.4:8123
	at sun.nio.ch.Net.connect0(Native Method)
	at sun.nio.ch.Net.connect(Net.java:454)
	at sun.nio.ch.Net.connect(Net.java:446)
	at sun.nio.ch.SocketChannelImpl.connect(SocketChannelImpl.java:648)
	at io.netty.util.internal.SocketUtils$3.run(SocketUtils.java:83)
	at io.netty.util.internal.SocketUtils$3.run(SocketUtils.java:80)
	at java.security.AccessController.doPrivileged(Native Method)
	at io.netty.util.internal.SocketUtils.connect(SocketUtils.java:80)
	at io.netty.channel.socket.nio.NioSocketChannel.doConnect(NioSocketChannel.java:310)
	at io.netty.channel.nio.AbstractNioChannel$AbstractNioUnsafe.connect(AbstractNioChannel.java:254)
	at io.netty.channel.DefaultChannelPipeline$HeadContext.connect(DefaultChannelPipeline.java:1291)
	at io.netty.channel.AbstractChannelHandlerContext.invokeConnect(AbstractChannelHandlerContext.java:545)
	at io.netty.channel.AbstractChannelHandlerContext.connect(AbstractChannelHandlerContext.java:530)
	at io.netty.channel.DefaultChannelPipeline.connect(DefaultChannelPipeline.java:1000)
	at io.netty.channel.AbstractChannel.connect(AbstractChannel.java:264)
	at io.netty.bootstrap.Bootstrap$3.run(Bootstrap.java:254)
	at io.netty.util.concurrent.AbstractEventExecutor.safeExecute(AbstractEventExecutor.java:163)
	at io.netty.util.concurrent.SingleThreadEventExecutor.runAllTasks(SingleThreadEventExecutor.java:404)
	at io.netty.channel.nio.NioEventLoop.run(NioEventLoop.java:463)
	at io.netty.util.concurrent.SingleThreadEventExecutor$5.run(SingleThreadEventExecutor.java:886)
	at io.netty.util.concurrent.FastThreadLocalRunnable.run(FastThreadLocalRunnable.java:30)
	at java.lang.Thread.run(Thread.java:748)
Caused by: java.net.BindException: Cannot assign requested address
	... 22 more
[32m[vert.x-eventloop-thread-53][0;39m-[1;31m[ERROR][0;39m-[36m[c.l.c.Verticle][0;39m Error with connect, Cannot assign requested address: /10.37.120.4:8123 
io.netty.channel.AbstractChannel$AnnotatedSocketException: Cannot assign requested address: /10.37.120.4:8123
	at sun.nio.ch.Net.connect0(Native Method)
	at sun.nio.ch.Net.connect(Net.java:454)
	at sun.nio.ch.Net.connect(Net.java:446)
	at sun.nio.ch.SocketChannelImpl.connect(SocketChannelImpl.java:648)
	at io.netty.util.internal.SocketUtils$3.run(SocketUtils.java:83)
	at io.netty.util.internal.SocketUtils$3.run(SocketUtils.java:80)
	at java.security.AccessController.doPrivileged(Native Method)
	at io.netty.util.internal.SocketUtils.connect(SocketUtils.java:80)
	at io.netty.channel.socket.nio.NioSocketChannel.doConnect(NioSocketChannel.java:310)
	at io.netty.channel.nio.AbstractNioChannel$AbstractNioUnsafe.connect(AbstractNioChannel.java:254)
	at io.netty.channel.DefaultChannelPipeline$HeadContext.connect(DefaultChannelPipeline.java:1291)
	at io.netty.channel.AbstractChannelHandlerContext.invokeConnect(AbstractChannelHandlerContext.java:545)
	at io.netty.channel.AbstractChannelHandlerContext.connect(AbstractChannelHandlerContext.java:530)
	at io.netty.channel.DefaultChannelPipeline.connect(DefaultChannelPipeline.java:1000)
	at io.netty.channel.AbstractChannel.connect(AbstractChannel.java:264)
	at io.netty.bootstrap.Bootstrap$3.run(Bootstrap.java:254)
	at io.netty.util.concurrent.AbstractEventExecutor.safeExecute(AbstractEventExecutor.java:163)
	at io.netty.util.concurrent.SingleThreadEventExecutor.runAllTasks(SingleThreadEventExecutor.java:404)
	at io.netty.channel.nio.NioEventLoop.run(NioEventLoop.java:463)
	at io.netty.util.concurrent.SingleThreadEventExecutor$5.run(SingleThreadEventExecutor.java:886)
	at io.netty.util.concurrent.FastThreadLocalRunnable.run(FastThreadLocalRunnable.java:30)
	at java.lang.Thread.run(Thread.java:748)
Caused by: java.net.BindException: Cannot assign requested address
	... 22 more
[32m[vert.x-eventloop-thread-54][0;39m-[1;31m[ERROR][0;39m-[36m[c.l.c.Verticle][0;39m Error with connect, Cannot assign requested address: /10.37.120.4:8123 
io.netty.channel.AbstractChannel$AnnotatedSocketException: Cannot assign requested address: /10.37.120.4:8123
	at sun.nio.ch.Net.connect0(Native Method)
	at sun.nio.ch.Net.connect(Net.java:454)
	at sun.nio.ch.Net.connect(Net.java:446)
	at sun.nio.ch.SocketChannelImpl.connect(SocketChannelImpl.java:648)
	at io.netty.util.internal.SocketUtils$3.run(SocketUtils.java:83)
	at io.netty.util.internal.SocketUtils$3.run(SocketUtils.java:80)
	at java.security.AccessController.doPrivileged(Native Method)
	at io.netty.util.internal.SocketUtils.connect(SocketUtils.java:80)
	at io.netty.channel.socket.nio.NioSocketChannel.doConnect(NioSocketChannel.java:310)
	at io.netty.channel.nio.AbstractNioChannel$AbstractNioUnsafe.connect(AbstractNioChannel.java:254)
	at io.netty.channel.DefaultChannelPipeline$HeadContext.connect(DefaultChannelPipeline.java:1291)
	at io.netty.channel.AbstractChannelHandlerContext.invokeConnect(AbstractChannelHandlerContext.java:545)
	at io.netty.channel.AbstractChannelHandlerContext.connect(AbstractChannelHandlerContext.java:530)
	at io.netty.channel.DefaultChannelPipeline.connect(DefaultChannelPipeline.java:1000)
	at io.netty.channel.AbstractChannel.connect(AbstractChannel.java:264)
	at io.netty.bootstrap.Bootstrap$3.run(Bootstrap.java:254)
	at io.netty.util.concurrent.AbstractEventExecutor.safeExecute(AbstractEventExecutor.java:163)
	at io.netty.util.concurrent.SingleThreadEventExecutor.runAllTasks(SingleThreadEventExecutor.java:404)
	at io.netty.channel.nio.NioEventLoop.run(NioEventLoop.java:463)
	at io.netty.util.concurrent.SingleThreadEventExecutor$5.run(SingleThreadEventExecutor.java:886)
	at io.netty.util.concurrent.FastThreadLocalRunnable.run(FastThreadLocalRunnable.java:30)
	at java.lang.Thread.run(Thread.java:748)
Caused by: java.net.BindException: Cannot assign requested address
	... 22 more
[32m[vert.x-eventloop-thread-55][0;39m-[1;31m[ERROR][0;39m-[36m[c.l.c.Verticle][0;39m Error with connect, Cannot assign requested address: /10.37.120.4:8123 
io.netty.channel.AbstractChannel$AnnotatedSocketException: Cannot assign requested address: /10.37.120.4:8123
	at sun.nio.ch.Net.connect0(Native Method)
	at sun.nio.ch.Net.connect(Net.java:454)
	at sun.nio.ch.Net.connect(Net.java:446)
	at sun.nio.ch.SocketChannelImpl.connect(SocketChannelImpl.java:648)
	at io.netty.util.internal.SocketUtils$3.run(SocketUtils.java:83)
	at io.netty.util.internal.SocketUtils$3.run(SocketUtils.java:80)
	at java.security.AccessController.doPrivileged(Native Method)
	at io.netty.util.internal.SocketUtils.connect(SocketUtils.java:80)
	at io.netty.channel.socket.nio.NioSocketChannel.doConnect(NioSocketChannel.java:310)
	at io.netty.channel.nio.AbstractNioChannel$AbstractNioUnsafe.connect(AbstractNioChannel.java:254)
	at io.netty.channel.DefaultChannelPipeline$HeadContext.connect(DefaultChannelPipeline.java:1291)
	at io.netty.channel.AbstractChannelHandlerContext.invokeConnect(AbstractChannelHandlerContext.java:545)
	at io.netty.channel.AbstractChannelHandlerContext.connect(AbstractChannelHandlerContext.java:530)
	at io.netty.channel.DefaultChannelPipeline.connect(DefaultChannelPipeline.java:1000)
	at io.netty.channel.AbstractChannel.connect(AbstractChannel.java:264)
	at io.netty.bootstrap.Bootstrap$3.run(Bootstrap.java:254)
	at io.netty.util.concurrent.AbstractEventExecutor.safeExecute(AbstractEventExecutor.java:163)
	at io.netty.util.concurrent.SingleThreadEventExecutor.runAllTasks(SingleThreadEventExecutor.java:404)
	at io.netty.channel.nio.NioEventLoop.run(NioEventLoop.java:463)
	at io.netty.util.concurrent.SingleThreadEventExecutor$5.run(SingleThreadEventExecutor.java:886)
	at io.netty.util.concurrent.FastThreadLocalRunnable.run(FastThreadLocalRunnable.java:30)
	at java.lang.Thread.run(Thread.java:748)
Caused by: java.net.BindException: Cannot assign requested address
	... 22 more
[32m[vert.x-eventloop-thread-56][0;39m-[1;31m[ERROR][0;39m-[36m[c.l.c.Verticle][0;39m Error with connect, Cannot assign requested address: /10.37.120.4:8123 
io.netty.channel.AbstractChannel$AnnotatedSocketException: Cannot assign requested address: /10.37.120.4:8123
	at sun.nio.ch.Net.connect0(Native Method)
	at sun.nio.ch.Net.connect(Net.java:454)
	at sun.nio.ch.Net.connect(Net.java:446)
	at sun.nio.ch.SocketChannelImpl.connect(SocketChannelImpl.java:648)
	at io.netty.util.internal.SocketUtils$3.run(SocketUtils.java:83)
	at io.netty.util.internal.SocketUtils$3.run(SocketUtils.java:80)
	at java.security.AccessController.doPrivileged(Native Method)
	at io.netty.util.internal.SocketUtils.connect(SocketUtils.java:80)
	at io.netty.channel.socket.nio.NioSocketChannel.doConnect(NioSocketChannel.java:310)
	at io.netty.channel.nio.AbstractNioChannel$AbstractNioUnsafe.connect(AbstractNioChannel.java:254)
	at io.netty.channel.DefaultChannelPipeline$HeadContext.connect(DefaultChannelPipeline.java:1291)
	at io.netty.channel.AbstractChannelHandlerContext.invokeConnect(AbstractChannelHandlerContext.java:545)
	at io.netty.channel.AbstractChannelHandlerContext.connect(AbstractChannelHandlerContext.java:530)
	at io.netty.channel.DefaultChannelPipeline.connect(DefaultChannelPipeline.java:1000)
	at io.netty.channel.AbstractChannel.connect(AbstractChannel.java:264)
	at io.netty.bootstrap.Bootstrap$3.run(Bootstrap.java:254)
	at io.netty.util.concurrent.AbstractEventExecutor.safeExecute(AbstractEventExecutor.java:163)
	at io.netty.util.concurrent.SingleThreadEventExecutor.runAllTasks(SingleThreadEventExecutor.java:404)
	at io.netty.channel.nio.NioEventLoop.run(NioEventLoop.java:463)
	at io.netty.util.concurrent.SingleThreadEventExecutor$5.run(SingleThreadEventExecutor.java:886)
	at io.netty.util.concurrent.FastThreadLocalRunnable.run(FastThreadLocalRunnable.java:30)
	at java.lang.Thread.run(Thread.java:748)
Caused by: java.net.BindException: Cannot assign requested address
	... 22 more
[32m[vert.x-eventloop-thread-57][0;39m-[1;31m[ERROR][0;39m-[36m[c.l.c.Verticle][0;39m Error with connect, Cannot assign requested address: /10.37.120.4:8123 
io.netty.channel.AbstractChannel$AnnotatedSocketException: Cannot assign requested address: /10.37.120.4:8123


!!!!!!!!!!!!!!!!!!!! This log file has been cut short because it is more of the same for 590MB !!!!!!!!!!!!!!!!!!!!!!!!!!!!!
!!!!!!!!!!!!!!!!!!!! This log file has been cut short because it is more of the same for 590MB !!!!!!!!!!!!!!!!!!!!!!!!!!!!!
!!!!!!!!!!!!!!!!!!!! This log file has been cut short because it is more of the same for 590MB !!!!!!!!!!!!!!!!!!!!!!!!!!!!!
!!!!!!!!!!!!!!!!!!!! This log file has been cut short because it is more of the same for 590MB !!!!!!!!!!!!!!!!!!!!!!!!!!!!!
!!!!!!!!!!!!!!!!!!!! This log file has been cut short because it is more of the same for 590MB !!!!!!!!!!!!!!!!!!!!!!!!!!!!!
!!!!!!!!!!!!!!!!!!!! This log file has been cut short because it is more of the same for 590MB !!!!!!!!!!!!!!!!!!!!!!!!!!!!!
!!!!!!!!!!!!!!!!!!!! This log file has been cut short because it is more of the same for 590MB !!!!!!!!!!!!!!!!!!!!!!!!!!!!!
!!!!!!!!!!!!!!!!!!!! This log file has been cut short because it is more of the same for 590MB !!!!!!!!!!!!!!!!!!!!!!!!!!!!!
!!!!!!!!!!!!!!!!!!!! This log file has been cut short because it is more of the same for 590MB !!!!!!!!!!!!!!!!!!!!!!!!!!!!!