abi.vsyscall32 = 1
crypto.fips_enabled = 0
debug.exception-trace = 1
debug.kprobes-optimization = 1
debug.panic_on_rcu_stall = 0
dev.hpet.max-user-freq = 64
dev.mac_hid.mouse_button2_keycode = 97
dev.mac_hid.mouse_button3_keycode = 100
dev.mac_hid.mouse_button_emulation = 0
dev.raid.speed_limit_max = 200000
dev.raid.speed_limit_min = 1000
dev.scsi.logging_level = 0
fs.aio-max-nr = 65536
fs.aio-nr = 0
fs.binfmt_misc.jexec = enabled
fs.binfmt_misc.jexec = interpreter /usr/java/default/lib/jexec
fs.binfmt_misc.jexec = flags: 
fs.binfmt_misc.jexec = offset 0
fs.binfmt_misc.jexec = magic 504b0304
fs.binfmt_misc.status = enabled
fs.dentry-state = 1145268	424047	45	0	0	0
fs.dir-notify-enable = 1
fs.epoll.max_user_watches = 27007754
fs.file-max = 100000000
fs.file-nr = 709056	0	100000000
fs.inode-nr = 775692	4517
fs.inode-state = 775692	4517	0	0	0	0	0
fs.inotify.max_queued_events = 16384
fs.inotify.max_user_instances = 128
fs.inotify.max_user_watches = 8192
fs.lease-break-time = 45
fs.leases-enable = 1
fs.may_detach_mounts = 0
fs.mqueue.msg_default = 10
fs.mqueue.msg_max = 10
fs.mqueue.msgsize_default = 8192
fs.mqueue.msgsize_max = 8192
fs.mqueue.queues_max = 256
fs.nfs.nlm_grace_period = 0
fs.nfs.nlm_tcpport = 0
fs.nfs.nlm_timeout = 10
fs.nfs.nlm_udpport = 0
fs.nfs.nsm_local_state = 0
fs.nfs.nsm_use_hostnames = 0
fs.nr_open = 100000000
fs.overflowgid = 65534
fs.overflowuid = 65534
fs.pipe-max-size = 1048576
fs.pipe-user-pages-hard = 0
fs.pipe-user-pages-soft = 16384
fs.quota.allocated_dquots = 0
fs.quota.cache_hits = 0
fs.quota.drops = 0
fs.quota.free_dquots = 0
fs.quota.lookups = 0
fs.quota.reads = 0
fs.quota.syncs = 0
fs.quota.warnings = 1
fs.quota.writes = 0
fs.suid_dumpable = 0
kernel.acct = 4	2	30
kernel.acpi_video_flags = 0
kernel.auto_msgmni = 1
kernel.bootloader_type = 114
kernel.bootloader_version = 2
kernel.cap_last_cap = 36
kernel.compat-log = 1
kernel.core_pattern = core
kernel.core_pipe_limit = 0
kernel.core_uses_pid = 1
kernel.ctrl-alt-del = 0
kernel.dmesg_restrict = 0
kernel.domainname = (none)
kernel.ftrace_dump_on_oops = 0
kernel.ftrace_enabled = 1
kernel.hardlockup_all_cpu_backtrace = 0
kernel.hardlockup_panic = 1
kernel.hostname = c12-28.maas.auslab.2wire.com
kernel.hotplug = 
kernel.hung_task_check_count = 4194304
kernel.hung_task_panic = 0
kernel.hung_task_timeout_secs = 120
kernel.hung_task_warnings = 10
kernel.io_delay_type = 0
kernel.kexec_load_disabled = 0
kernel.keys.gc_delay = 300
kernel.keys.maxbytes = 20000
kernel.keys.maxkeys = 200
kernel.keys.persistent_keyring_expiry = 259200
kernel.keys.root_maxbytes = 25000000
kernel.keys.root_maxkeys = 1000000
kernel.kptr_restrict = 0
kernel.max_lock_depth = 1024
kernel.modprobe = /sbin/modprobe
kernel.modules_disabled = 0
kernel.msg_next_id = -1
kernel.msgmax = 8192
kernel.msgmnb = 16384
kernel.msgmni = 32768
kernel.ngroups_max = 65536
kernel.nmi_watchdog = 1
kernel.ns_last_pid = 5076
kernel.numa_balancing = 1
kernel.numa_balancing_scan_delay_ms = 1000
kernel.numa_balancing_scan_period_max_ms = 60000
kernel.numa_balancing_scan_period_min_ms = 1000
kernel.numa_balancing_scan_size_mb = 256
kernel.numa_balancing_settle_count = 4
kernel.osrelease = 3.10.0-693.21.1.el7.x86_64
kernel.ostype = Linux
kernel.overflowgid = 65534
kernel.overflowuid = 65534
kernel.panic = 0
kernel.panic_on_io_nmi = 0
kernel.panic_on_oops = 1
kernel.panic_on_stackoverflow = 0
kernel.panic_on_unrecovered_nmi = 0
kernel.panic_on_warn = 0
kernel.perf_cpu_time_max_percent = 25
kernel.perf_event_max_sample_rate = 10000
kernel.perf_event_mlock_kb = 516
kernel.perf_event_paranoid = 1
kernel.pid_max = 32768
kernel.poweroff_cmd = /sbin/poweroff
kernel.print-fatal-signals = 0
kernel.printk = 7	4	1	7
kernel.printk_delay = 0
kernel.printk_ratelimit = 5
kernel.printk_ratelimit_burst = 10
kernel.pty.max = 4096
kernel.pty.nr = 1
kernel.pty.reserve = 1024
kernel.random.boot_id = 7e9bf43a-2c73-4e10-afd3-895afcb39141
kernel.random.entropy_avail = 3754
kernel.random.poolsize = 4096
kernel.random.read_wakeup_threshold = 64
kernel.random.urandom_min_reseed_secs = 60
kernel.random.uuid = 4ed9279c-def8-46a8-9958-b4c6c06fa9a6
kernel.random.write_wakeup_threshold = 896
kernel.randomize_va_space = 2
kernel.real-root-dev = 0
kernel.sched_autogroup_enabled = 0
kernel.sched_cfs_bandwidth_slice_us = 5000
kernel.sched_child_runs_first = 0
kernel.sched_domain.cpu0.domain0.busy_factor = 32
kernel.sched_domain.cpu0.domain0.busy_idx = 0
kernel.sched_domain.cpu0.domain0.cache_nice_tries = 0
kernel.sched_domain.cpu0.domain0.flags = 687
kernel.sched_domain.cpu0.domain0.forkexec_idx = 0
kernel.sched_domain.cpu0.domain0.idle_idx = 0
kernel.sched_domain.cpu0.domain0.imbalance_pct = 110
kernel.sched_domain.cpu0.domain0.max_interval = 4
kernel.sched_domain.cpu0.domain0.max_newidle_lb_cost = 8021
kernel.sched_domain.cpu0.domain0.min_interval = 2
kernel.sched_domain.cpu0.domain0.name = SMT
kernel.sched_domain.cpu0.domain0.newidle_idx = 0
kernel.sched_domain.cpu0.domain0.wake_idx = 0
kernel.sched_domain.cpu0.domain1.busy_factor = 32
kernel.sched_domain.cpu0.domain1.busy_idx = 2
kernel.sched_domain.cpu0.domain1.cache_nice_tries = 1
kernel.sched_domain.cpu0.domain1.flags = 4655
kernel.sched_domain.cpu0.domain1.forkexec_idx = 0
kernel.sched_domain.cpu0.domain1.idle_idx = 0
kernel.sched_domain.cpu0.domain1.imbalance_pct = 117
kernel.sched_domain.cpu0.domain1.max_interval = 32
kernel.sched_domain.cpu0.domain1.max_newidle_lb_cost = 15996
kernel.sched_domain.cpu0.domain1.min_interval = 16
kernel.sched_domain.cpu0.domain1.name = MC
kernel.sched_domain.cpu0.domain1.newidle_idx = 0
kernel.sched_domain.cpu0.domain1.wake_idx = 0
kernel.sched_domain.cpu0.domain2.busy_factor = 32
kernel.sched_domain.cpu0.domain2.busy_idx = 3
kernel.sched_domain.cpu0.domain2.cache_nice_tries = 2
kernel.sched_domain.cpu0.domain2.flags = 25647
kernel.sched_domain.cpu0.domain2.forkexec_idx = 0
kernel.sched_domain.cpu0.domain2.idle_idx = 2
kernel.sched_domain.cpu0.domain2.imbalance_pct = 125
kernel.sched_domain.cpu0.domain2.max_interval = 64
kernel.sched_domain.cpu0.domain2.max_newidle_lb_cost = 14413
kernel.sched_domain.cpu0.domain2.min_interval = 32
kernel.sched_domain.cpu0.domain2.name = NUMA
kernel.sched_domain.cpu0.domain2.newidle_idx = 0
kernel.sched_domain.cpu0.domain2.wake_idx = 0
kernel.sched_domain.cpu1.domain0.busy_factor = 32
kernel.sched_domain.cpu1.domain0.busy_idx = 0
kernel.sched_domain.cpu1.domain0.cache_nice_tries = 0
kernel.sched_domain.cpu1.domain0.flags = 687
kernel.sched_domain.cpu1.domain0.forkexec_idx = 0
kernel.sched_domain.cpu1.domain0.idle_idx = 0
kernel.sched_domain.cpu1.domain0.imbalance_pct = 110
kernel.sched_domain.cpu1.domain0.max_interval = 4
kernel.sched_domain.cpu1.domain0.max_newidle_lb_cost = 14744
kernel.sched_domain.cpu1.domain0.min_interval = 2
kernel.sched_domain.cpu1.domain0.name = SMT
kernel.sched_domain.cpu1.domain0.newidle_idx = 0
kernel.sched_domain.cpu1.domain0.wake_idx = 0
kernel.sched_domain.cpu1.domain1.busy_factor = 32
kernel.sched_domain.cpu1.domain1.busy_idx = 2
kernel.sched_domain.cpu1.domain1.cache_nice_tries = 1
kernel.sched_domain.cpu1.domain1.flags = 4655
kernel.sched_domain.cpu1.domain1.forkexec_idx = 0
kernel.sched_domain.cpu1.domain1.idle_idx = 0
kernel.sched_domain.cpu1.domain1.imbalance_pct = 117
kernel.sched_domain.cpu1.domain1.max_interval = 32
kernel.sched_domain.cpu1.domain1.max_newidle_lb_cost = 18800
kernel.sched_domain.cpu1.domain1.min_interval = 16
kernel.sched_domain.cpu1.domain1.name = MC
kernel.sched_domain.cpu1.domain1.newidle_idx = 0
kernel.sched_domain.cpu1.domain1.wake_idx = 0
kernel.sched_domain.cpu1.domain2.busy_factor = 32
kernel.sched_domain.cpu1.domain2.busy_idx = 3
kernel.sched_domain.cpu1.domain2.cache_nice_tries = 2
kernel.sched_domain.cpu1.domain2.flags = 25647
kernel.sched_domain.cpu1.domain2.forkexec_idx = 0
kernel.sched_domain.cpu1.domain2.idle_idx = 2
kernel.sched_domain.cpu1.domain2.imbalance_pct = 125
kernel.sched_domain.cpu1.domain2.max_interval = 64
kernel.sched_domain.cpu1.domain2.max_newidle_lb_cost = 12320
kernel.sched_domain.cpu1.domain2.min_interval = 32
kernel.sched_domain.cpu1.domain2.name = NUMA
kernel.sched_domain.cpu1.domain2.newidle_idx = 0
kernel.sched_domain.cpu1.domain2.wake_idx = 0
kernel.sched_domain.cpu10.domain0.busy_factor = 32
kernel.sched_domain.cpu10.domain0.busy_idx = 0
kernel.sched_domain.cpu10.domain0.cache_nice_tries = 0
kernel.sched_domain.cpu10.domain0.flags = 687
kernel.sched_domain.cpu10.domain0.forkexec_idx = 0
kernel.sched_domain.cpu10.domain0.idle_idx = 0
kernel.sched_domain.cpu10.domain0.imbalance_pct = 110
kernel.sched_domain.cpu10.domain0.max_interval = 4
kernel.sched_domain.cpu10.domain0.max_newidle_lb_cost = 12493
kernel.sched_domain.cpu10.domain0.min_interval = 2
kernel.sched_domain.cpu10.domain0.name = SMT
kernel.sched_domain.cpu10.domain0.newidle_idx = 0
kernel.sched_domain.cpu10.domain0.wake_idx = 0
kernel.sched_domain.cpu10.domain1.busy_factor = 32
kernel.sched_domain.cpu10.domain1.busy_idx = 2
kernel.sched_domain.cpu10.domain1.cache_nice_tries = 1
kernel.sched_domain.cpu10.domain1.flags = 4655
kernel.sched_domain.cpu10.domain1.forkexec_idx = 0
kernel.sched_domain.cpu10.domain1.idle_idx = 0
kernel.sched_domain.cpu10.domain1.imbalance_pct = 117
kernel.sched_domain.cpu10.domain1.max_interval = 32
kernel.sched_domain.cpu10.domain1.max_newidle_lb_cost = 16546
kernel.sched_domain.cpu10.domain1.min_interval = 16
kernel.sched_domain.cpu10.domain1.name = MC
kernel.sched_domain.cpu10.domain1.newidle_idx = 0
kernel.sched_domain.cpu10.domain1.wake_idx = 0
kernel.sched_domain.cpu10.domain2.busy_factor = 32
kernel.sched_domain.cpu10.domain2.busy_idx = 3
kernel.sched_domain.cpu10.domain2.cache_nice_tries = 2
kernel.sched_domain.cpu10.domain2.flags = 25647
kernel.sched_domain.cpu10.domain2.forkexec_idx = 0
kernel.sched_domain.cpu10.domain2.idle_idx = 2
kernel.sched_domain.cpu10.domain2.imbalance_pct = 125
kernel.sched_domain.cpu10.domain2.max_interval = 64
kernel.sched_domain.cpu10.domain2.max_newidle_lb_cost = 23613
kernel.sched_domain.cpu10.domain2.min_interval = 32
kernel.sched_domain.cpu10.domain2.name = NUMA
kernel.sched_domain.cpu10.domain2.newidle_idx = 0
kernel.sched_domain.cpu10.domain2.wake_idx = 0
kernel.sched_domain.cpu11.domain0.busy_factor = 32
kernel.sched_domain.cpu11.domain0.busy_idx = 0
kernel.sched_domain.cpu11.domain0.cache_nice_tries = 0
kernel.sched_domain.cpu11.domain0.flags = 687
kernel.sched_domain.cpu11.domain0.forkexec_idx = 0
kernel.sched_domain.cpu11.domain0.idle_idx = 0
kernel.sched_domain.cpu11.domain0.imbalance_pct = 110
kernel.sched_domain.cpu11.domain0.max_interval = 4
kernel.sched_domain.cpu11.domain0.max_newidle_lb_cost = 14373
kernel.sched_domain.cpu11.domain0.min_interval = 2
kernel.sched_domain.cpu11.domain0.name = SMT
kernel.sched_domain.cpu11.domain0.newidle_idx = 0
kernel.sched_domain.cpu11.domain0.wake_idx = 0
kernel.sched_domain.cpu11.domain1.busy_factor = 32
kernel.sched_domain.cpu11.domain1.busy_idx = 2
kernel.sched_domain.cpu11.domain1.cache_nice_tries = 1
kernel.sched_domain.cpu11.domain1.flags = 4655
kernel.sched_domain.cpu11.domain1.forkexec_idx = 0
kernel.sched_domain.cpu11.domain1.idle_idx = 0
kernel.sched_domain.cpu11.domain1.imbalance_pct = 117
kernel.sched_domain.cpu11.domain1.max_interval = 32
kernel.sched_domain.cpu11.domain1.max_newidle_lb_cost = 19190
kernel.sched_domain.cpu11.domain1.min_interval = 16
kernel.sched_domain.cpu11.domain1.name = MC
kernel.sched_domain.cpu11.domain1.newidle_idx = 0
kernel.sched_domain.cpu11.domain1.wake_idx = 0
kernel.sched_domain.cpu11.domain2.busy_factor = 32
kernel.sched_domain.cpu11.domain2.busy_idx = 3
kernel.sched_domain.cpu11.domain2.cache_nice_tries = 2
kernel.sched_domain.cpu11.domain2.flags = 25647
kernel.sched_domain.cpu11.domain2.forkexec_idx = 0
kernel.sched_domain.cpu11.domain2.idle_idx = 2
kernel.sched_domain.cpu11.domain2.imbalance_pct = 125
kernel.sched_domain.cpu11.domain2.max_interval = 64
kernel.sched_domain.cpu11.domain2.max_newidle_lb_cost = 22497
kernel.sched_domain.cpu11.domain2.min_interval = 32
kernel.sched_domain.cpu11.domain2.name = NUMA
kernel.sched_domain.cpu11.domain2.newidle_idx = 0
kernel.sched_domain.cpu11.domain2.wake_idx = 0
kernel.sched_domain.cpu12.domain0.busy_factor = 32
kernel.sched_domain.cpu12.domain0.busy_idx = 0
kernel.sched_domain.cpu12.domain0.cache_nice_tries = 0
kernel.sched_domain.cpu12.domain0.flags = 687
kernel.sched_domain.cpu12.domain0.forkexec_idx = 0
kernel.sched_domain.cpu12.domain0.idle_idx = 0
kernel.sched_domain.cpu12.domain0.imbalance_pct = 110
kernel.sched_domain.cpu12.domain0.max_interval = 4
kernel.sched_domain.cpu12.domain0.max_newidle_lb_cost = 8208
kernel.sched_domain.cpu12.domain0.min_interval = 2
kernel.sched_domain.cpu12.domain0.name = SMT
kernel.sched_domain.cpu12.domain0.newidle_idx = 0
kernel.sched_domain.cpu12.domain0.wake_idx = 0
kernel.sched_domain.cpu12.domain1.busy_factor = 32
kernel.sched_domain.cpu12.domain1.busy_idx = 2
kernel.sched_domain.cpu12.domain1.cache_nice_tries = 1
kernel.sched_domain.cpu12.domain1.flags = 4655
kernel.sched_domain.cpu12.domain1.forkexec_idx = 0
kernel.sched_domain.cpu12.domain1.idle_idx = 0
kernel.sched_domain.cpu12.domain1.imbalance_pct = 117
kernel.sched_domain.cpu12.domain1.max_interval = 32
kernel.sched_domain.cpu12.domain1.max_newidle_lb_cost = 18943
kernel.sched_domain.cpu12.domain1.min_interval = 16
kernel.sched_domain.cpu12.domain1.name = MC
kernel.sched_domain.cpu12.domain1.newidle_idx = 0
kernel.sched_domain.cpu12.domain1.wake_idx = 0
kernel.sched_domain.cpu12.domain2.busy_factor = 32
kernel.sched_domain.cpu12.domain2.busy_idx = 3
kernel.sched_domain.cpu12.domain2.cache_nice_tries = 2
kernel.sched_domain.cpu12.domain2.flags = 25647
kernel.sched_domain.cpu12.domain2.forkexec_idx = 0
kernel.sched_domain.cpu12.domain2.idle_idx = 2
kernel.sched_domain.cpu12.domain2.imbalance_pct = 125
kernel.sched_domain.cpu12.domain2.max_interval = 64
kernel.sched_domain.cpu12.domain2.max_newidle_lb_cost = 25706
kernel.sched_domain.cpu12.domain2.min_interval = 32
kernel.sched_domain.cpu12.domain2.name = NUMA
kernel.sched_domain.cpu12.domain2.newidle_idx = 0
kernel.sched_domain.cpu12.domain2.wake_idx = 0
kernel.sched_domain.cpu13.domain0.busy_factor = 32
kernel.sched_domain.cpu13.domain0.busy_idx = 0
kernel.sched_domain.cpu13.domain0.cache_nice_tries = 0
kernel.sched_domain.cpu13.domain0.flags = 687
kernel.sched_domain.cpu13.domain0.forkexec_idx = 0
kernel.sched_domain.cpu13.domain0.idle_idx = 0
kernel.sched_domain.cpu13.domain0.imbalance_pct = 110
kernel.sched_domain.cpu13.domain0.max_interval = 4
kernel.sched_domain.cpu13.domain0.max_newidle_lb_cost = 15293
kernel.sched_domain.cpu13.domain0.min_interval = 2
kernel.sched_domain.cpu13.domain0.name = SMT
kernel.sched_domain.cpu13.domain0.newidle_idx = 0
kernel.sched_domain.cpu13.domain0.wake_idx = 0
kernel.sched_domain.cpu13.domain1.busy_factor = 32
kernel.sched_domain.cpu13.domain1.busy_idx = 2
kernel.sched_domain.cpu13.domain1.cache_nice_tries = 1
kernel.sched_domain.cpu13.domain1.flags = 4655
kernel.sched_domain.cpu13.domain1.forkexec_idx = 0
kernel.sched_domain.cpu13.domain1.idle_idx = 0
kernel.sched_domain.cpu13.domain1.imbalance_pct = 117
kernel.sched_domain.cpu13.domain1.max_interval = 32
kernel.sched_domain.cpu13.domain1.max_newidle_lb_cost = 19475
kernel.sched_domain.cpu13.domain1.min_interval = 16
kernel.sched_domain.cpu13.domain1.name = MC
kernel.sched_domain.cpu13.domain1.newidle_idx = 0
kernel.sched_domain.cpu13.domain1.wake_idx = 0
kernel.sched_domain.cpu13.domain2.busy_factor = 32
kernel.sched_domain.cpu13.domain2.busy_idx = 3
kernel.sched_domain.cpu13.domain2.cache_nice_tries = 2
kernel.sched_domain.cpu13.domain2.flags = 25647
kernel.sched_domain.cpu13.domain2.forkexec_idx = 0
kernel.sched_domain.cpu13.domain2.idle_idx = 2
kernel.sched_domain.cpu13.domain2.imbalance_pct = 125
kernel.sched_domain.cpu13.domain2.max_interval = 64
kernel.sched_domain.cpu13.domain2.max_newidle_lb_cost = 21919
kernel.sched_domain.cpu13.domain2.min_interval = 32
kernel.sched_domain.cpu13.domain2.name = NUMA
kernel.sched_domain.cpu13.domain2.newidle_idx = 0
kernel.sched_domain.cpu13.domain2.wake_idx = 0
kernel.sched_domain.cpu14.domain0.busy_factor = 32
kernel.sched_domain.cpu14.domain0.busy_idx = 0
kernel.sched_domain.cpu14.domain0.cache_nice_tries = 0
kernel.sched_domain.cpu14.domain0.flags = 687
kernel.sched_domain.cpu14.domain0.forkexec_idx = 0
kernel.sched_domain.cpu14.domain0.idle_idx = 0
kernel.sched_domain.cpu14.domain0.imbalance_pct = 110
kernel.sched_domain.cpu14.domain0.max_interval = 4
kernel.sched_domain.cpu14.domain0.max_newidle_lb_cost = 15119
kernel.sched_domain.cpu14.domain0.min_interval = 2
kernel.sched_domain.cpu14.domain0.name = SMT
kernel.sched_domain.cpu14.domain0.newidle_idx = 0
kernel.sched_domain.cpu14.domain0.wake_idx = 0
kernel.sched_domain.cpu14.domain1.busy_factor = 32
kernel.sched_domain.cpu14.domain1.busy_idx = 2
kernel.sched_domain.cpu14.domain1.cache_nice_tries = 1
kernel.sched_domain.cpu14.domain1.flags = 4655
kernel.sched_domain.cpu14.domain1.forkexec_idx = 0
kernel.sched_domain.cpu14.domain1.idle_idx = 0
kernel.sched_domain.cpu14.domain1.imbalance_pct = 117
kernel.sched_domain.cpu14.domain1.max_interval = 32
kernel.sched_domain.cpu14.domain1.max_newidle_lb_cost = 15670
kernel.sched_domain.cpu14.domain1.min_interval = 16
kernel.sched_domain.cpu14.domain1.name = MC
kernel.sched_domain.cpu14.domain1.newidle_idx = 0
kernel.sched_domain.cpu14.domain1.wake_idx = 0
kernel.sched_domain.cpu14.domain2.busy_factor = 32
kernel.sched_domain.cpu14.domain2.busy_idx = 3
kernel.sched_domain.cpu14.domain2.cache_nice_tries = 2
kernel.sched_domain.cpu14.domain2.flags = 25647
kernel.sched_domain.cpu14.domain2.forkexec_idx = 0
kernel.sched_domain.cpu14.domain2.idle_idx = 2
kernel.sched_domain.cpu14.domain2.imbalance_pct = 125
kernel.sched_domain.cpu14.domain2.max_interval = 64
kernel.sched_domain.cpu14.domain2.max_newidle_lb_cost = 22008
kernel.sched_domain.cpu14.domain2.min_interval = 32
kernel.sched_domain.cpu14.domain2.name = NUMA
kernel.sched_domain.cpu14.domain2.newidle_idx = 0
kernel.sched_domain.cpu14.domain2.wake_idx = 0
kernel.sched_domain.cpu15.domain0.busy_factor = 32
kernel.sched_domain.cpu15.domain0.busy_idx = 0
kernel.sched_domain.cpu15.domain0.cache_nice_tries = 0
kernel.sched_domain.cpu15.domain0.flags = 687
kernel.sched_domain.cpu15.domain0.forkexec_idx = 0
kernel.sched_domain.cpu15.domain0.idle_idx = 0
kernel.sched_domain.cpu15.domain0.imbalance_pct = 110
kernel.sched_domain.cpu15.domain0.max_interval = 4
kernel.sched_domain.cpu15.domain0.max_newidle_lb_cost = 8830
kernel.sched_domain.cpu15.domain0.min_interval = 2
kernel.sched_domain.cpu15.domain0.name = SMT
kernel.sched_domain.cpu15.domain0.newidle_idx = 0
kernel.sched_domain.cpu15.domain0.wake_idx = 0
kernel.sched_domain.cpu15.domain1.busy_factor = 32
kernel.sched_domain.cpu15.domain1.busy_idx = 2
kernel.sched_domain.cpu15.domain1.cache_nice_tries = 1
kernel.sched_domain.cpu15.domain1.flags = 4655
kernel.sched_domain.cpu15.domain1.forkexec_idx = 0
kernel.sched_domain.cpu15.domain1.idle_idx = 0
kernel.sched_domain.cpu15.domain1.imbalance_pct = 117
kernel.sched_domain.cpu15.domain1.max_interval = 32
kernel.sched_domain.cpu15.domain1.max_newidle_lb_cost = 17261
kernel.sched_domain.cpu15.domain1.min_interval = 16
kernel.sched_domain.cpu15.domain1.name = MC
kernel.sched_domain.cpu15.domain1.newidle_idx = 0
kernel.sched_domain.cpu15.domain1.wake_idx = 0
kernel.sched_domain.cpu15.domain2.busy_factor = 32
kernel.sched_domain.cpu15.domain2.busy_idx = 3
kernel.sched_domain.cpu15.domain2.cache_nice_tries = 2
kernel.sched_domain.cpu15.domain2.flags = 25647
kernel.sched_domain.cpu15.domain2.forkexec_idx = 0
kernel.sched_domain.cpu15.domain2.idle_idx = 2
kernel.sched_domain.cpu15.domain2.imbalance_pct = 125
kernel.sched_domain.cpu15.domain2.max_interval = 64
kernel.sched_domain.cpu15.domain2.max_newidle_lb_cost = 41014
kernel.sched_domain.cpu15.domain2.min_interval = 32
kernel.sched_domain.cpu15.domain2.name = NUMA
kernel.sched_domain.cpu15.domain2.newidle_idx = 0
kernel.sched_domain.cpu15.domain2.wake_idx = 0
kernel.sched_domain.cpu16.domain0.busy_factor = 32
kernel.sched_domain.cpu16.domain0.busy_idx = 0
kernel.sched_domain.cpu16.domain0.cache_nice_tries = 0
kernel.sched_domain.cpu16.domain0.flags = 687
kernel.sched_domain.cpu16.domain0.forkexec_idx = 0
kernel.sched_domain.cpu16.domain0.idle_idx = 0
kernel.sched_domain.cpu16.domain0.imbalance_pct = 110
kernel.sched_domain.cpu16.domain0.max_interval = 4
kernel.sched_domain.cpu16.domain0.max_newidle_lb_cost = 11781
kernel.sched_domain.cpu16.domain0.min_interval = 2
kernel.sched_domain.cpu16.domain0.name = SMT
kernel.sched_domain.cpu16.domain0.newidle_idx = 0
kernel.sched_domain.cpu16.domain0.wake_idx = 0
kernel.sched_domain.cpu16.domain1.busy_factor = 32
kernel.sched_domain.cpu16.domain1.busy_idx = 2
kernel.sched_domain.cpu16.domain1.cache_nice_tries = 1
kernel.sched_domain.cpu16.domain1.flags = 4655
kernel.sched_domain.cpu16.domain1.forkexec_idx = 0
kernel.sched_domain.cpu16.domain1.idle_idx = 0
kernel.sched_domain.cpu16.domain1.imbalance_pct = 117
kernel.sched_domain.cpu16.domain1.max_interval = 32
kernel.sched_domain.cpu16.domain1.max_newidle_lb_cost = 16848
kernel.sched_domain.cpu16.domain1.min_interval = 16
kernel.sched_domain.cpu16.domain1.name = MC
kernel.sched_domain.cpu16.domain1.newidle_idx = 0
kernel.sched_domain.cpu16.domain1.wake_idx = 0
kernel.sched_domain.cpu16.domain2.busy_factor = 32
kernel.sched_domain.cpu16.domain2.busy_idx = 3
kernel.sched_domain.cpu16.domain2.cache_nice_tries = 2
kernel.sched_domain.cpu16.domain2.flags = 25647
kernel.sched_domain.cpu16.domain2.forkexec_idx = 0
kernel.sched_domain.cpu16.domain2.idle_idx = 2
kernel.sched_domain.cpu16.domain2.imbalance_pct = 125
kernel.sched_domain.cpu16.domain2.max_interval = 64
kernel.sched_domain.cpu16.domain2.max_newidle_lb_cost = 18168
kernel.sched_domain.cpu16.domain2.min_interval = 32
kernel.sched_domain.cpu16.domain2.name = NUMA
kernel.sched_domain.cpu16.domain2.newidle_idx = 0
kernel.sched_domain.cpu16.domain2.wake_idx = 0
kernel.sched_domain.cpu17.domain0.busy_factor = 32
kernel.sched_domain.cpu17.domain0.busy_idx = 0
kernel.sched_domain.cpu17.domain0.cache_nice_tries = 0
kernel.sched_domain.cpu17.domain0.flags = 687
kernel.sched_domain.cpu17.domain0.forkexec_idx = 0
kernel.sched_domain.cpu17.domain0.idle_idx = 0
kernel.sched_domain.cpu17.domain0.imbalance_pct = 110
kernel.sched_domain.cpu17.domain0.max_interval = 4
kernel.sched_domain.cpu17.domain0.max_newidle_lb_cost = 17476
kernel.sched_domain.cpu17.domain0.min_interval = 2
kernel.sched_domain.cpu17.domain0.name = SMT
kernel.sched_domain.cpu17.domain0.newidle_idx = 0
kernel.sched_domain.cpu17.domain0.wake_idx = 0
kernel.sched_domain.cpu17.domain1.busy_factor = 32
kernel.sched_domain.cpu17.domain1.busy_idx = 2
kernel.sched_domain.cpu17.domain1.cache_nice_tries = 1
kernel.sched_domain.cpu17.domain1.flags = 4655
kernel.sched_domain.cpu17.domain1.forkexec_idx = 0
kernel.sched_domain.cpu17.domain1.idle_idx = 0
kernel.sched_domain.cpu17.domain1.imbalance_pct = 117
kernel.sched_domain.cpu17.domain1.max_interval = 32
kernel.sched_domain.cpu17.domain1.max_newidle_lb_cost = 15579
kernel.sched_domain.cpu17.domain1.min_interval = 16
kernel.sched_domain.cpu17.domain1.name = MC
kernel.sched_domain.cpu17.domain1.newidle_idx = 0
kernel.sched_domain.cpu17.domain1.wake_idx = 0
kernel.sched_domain.cpu17.domain2.busy_factor = 32
kernel.sched_domain.cpu17.domain2.busy_idx = 3
kernel.sched_domain.cpu17.domain2.cache_nice_tries = 2
kernel.sched_domain.cpu17.domain2.flags = 25647
kernel.sched_domain.cpu17.domain2.forkexec_idx = 0
kernel.sched_domain.cpu17.domain2.idle_idx = 2
kernel.sched_domain.cpu17.domain2.imbalance_pct = 125
kernel.sched_domain.cpu17.domain2.max_interval = 64
kernel.sched_domain.cpu17.domain2.max_newidle_lb_cost = 15045
kernel.sched_domain.cpu17.domain2.min_interval = 32
kernel.sched_domain.cpu17.domain2.name = NUMA
kernel.sched_domain.cpu17.domain2.newidle_idx = 0
kernel.sched_domain.cpu17.domain2.wake_idx = 0
kernel.sched_domain.cpu18.domain0.busy_factor = 32
kernel.sched_domain.cpu18.domain0.busy_idx = 0
kernel.sched_domain.cpu18.domain0.cache_nice_tries = 0
kernel.sched_domain.cpu18.domain0.flags = 687
kernel.sched_domain.cpu18.domain0.forkexec_idx = 0
kernel.sched_domain.cpu18.domain0.idle_idx = 0
kernel.sched_domain.cpu18.domain0.imbalance_pct = 110
kernel.sched_domain.cpu18.domain0.max_interval = 4
kernel.sched_domain.cpu18.domain0.max_newidle_lb_cost = 11642
kernel.sched_domain.cpu18.domain0.min_interval = 2
kernel.sched_domain.cpu18.domain0.name = SMT
kernel.sched_domain.cpu18.domain0.newidle_idx = 0
kernel.sched_domain.cpu18.domain0.wake_idx = 0
kernel.sched_domain.cpu18.domain1.busy_factor = 32
kernel.sched_domain.cpu18.domain1.busy_idx = 2
kernel.sched_domain.cpu18.domain1.cache_nice_tries = 1
kernel.sched_domain.cpu18.domain1.flags = 4655
kernel.sched_domain.cpu18.domain1.forkexec_idx = 0
kernel.sched_domain.cpu18.domain1.idle_idx = 0
kernel.sched_domain.cpu18.domain1.imbalance_pct = 117
kernel.sched_domain.cpu18.domain1.max_interval = 32
kernel.sched_domain.cpu18.domain1.max_newidle_lb_cost = 18107
kernel.sched_domain.cpu18.domain1.min_interval = 16
kernel.sched_domain.cpu18.domain1.name = MC
kernel.sched_domain.cpu18.domain1.newidle_idx = 0
kernel.sched_domain.cpu18.domain1.wake_idx = 0
kernel.sched_domain.cpu18.domain2.busy_factor = 32
kernel.sched_domain.cpu18.domain2.busy_idx = 3
kernel.sched_domain.cpu18.domain2.cache_nice_tries = 2
kernel.sched_domain.cpu18.domain2.flags = 25647
kernel.sched_domain.cpu18.domain2.forkexec_idx = 0
kernel.sched_domain.cpu18.domain2.idle_idx = 2
kernel.sched_domain.cpu18.domain2.imbalance_pct = 125
kernel.sched_domain.cpu18.domain2.max_interval = 64
kernel.sched_domain.cpu18.domain2.max_newidle_lb_cost = 13807
kernel.sched_domain.cpu18.domain2.min_interval = 32
kernel.sched_domain.cpu18.domain2.name = NUMA
kernel.sched_domain.cpu18.domain2.newidle_idx = 0
kernel.sched_domain.cpu18.domain2.wake_idx = 0
kernel.sched_domain.cpu19.domain0.busy_factor = 32
kernel.sched_domain.cpu19.domain0.busy_idx = 0
kernel.sched_domain.cpu19.domain0.cache_nice_tries = 0
kernel.sched_domain.cpu19.domain0.flags = 687
kernel.sched_domain.cpu19.domain0.forkexec_idx = 0
kernel.sched_domain.cpu19.domain0.idle_idx = 0
kernel.sched_domain.cpu19.domain0.imbalance_pct = 110
kernel.sched_domain.cpu19.domain0.max_interval = 4
kernel.sched_domain.cpu19.domain0.max_newidle_lb_cost = 15352
kernel.sched_domain.cpu19.domain0.min_interval = 2
kernel.sched_domain.cpu19.domain0.name = SMT
kernel.sched_domain.cpu19.domain0.newidle_idx = 0
kernel.sched_domain.cpu19.domain0.wake_idx = 0
kernel.sched_domain.cpu19.domain1.busy_factor = 32
kernel.sched_domain.cpu19.domain1.busy_idx = 2
kernel.sched_domain.cpu19.domain1.cache_nice_tries = 1
kernel.sched_domain.cpu19.domain1.flags = 4655
kernel.sched_domain.cpu19.domain1.forkexec_idx = 0
kernel.sched_domain.cpu19.domain1.idle_idx = 0
kernel.sched_domain.cpu19.domain1.imbalance_pct = 117
kernel.sched_domain.cpu19.domain1.max_interval = 32
kernel.sched_domain.cpu19.domain1.max_newidle_lb_cost = 23753
kernel.sched_domain.cpu19.domain1.min_interval = 16
kernel.sched_domain.cpu19.domain1.name = MC
kernel.sched_domain.cpu19.domain1.newidle_idx = 0
kernel.sched_domain.cpu19.domain1.wake_idx = 0
kernel.sched_domain.cpu19.domain2.busy_factor = 32
kernel.sched_domain.cpu19.domain2.busy_idx = 3
kernel.sched_domain.cpu19.domain2.cache_nice_tries = 2
kernel.sched_domain.cpu19.domain2.flags = 25647
kernel.sched_domain.cpu19.domain2.forkexec_idx = 0
kernel.sched_domain.cpu19.domain2.idle_idx = 2
kernel.sched_domain.cpu19.domain2.imbalance_pct = 125
kernel.sched_domain.cpu19.domain2.max_interval = 64
kernel.sched_domain.cpu19.domain2.max_newidle_lb_cost = 16684
kernel.sched_domain.cpu19.domain2.min_interval = 32
kernel.sched_domain.cpu19.domain2.name = NUMA
kernel.sched_domain.cpu19.domain2.newidle_idx = 0
kernel.sched_domain.cpu19.domain2.wake_idx = 0
kernel.sched_domain.cpu2.domain0.busy_factor = 32
kernel.sched_domain.cpu2.domain0.busy_idx = 0
kernel.sched_domain.cpu2.domain0.cache_nice_tries = 0
kernel.sched_domain.cpu2.domain0.flags = 687
kernel.sched_domain.cpu2.domain0.forkexec_idx = 0
kernel.sched_domain.cpu2.domain0.idle_idx = 0
kernel.sched_domain.cpu2.domain0.imbalance_pct = 110
kernel.sched_domain.cpu2.domain0.max_interval = 4
kernel.sched_domain.cpu2.domain0.max_newidle_lb_cost = 11582
kernel.sched_domain.cpu2.domain0.min_interval = 2
kernel.sched_domain.cpu2.domain0.name = SMT
kernel.sched_domain.cpu2.domain0.newidle_idx = 0
kernel.sched_domain.cpu2.domain0.wake_idx = 0
kernel.sched_domain.cpu2.domain1.busy_factor = 32
kernel.sched_domain.cpu2.domain1.busy_idx = 2
kernel.sched_domain.cpu2.domain1.cache_nice_tries = 1
kernel.sched_domain.cpu2.domain1.flags = 4655
kernel.sched_domain.cpu2.domain1.forkexec_idx = 0
kernel.sched_domain.cpu2.domain1.idle_idx = 0
kernel.sched_domain.cpu2.domain1.imbalance_pct = 117
kernel.sched_domain.cpu2.domain1.max_interval = 32
kernel.sched_domain.cpu2.domain1.max_newidle_lb_cost = 17800
kernel.sched_domain.cpu2.domain1.min_interval = 16
kernel.sched_domain.cpu2.domain1.name = MC
kernel.sched_domain.cpu2.domain1.newidle_idx = 0
kernel.sched_domain.cpu2.domain1.wake_idx = 0
kernel.sched_domain.cpu2.domain2.busy_factor = 32
kernel.sched_domain.cpu2.domain2.busy_idx = 3
kernel.sched_domain.cpu2.domain2.cache_nice_tries = 2
kernel.sched_domain.cpu2.domain2.flags = 25647
kernel.sched_domain.cpu2.domain2.forkexec_idx = 0
kernel.sched_domain.cpu2.domain2.idle_idx = 2
kernel.sched_domain.cpu2.domain2.imbalance_pct = 125
kernel.sched_domain.cpu2.domain2.max_interval = 64
kernel.sched_domain.cpu2.domain2.max_newidle_lb_cost = 15338
kernel.sched_domain.cpu2.domain2.min_interval = 32
kernel.sched_domain.cpu2.domain2.name = NUMA
kernel.sched_domain.cpu2.domain2.newidle_idx = 0
kernel.sched_domain.cpu2.domain2.wake_idx = 0
kernel.sched_domain.cpu20.domain0.busy_factor = 32
kernel.sched_domain.cpu20.domain0.busy_idx = 0
kernel.sched_domain.cpu20.domain0.cache_nice_tries = 0
kernel.sched_domain.cpu20.domain0.flags = 687
kernel.sched_domain.cpu20.domain0.forkexec_idx = 0
kernel.sched_domain.cpu20.domain0.idle_idx = 0
kernel.sched_domain.cpu20.domain0.imbalance_pct = 110
kernel.sched_domain.cpu20.domain0.max_interval = 4
kernel.sched_domain.cpu20.domain0.max_newidle_lb_cost = 16794
kernel.sched_domain.cpu20.domain0.min_interval = 2
kernel.sched_domain.cpu20.domain0.name = SMT
kernel.sched_domain.cpu20.domain0.newidle_idx = 0
kernel.sched_domain.cpu20.domain0.wake_idx = 0
kernel.sched_domain.cpu20.domain1.busy_factor = 32
kernel.sched_domain.cpu20.domain1.busy_idx = 2
kernel.sched_domain.cpu20.domain1.cache_nice_tries = 1
kernel.sched_domain.cpu20.domain1.flags = 4655
kernel.sched_domain.cpu20.domain1.forkexec_idx = 0
kernel.sched_domain.cpu20.domain1.idle_idx = 0
kernel.sched_domain.cpu20.domain1.imbalance_pct = 117
kernel.sched_domain.cpu20.domain1.max_interval = 32
kernel.sched_domain.cpu20.domain1.max_newidle_lb_cost = 19890
kernel.sched_domain.cpu20.domain1.min_interval = 16
kernel.sched_domain.cpu20.domain1.name = MC
kernel.sched_domain.cpu20.domain1.newidle_idx = 0
kernel.sched_domain.cpu20.domain1.wake_idx = 0
kernel.sched_domain.cpu20.domain2.busy_factor = 32
kernel.sched_domain.cpu20.domain2.busy_idx = 3
kernel.sched_domain.cpu20.domain2.cache_nice_tries = 2
kernel.sched_domain.cpu20.domain2.flags = 25647
kernel.sched_domain.cpu20.domain2.forkexec_idx = 0
kernel.sched_domain.cpu20.domain2.idle_idx = 2
kernel.sched_domain.cpu20.domain2.imbalance_pct = 125
kernel.sched_domain.cpu20.domain2.max_interval = 64
kernel.sched_domain.cpu20.domain2.max_newidle_lb_cost = 15449
kernel.sched_domain.cpu20.domain2.min_interval = 32
kernel.sched_domain.cpu20.domain2.name = NUMA
kernel.sched_domain.cpu20.domain2.newidle_idx = 0
kernel.sched_domain.cpu20.domain2.wake_idx = 0
kernel.sched_domain.cpu21.domain0.busy_factor = 32
kernel.sched_domain.cpu21.domain0.busy_idx = 0
kernel.sched_domain.cpu21.domain0.cache_nice_tries = 0
kernel.sched_domain.cpu21.domain0.flags = 687
kernel.sched_domain.cpu21.domain0.forkexec_idx = 0
kernel.sched_domain.cpu21.domain0.idle_idx = 0
kernel.sched_domain.cpu21.domain0.imbalance_pct = 110
kernel.sched_domain.cpu21.domain0.max_interval = 4
kernel.sched_domain.cpu21.domain0.max_newidle_lb_cost = 9300
kernel.sched_domain.cpu21.domain0.min_interval = 2
kernel.sched_domain.cpu21.domain0.name = SMT
kernel.sched_domain.cpu21.domain0.newidle_idx = 0
kernel.sched_domain.cpu21.domain0.wake_idx = 0
kernel.sched_domain.cpu21.domain1.busy_factor = 32
kernel.sched_domain.cpu21.domain1.busy_idx = 2
kernel.sched_domain.cpu21.domain1.cache_nice_tries = 1
kernel.sched_domain.cpu21.domain1.flags = 4655
kernel.sched_domain.cpu21.domain1.forkexec_idx = 0
kernel.sched_domain.cpu21.domain1.idle_idx = 0
kernel.sched_domain.cpu21.domain1.imbalance_pct = 117
kernel.sched_domain.cpu21.domain1.max_interval = 32
kernel.sched_domain.cpu21.domain1.max_newidle_lb_cost = 16789
kernel.sched_domain.cpu21.domain1.min_interval = 16
kernel.sched_domain.cpu21.domain1.name = MC
kernel.sched_domain.cpu21.domain1.newidle_idx = 0
kernel.sched_domain.cpu21.domain1.wake_idx = 0
kernel.sched_domain.cpu21.domain2.busy_factor = 32
kernel.sched_domain.cpu21.domain2.busy_idx = 3
kernel.sched_domain.cpu21.domain2.cache_nice_tries = 2
kernel.sched_domain.cpu21.domain2.flags = 25647
kernel.sched_domain.cpu21.domain2.forkexec_idx = 0
kernel.sched_domain.cpu21.domain2.idle_idx = 2
kernel.sched_domain.cpu21.domain2.imbalance_pct = 125
kernel.sched_domain.cpu21.domain2.max_interval = 64
kernel.sched_domain.cpu21.domain2.max_newidle_lb_cost = 16329
kernel.sched_domain.cpu21.domain2.min_interval = 32
kernel.sched_domain.cpu21.domain2.name = NUMA
kernel.sched_domain.cpu21.domain2.newidle_idx = 0
kernel.sched_domain.cpu21.domain2.wake_idx = 0
kernel.sched_domain.cpu22.domain0.busy_factor = 32
kernel.sched_domain.cpu22.domain0.busy_idx = 0
kernel.sched_domain.cpu22.domain0.cache_nice_tries = 0
kernel.sched_domain.cpu22.domain0.flags = 687
kernel.sched_domain.cpu22.domain0.forkexec_idx = 0
kernel.sched_domain.cpu22.domain0.idle_idx = 0
kernel.sched_domain.cpu22.domain0.imbalance_pct = 110
kernel.sched_domain.cpu22.domain0.max_interval = 4
kernel.sched_domain.cpu22.domain0.max_newidle_lb_cost = 16791
kernel.sched_domain.cpu22.domain0.min_interval = 2
kernel.sched_domain.cpu22.domain0.name = SMT
kernel.sched_domain.cpu22.domain0.newidle_idx = 0
kernel.sched_domain.cpu22.domain0.wake_idx = 0
kernel.sched_domain.cpu22.domain1.busy_factor = 32
kernel.sched_domain.cpu22.domain1.busy_idx = 2
kernel.sched_domain.cpu22.domain1.cache_nice_tries = 1
kernel.sched_domain.cpu22.domain1.flags = 4655
kernel.sched_domain.cpu22.domain1.forkexec_idx = 0
kernel.sched_domain.cpu22.domain1.idle_idx = 0
kernel.sched_domain.cpu22.domain1.imbalance_pct = 117
kernel.sched_domain.cpu22.domain1.max_interval = 32
kernel.sched_domain.cpu22.domain1.max_newidle_lb_cost = 24685
kernel.sched_domain.cpu22.domain1.min_interval = 16
kernel.sched_domain.cpu22.domain1.name = MC
kernel.sched_domain.cpu22.domain1.newidle_idx = 0
kernel.sched_domain.cpu22.domain1.wake_idx = 0
kernel.sched_domain.cpu22.domain2.busy_factor = 32
kernel.sched_domain.cpu22.domain2.busy_idx = 3
kernel.sched_domain.cpu22.domain2.cache_nice_tries = 2
kernel.sched_domain.cpu22.domain2.flags = 25647
kernel.sched_domain.cpu22.domain2.forkexec_idx = 0
kernel.sched_domain.cpu22.domain2.idle_idx = 2
kernel.sched_domain.cpu22.domain2.imbalance_pct = 125
kernel.sched_domain.cpu22.domain2.max_interval = 64
kernel.sched_domain.cpu22.domain2.max_newidle_lb_cost = 17959
kernel.sched_domain.cpu22.domain2.min_interval = 32
kernel.sched_domain.cpu22.domain2.name = NUMA
kernel.sched_domain.cpu22.domain2.newidle_idx = 0
kernel.sched_domain.cpu22.domain2.wake_idx = 0
kernel.sched_domain.cpu23.domain0.busy_factor = 32
kernel.sched_domain.cpu23.domain0.busy_idx = 0
kernel.sched_domain.cpu23.domain0.cache_nice_tries = 0
kernel.sched_domain.cpu23.domain0.flags = 687
kernel.sched_domain.cpu23.domain0.forkexec_idx = 0
kernel.sched_domain.cpu23.domain0.idle_idx = 0
kernel.sched_domain.cpu23.domain0.imbalance_pct = 110
kernel.sched_domain.cpu23.domain0.max_interval = 4
kernel.sched_domain.cpu23.domain0.max_newidle_lb_cost = 11498
kernel.sched_domain.cpu23.domain0.min_interval = 2
kernel.sched_domain.cpu23.domain0.name = SMT
kernel.sched_domain.cpu23.domain0.newidle_idx = 0
kernel.sched_domain.cpu23.domain0.wake_idx = 0
kernel.sched_domain.cpu23.domain1.busy_factor = 32
kernel.sched_domain.cpu23.domain1.busy_idx = 2
kernel.sched_domain.cpu23.domain1.cache_nice_tries = 1
kernel.sched_domain.cpu23.domain1.flags = 4655
kernel.sched_domain.cpu23.domain1.forkexec_idx = 0
kernel.sched_domain.cpu23.domain1.idle_idx = 0
kernel.sched_domain.cpu23.domain1.imbalance_pct = 117
kernel.sched_domain.cpu23.domain1.max_interval = 32
kernel.sched_domain.cpu23.domain1.max_newidle_lb_cost = 16043
kernel.sched_domain.cpu23.domain1.min_interval = 16
kernel.sched_domain.cpu23.domain1.name = MC
kernel.sched_domain.cpu23.domain1.newidle_idx = 0
kernel.sched_domain.cpu23.domain1.wake_idx = 0
kernel.sched_domain.cpu23.domain2.busy_factor = 32
kernel.sched_domain.cpu23.domain2.busy_idx = 3
kernel.sched_domain.cpu23.domain2.cache_nice_tries = 2
kernel.sched_domain.cpu23.domain2.flags = 25647
kernel.sched_domain.cpu23.domain2.forkexec_idx = 0
kernel.sched_domain.cpu23.domain2.idle_idx = 2
kernel.sched_domain.cpu23.domain2.imbalance_pct = 125
kernel.sched_domain.cpu23.domain2.max_interval = 64
kernel.sched_domain.cpu23.domain2.max_newidle_lb_cost = 13042
kernel.sched_domain.cpu23.domain2.min_interval = 32
kernel.sched_domain.cpu23.domain2.name = NUMA
kernel.sched_domain.cpu23.domain2.newidle_idx = 0
kernel.sched_domain.cpu23.domain2.wake_idx = 0
kernel.sched_domain.cpu24.domain0.busy_factor = 32
kernel.sched_domain.cpu24.domain0.busy_idx = 0
kernel.sched_domain.cpu24.domain0.cache_nice_tries = 0
kernel.sched_domain.cpu24.domain0.flags = 687
kernel.sched_domain.cpu24.domain0.forkexec_idx = 0
kernel.sched_domain.cpu24.domain0.idle_idx = 0
kernel.sched_domain.cpu24.domain0.imbalance_pct = 110
kernel.sched_domain.cpu24.domain0.max_interval = 4
kernel.sched_domain.cpu24.domain0.max_newidle_lb_cost = 8527
kernel.sched_domain.cpu24.domain0.min_interval = 2
kernel.sched_domain.cpu24.domain0.name = SMT
kernel.sched_domain.cpu24.domain0.newidle_idx = 0
kernel.sched_domain.cpu24.domain0.wake_idx = 0
kernel.sched_domain.cpu24.domain1.busy_factor = 32
kernel.sched_domain.cpu24.domain1.busy_idx = 2
kernel.sched_domain.cpu24.domain1.cache_nice_tries = 1
kernel.sched_domain.cpu24.domain1.flags = 4655
kernel.sched_domain.cpu24.domain1.forkexec_idx = 0
kernel.sched_domain.cpu24.domain1.idle_idx = 0
kernel.sched_domain.cpu24.domain1.imbalance_pct = 117
kernel.sched_domain.cpu24.domain1.max_interval = 32
kernel.sched_domain.cpu24.domain1.max_newidle_lb_cost = 13538
kernel.sched_domain.cpu24.domain1.min_interval = 16
kernel.sched_domain.cpu24.domain1.name = MC
kernel.sched_domain.cpu24.domain1.newidle_idx = 0
kernel.sched_domain.cpu24.domain1.wake_idx = 0
kernel.sched_domain.cpu24.domain2.busy_factor = 32
kernel.sched_domain.cpu24.domain2.busy_idx = 3
kernel.sched_domain.cpu24.domain2.cache_nice_tries = 2
kernel.sched_domain.cpu24.domain2.flags = 25647
kernel.sched_domain.cpu24.domain2.forkexec_idx = 0
kernel.sched_domain.cpu24.domain2.idle_idx = 2
kernel.sched_domain.cpu24.domain2.imbalance_pct = 125
kernel.sched_domain.cpu24.domain2.max_interval = 64
kernel.sched_domain.cpu24.domain2.max_newidle_lb_cost = 17271
kernel.sched_domain.cpu24.domain2.min_interval = 32
kernel.sched_domain.cpu24.domain2.name = NUMA
kernel.sched_domain.cpu24.domain2.newidle_idx = 0
kernel.sched_domain.cpu24.domain2.wake_idx = 0
kernel.sched_domain.cpu25.domain0.busy_factor = 32
kernel.sched_domain.cpu25.domain0.busy_idx = 0
kernel.sched_domain.cpu25.domain0.cache_nice_tries = 0
kernel.sched_domain.cpu25.domain0.flags = 687
kernel.sched_domain.cpu25.domain0.forkexec_idx = 0
kernel.sched_domain.cpu25.domain0.idle_idx = 0
kernel.sched_domain.cpu25.domain0.imbalance_pct = 110
kernel.sched_domain.cpu25.domain0.max_interval = 4
kernel.sched_domain.cpu25.domain0.max_newidle_lb_cost = 16615
kernel.sched_domain.cpu25.domain0.min_interval = 2
kernel.sched_domain.cpu25.domain0.name = SMT
kernel.sched_domain.cpu25.domain0.newidle_idx = 0
kernel.sched_domain.cpu25.domain0.wake_idx = 0
kernel.sched_domain.cpu25.domain1.busy_factor = 32
kernel.sched_domain.cpu25.domain1.busy_idx = 2
kernel.sched_domain.cpu25.domain1.cache_nice_tries = 1
kernel.sched_domain.cpu25.domain1.flags = 4655
kernel.sched_domain.cpu25.domain1.forkexec_idx = 0
kernel.sched_domain.cpu25.domain1.idle_idx = 0
kernel.sched_domain.cpu25.domain1.imbalance_pct = 117
kernel.sched_domain.cpu25.domain1.max_interval = 32
kernel.sched_domain.cpu25.domain1.max_newidle_lb_cost = 20239
kernel.sched_domain.cpu25.domain1.min_interval = 16
kernel.sched_domain.cpu25.domain1.name = MC
kernel.sched_domain.cpu25.domain1.newidle_idx = 0
kernel.sched_domain.cpu25.domain1.wake_idx = 0
kernel.sched_domain.cpu25.domain2.busy_factor = 32
kernel.sched_domain.cpu25.domain2.busy_idx = 3
kernel.sched_domain.cpu25.domain2.cache_nice_tries = 2
kernel.sched_domain.cpu25.domain2.flags = 25647
kernel.sched_domain.cpu25.domain2.forkexec_idx = 0
kernel.sched_domain.cpu25.domain2.idle_idx = 2
kernel.sched_domain.cpu25.domain2.imbalance_pct = 125
kernel.sched_domain.cpu25.domain2.max_interval = 64
kernel.sched_domain.cpu25.domain2.max_newidle_lb_cost = 24362
kernel.sched_domain.cpu25.domain2.min_interval = 32
kernel.sched_domain.cpu25.domain2.name = NUMA
kernel.sched_domain.cpu25.domain2.newidle_idx = 0
kernel.sched_domain.cpu25.domain2.wake_idx = 0
kernel.sched_domain.cpu26.domain0.busy_factor = 32
kernel.sched_domain.cpu26.domain0.busy_idx = 0
kernel.sched_domain.cpu26.domain0.cache_nice_tries = 0
kernel.sched_domain.cpu26.domain0.flags = 687
kernel.sched_domain.cpu26.domain0.forkexec_idx = 0
kernel.sched_domain.cpu26.domain0.idle_idx = 0
kernel.sched_domain.cpu26.domain0.imbalance_pct = 110
kernel.sched_domain.cpu26.domain0.max_interval = 4
kernel.sched_domain.cpu26.domain0.max_newidle_lb_cost = 9380
kernel.sched_domain.cpu26.domain0.min_interval = 2
kernel.sched_domain.cpu26.domain0.name = SMT
kernel.sched_domain.cpu26.domain0.newidle_idx = 0
kernel.sched_domain.cpu26.domain0.wake_idx = 0
kernel.sched_domain.cpu26.domain1.busy_factor = 32
kernel.sched_domain.cpu26.domain1.busy_idx = 2
kernel.sched_domain.cpu26.domain1.cache_nice_tries = 1
kernel.sched_domain.cpu26.domain1.flags = 4655
kernel.sched_domain.cpu26.domain1.forkexec_idx = 0
kernel.sched_domain.cpu26.domain1.idle_idx = 0
kernel.sched_domain.cpu26.domain1.imbalance_pct = 117
kernel.sched_domain.cpu26.domain1.max_interval = 32
kernel.sched_domain.cpu26.domain1.max_newidle_lb_cost = 18505
kernel.sched_domain.cpu26.domain1.min_interval = 16
kernel.sched_domain.cpu26.domain1.name = MC
kernel.sched_domain.cpu26.domain1.newidle_idx = 0
kernel.sched_domain.cpu26.domain1.wake_idx = 0
kernel.sched_domain.cpu26.domain2.busy_factor = 32
kernel.sched_domain.cpu26.domain2.busy_idx = 3
kernel.sched_domain.cpu26.domain2.cache_nice_tries = 2
kernel.sched_domain.cpu26.domain2.flags = 25647
kernel.sched_domain.cpu26.domain2.forkexec_idx = 0
kernel.sched_domain.cpu26.domain2.idle_idx = 2
kernel.sched_domain.cpu26.domain2.imbalance_pct = 125
kernel.sched_domain.cpu26.domain2.max_interval = 64
kernel.sched_domain.cpu26.domain2.max_newidle_lb_cost = 19147
kernel.sched_domain.cpu26.domain2.min_interval = 32
kernel.sched_domain.cpu26.domain2.name = NUMA
kernel.sched_domain.cpu26.domain2.newidle_idx = 0
kernel.sched_domain.cpu26.domain2.wake_idx = 0
kernel.sched_domain.cpu27.domain0.busy_factor = 32
kernel.sched_domain.cpu27.domain0.busy_idx = 0
kernel.sched_domain.cpu27.domain0.cache_nice_tries = 0
kernel.sched_domain.cpu27.domain0.flags = 687
kernel.sched_domain.cpu27.domain0.forkexec_idx = 0
kernel.sched_domain.cpu27.domain0.idle_idx = 0
kernel.sched_domain.cpu27.domain0.imbalance_pct = 110
kernel.sched_domain.cpu27.domain0.max_interval = 4
kernel.sched_domain.cpu27.domain0.max_newidle_lb_cost = 13177
kernel.sched_domain.cpu27.domain0.min_interval = 2
kernel.sched_domain.cpu27.domain0.name = SMT
kernel.sched_domain.cpu27.domain0.newidle_idx = 0
kernel.sched_domain.cpu27.domain0.wake_idx = 0
kernel.sched_domain.cpu27.domain1.busy_factor = 32
kernel.sched_domain.cpu27.domain1.busy_idx = 2
kernel.sched_domain.cpu27.domain1.cache_nice_tries = 1
kernel.sched_domain.cpu27.domain1.flags = 4655
kernel.sched_domain.cpu27.domain1.forkexec_idx = 0
kernel.sched_domain.cpu27.domain1.idle_idx = 0
kernel.sched_domain.cpu27.domain1.imbalance_pct = 117
kernel.sched_domain.cpu27.domain1.max_interval = 32
kernel.sched_domain.cpu27.domain1.max_newidle_lb_cost = 19203
kernel.sched_domain.cpu27.domain1.min_interval = 16
kernel.sched_domain.cpu27.domain1.name = MC
kernel.sched_domain.cpu27.domain1.newidle_idx = 0
kernel.sched_domain.cpu27.domain1.wake_idx = 0
kernel.sched_domain.cpu27.domain2.busy_factor = 32
kernel.sched_domain.cpu27.domain2.busy_idx = 3
kernel.sched_domain.cpu27.domain2.cache_nice_tries = 2
kernel.sched_domain.cpu27.domain2.flags = 25647
kernel.sched_domain.cpu27.domain2.forkexec_idx = 0
kernel.sched_domain.cpu27.domain2.idle_idx = 2
kernel.sched_domain.cpu27.domain2.imbalance_pct = 125
kernel.sched_domain.cpu27.domain2.max_interval = 64
kernel.sched_domain.cpu27.domain2.max_newidle_lb_cost = 20476
kernel.sched_domain.cpu27.domain2.min_interval = 32
kernel.sched_domain.cpu27.domain2.name = NUMA
kernel.sched_domain.cpu27.domain2.newidle_idx = 0
kernel.sched_domain.cpu27.domain2.wake_idx = 0
kernel.sched_domain.cpu28.domain0.busy_factor = 32
kernel.sched_domain.cpu28.domain0.busy_idx = 0
kernel.sched_domain.cpu28.domain0.cache_nice_tries = 0
kernel.sched_domain.cpu28.domain0.flags = 687
kernel.sched_domain.cpu28.domain0.forkexec_idx = 0
kernel.sched_domain.cpu28.domain0.idle_idx = 0
kernel.sched_domain.cpu28.domain0.imbalance_pct = 110
kernel.sched_domain.cpu28.domain0.max_interval = 4
kernel.sched_domain.cpu28.domain0.max_newidle_lb_cost = 14700
kernel.sched_domain.cpu28.domain0.min_interval = 2
kernel.sched_domain.cpu28.domain0.name = SMT
kernel.sched_domain.cpu28.domain0.newidle_idx = 0
kernel.sched_domain.cpu28.domain0.wake_idx = 0
kernel.sched_domain.cpu28.domain1.busy_factor = 32
kernel.sched_domain.cpu28.domain1.busy_idx = 2
kernel.sched_domain.cpu28.domain1.cache_nice_tries = 1
kernel.sched_domain.cpu28.domain1.flags = 4655
kernel.sched_domain.cpu28.domain1.forkexec_idx = 0
kernel.sched_domain.cpu28.domain1.idle_idx = 0
kernel.sched_domain.cpu28.domain1.imbalance_pct = 117
kernel.sched_domain.cpu28.domain1.max_interval = 32
kernel.sched_domain.cpu28.domain1.max_newidle_lb_cost = 18733
kernel.sched_domain.cpu28.domain1.min_interval = 16
kernel.sched_domain.cpu28.domain1.name = MC
kernel.sched_domain.cpu28.domain1.newidle_idx = 0
kernel.sched_domain.cpu28.domain1.wake_idx = 0
kernel.sched_domain.cpu28.domain2.busy_factor = 32
kernel.sched_domain.cpu28.domain2.busy_idx = 3
kernel.sched_domain.cpu28.domain2.cache_nice_tries = 2
kernel.sched_domain.cpu28.domain2.flags = 25647
kernel.sched_domain.cpu28.domain2.forkexec_idx = 0
kernel.sched_domain.cpu28.domain2.idle_idx = 2
kernel.sched_domain.cpu28.domain2.imbalance_pct = 125
kernel.sched_domain.cpu28.domain2.max_interval = 64
kernel.sched_domain.cpu28.domain2.max_newidle_lb_cost = 23076
kernel.sched_domain.cpu28.domain2.min_interval = 32
kernel.sched_domain.cpu28.domain2.name = NUMA
kernel.sched_domain.cpu28.domain2.newidle_idx = 0
kernel.sched_domain.cpu28.domain2.wake_idx = 0
kernel.sched_domain.cpu29.domain0.busy_factor = 32
kernel.sched_domain.cpu29.domain0.busy_idx = 0
kernel.sched_domain.cpu29.domain0.cache_nice_tries = 0
kernel.sched_domain.cpu29.domain0.flags = 687
kernel.sched_domain.cpu29.domain0.forkexec_idx = 0
kernel.sched_domain.cpu29.domain0.idle_idx = 0
kernel.sched_domain.cpu29.domain0.imbalance_pct = 110
kernel.sched_domain.cpu29.domain0.max_interval = 4
kernel.sched_domain.cpu29.domain0.max_newidle_lb_cost = 10828
kernel.sched_domain.cpu29.domain0.min_interval = 2
kernel.sched_domain.cpu29.domain0.name = SMT
kernel.sched_domain.cpu29.domain0.newidle_idx = 0
kernel.sched_domain.cpu29.domain0.wake_idx = 0
kernel.sched_domain.cpu29.domain1.busy_factor = 32
kernel.sched_domain.cpu29.domain1.busy_idx = 2
kernel.sched_domain.cpu29.domain1.cache_nice_tries = 1
kernel.sched_domain.cpu29.domain1.flags = 4655
kernel.sched_domain.cpu29.domain1.forkexec_idx = 0
kernel.sched_domain.cpu29.domain1.idle_idx = 0
kernel.sched_domain.cpu29.domain1.imbalance_pct = 117
kernel.sched_domain.cpu29.domain1.max_interval = 32
kernel.sched_domain.cpu29.domain1.max_newidle_lb_cost = 11365
kernel.sched_domain.cpu29.domain1.min_interval = 16
kernel.sched_domain.cpu29.domain1.name = MC
kernel.sched_domain.cpu29.domain1.newidle_idx = 0
kernel.sched_domain.cpu29.domain1.wake_idx = 0
kernel.sched_domain.cpu29.domain2.busy_factor = 32
kernel.sched_domain.cpu29.domain2.busy_idx = 3
kernel.sched_domain.cpu29.domain2.cache_nice_tries = 2
kernel.sched_domain.cpu29.domain2.flags = 25647
kernel.sched_domain.cpu29.domain2.forkexec_idx = 0
kernel.sched_domain.cpu29.domain2.idle_idx = 2
kernel.sched_domain.cpu29.domain2.imbalance_pct = 125
kernel.sched_domain.cpu29.domain2.max_interval = 64
kernel.sched_domain.cpu29.domain2.max_newidle_lb_cost = 16231
kernel.sched_domain.cpu29.domain2.min_interval = 32
kernel.sched_domain.cpu29.domain2.name = NUMA
kernel.sched_domain.cpu29.domain2.newidle_idx = 0
kernel.sched_domain.cpu29.domain2.wake_idx = 0
kernel.sched_domain.cpu3.domain0.busy_factor = 32
kernel.sched_domain.cpu3.domain0.busy_idx = 0
kernel.sched_domain.cpu3.domain0.cache_nice_tries = 0
kernel.sched_domain.cpu3.domain0.flags = 687
kernel.sched_domain.cpu3.domain0.forkexec_idx = 0
kernel.sched_domain.cpu3.domain0.idle_idx = 0
kernel.sched_domain.cpu3.domain0.imbalance_pct = 110
kernel.sched_domain.cpu3.domain0.max_interval = 4
kernel.sched_domain.cpu3.domain0.max_newidle_lb_cost = 11324
kernel.sched_domain.cpu3.domain0.min_interval = 2
kernel.sched_domain.cpu3.domain0.name = SMT
kernel.sched_domain.cpu3.domain0.newidle_idx = 0
kernel.sched_domain.cpu3.domain0.wake_idx = 0
kernel.sched_domain.cpu3.domain1.busy_factor = 32
kernel.sched_domain.cpu3.domain1.busy_idx = 2
kernel.sched_domain.cpu3.domain1.cache_nice_tries = 1
kernel.sched_domain.cpu3.domain1.flags = 4655
kernel.sched_domain.cpu3.domain1.forkexec_idx = 0
kernel.sched_domain.cpu3.domain1.idle_idx = 0
kernel.sched_domain.cpu3.domain1.imbalance_pct = 117
kernel.sched_domain.cpu3.domain1.max_interval = 32
kernel.sched_domain.cpu3.domain1.max_newidle_lb_cost = 14384
kernel.sched_domain.cpu3.domain1.min_interval = 16
kernel.sched_domain.cpu3.domain1.name = MC
kernel.sched_domain.cpu3.domain1.newidle_idx = 0
kernel.sched_domain.cpu3.domain1.wake_idx = 0
kernel.sched_domain.cpu3.domain2.busy_factor = 32
kernel.sched_domain.cpu3.domain2.busy_idx = 3
kernel.sched_domain.cpu3.domain2.cache_nice_tries = 2
kernel.sched_domain.cpu3.domain2.flags = 25647
kernel.sched_domain.cpu3.domain2.forkexec_idx = 0
kernel.sched_domain.cpu3.domain2.idle_idx = 2
kernel.sched_domain.cpu3.domain2.imbalance_pct = 125
kernel.sched_domain.cpu3.domain2.max_interval = 64
kernel.sched_domain.cpu3.domain2.max_newidle_lb_cost = 14798
kernel.sched_domain.cpu3.domain2.min_interval = 32
kernel.sched_domain.cpu3.domain2.name = NUMA
kernel.sched_domain.cpu3.domain2.newidle_idx = 0
kernel.sched_domain.cpu3.domain2.wake_idx = 0
kernel.sched_domain.cpu30.domain0.busy_factor = 32
kernel.sched_domain.cpu30.domain0.busy_idx = 0
kernel.sched_domain.cpu30.domain0.cache_nice_tries = 0
kernel.sched_domain.cpu30.domain0.flags = 687
kernel.sched_domain.cpu30.domain0.forkexec_idx = 0
kernel.sched_domain.cpu30.domain0.idle_idx = 0
kernel.sched_domain.cpu30.domain0.imbalance_pct = 110
kernel.sched_domain.cpu30.domain0.max_interval = 4
kernel.sched_domain.cpu30.domain0.max_newidle_lb_cost = 9434
kernel.sched_domain.cpu30.domain0.min_interval = 2
kernel.sched_domain.cpu30.domain0.name = SMT
kernel.sched_domain.cpu30.domain0.newidle_idx = 0
kernel.sched_domain.cpu30.domain0.wake_idx = 0
kernel.sched_domain.cpu30.domain1.busy_factor = 32
kernel.sched_domain.cpu30.domain1.busy_idx = 2
kernel.sched_domain.cpu30.domain1.cache_nice_tries = 1
kernel.sched_domain.cpu30.domain1.flags = 4655
kernel.sched_domain.cpu30.domain1.forkexec_idx = 0
kernel.sched_domain.cpu30.domain1.idle_idx = 0
kernel.sched_domain.cpu30.domain1.imbalance_pct = 117
kernel.sched_domain.cpu30.domain1.max_interval = 32
kernel.sched_domain.cpu30.domain1.max_newidle_lb_cost = 18785
kernel.sched_domain.cpu30.domain1.min_interval = 16
kernel.sched_domain.cpu30.domain1.name = MC
kernel.sched_domain.cpu30.domain1.newidle_idx = 0
kernel.sched_domain.cpu30.domain1.wake_idx = 0
kernel.sched_domain.cpu30.domain2.busy_factor = 32
kernel.sched_domain.cpu30.domain2.busy_idx = 3
kernel.sched_domain.cpu30.domain2.cache_nice_tries = 2
kernel.sched_domain.cpu30.domain2.flags = 25647
kernel.sched_domain.cpu30.domain2.forkexec_idx = 0
kernel.sched_domain.cpu30.domain2.idle_idx = 2
kernel.sched_domain.cpu30.domain2.imbalance_pct = 125
kernel.sched_domain.cpu30.domain2.max_interval = 64
kernel.sched_domain.cpu30.domain2.max_newidle_lb_cost = 19281
kernel.sched_domain.cpu30.domain2.min_interval = 32
kernel.sched_domain.cpu30.domain2.name = NUMA
kernel.sched_domain.cpu30.domain2.newidle_idx = 0
kernel.sched_domain.cpu30.domain2.wake_idx = 0
kernel.sched_domain.cpu31.domain0.busy_factor = 32
kernel.sched_domain.cpu31.domain0.busy_idx = 0
kernel.sched_domain.cpu31.domain0.cache_nice_tries = 0
kernel.sched_domain.cpu31.domain0.flags = 687
kernel.sched_domain.cpu31.domain0.forkexec_idx = 0
kernel.sched_domain.cpu31.domain0.idle_idx = 0
kernel.sched_domain.cpu31.domain0.imbalance_pct = 110
kernel.sched_domain.cpu31.domain0.max_interval = 4
kernel.sched_domain.cpu31.domain0.max_newidle_lb_cost = 13773
kernel.sched_domain.cpu31.domain0.min_interval = 2
kernel.sched_domain.cpu31.domain0.name = SMT
kernel.sched_domain.cpu31.domain0.newidle_idx = 0
kernel.sched_domain.cpu31.domain0.wake_idx = 0
kernel.sched_domain.cpu31.domain1.busy_factor = 32
kernel.sched_domain.cpu31.domain1.busy_idx = 2
kernel.sched_domain.cpu31.domain1.cache_nice_tries = 1
kernel.sched_domain.cpu31.domain1.flags = 4655
kernel.sched_domain.cpu31.domain1.forkexec_idx = 0
kernel.sched_domain.cpu31.domain1.idle_idx = 0
kernel.sched_domain.cpu31.domain1.imbalance_pct = 117
kernel.sched_domain.cpu31.domain1.max_interval = 32
kernel.sched_domain.cpu31.domain1.max_newidle_lb_cost = 20807
kernel.sched_domain.cpu31.domain1.min_interval = 16
kernel.sched_domain.cpu31.domain1.name = MC
kernel.sched_domain.cpu31.domain1.newidle_idx = 0
kernel.sched_domain.cpu31.domain1.wake_idx = 0
kernel.sched_domain.cpu31.domain2.busy_factor = 32
kernel.sched_domain.cpu31.domain2.busy_idx = 3
kernel.sched_domain.cpu31.domain2.cache_nice_tries = 2
kernel.sched_domain.cpu31.domain2.flags = 25647
kernel.sched_domain.cpu31.domain2.forkexec_idx = 0
kernel.sched_domain.cpu31.domain2.idle_idx = 2
kernel.sched_domain.cpu31.domain2.imbalance_pct = 125
kernel.sched_domain.cpu31.domain2.max_interval = 64
kernel.sched_domain.cpu31.domain2.max_newidle_lb_cost = 27279
kernel.sched_domain.cpu31.domain2.min_interval = 32
kernel.sched_domain.cpu31.domain2.name = NUMA
kernel.sched_domain.cpu31.domain2.newidle_idx = 0
kernel.sched_domain.cpu31.domain2.wake_idx = 0
kernel.sched_domain.cpu4.domain0.busy_factor = 32
kernel.sched_domain.cpu4.domain0.busy_idx = 0
kernel.sched_domain.cpu4.domain0.cache_nice_tries = 0
kernel.sched_domain.cpu4.domain0.flags = 687
kernel.sched_domain.cpu4.domain0.forkexec_idx = 0
kernel.sched_domain.cpu4.domain0.idle_idx = 0
kernel.sched_domain.cpu4.domain0.imbalance_pct = 110
kernel.sched_domain.cpu4.domain0.max_interval = 4
kernel.sched_domain.cpu4.domain0.max_newidle_lb_cost = 11463
kernel.sched_domain.cpu4.domain0.min_interval = 2
kernel.sched_domain.cpu4.domain0.name = SMT
kernel.sched_domain.cpu4.domain0.newidle_idx = 0
kernel.sched_domain.cpu4.domain0.wake_idx = 0
kernel.sched_domain.cpu4.domain1.busy_factor = 32
kernel.sched_domain.cpu4.domain1.busy_idx = 2
kernel.sched_domain.cpu4.domain1.cache_nice_tries = 1
kernel.sched_domain.cpu4.domain1.flags = 4655
kernel.sched_domain.cpu4.domain1.forkexec_idx = 0
kernel.sched_domain.cpu4.domain1.idle_idx = 0
kernel.sched_domain.cpu4.domain1.imbalance_pct = 117
kernel.sched_domain.cpu4.domain1.max_interval = 32
kernel.sched_domain.cpu4.domain1.max_newidle_lb_cost = 16655
kernel.sched_domain.cpu4.domain1.min_interval = 16
kernel.sched_domain.cpu4.domain1.name = MC
kernel.sched_domain.cpu4.domain1.newidle_idx = 0
kernel.sched_domain.cpu4.domain1.wake_idx = 0
kernel.sched_domain.cpu4.domain2.busy_factor = 32
kernel.sched_domain.cpu4.domain2.busy_idx = 3
kernel.sched_domain.cpu4.domain2.cache_nice_tries = 2
kernel.sched_domain.cpu4.domain2.flags = 25647
kernel.sched_domain.cpu4.domain2.forkexec_idx = 0
kernel.sched_domain.cpu4.domain2.idle_idx = 2
kernel.sched_domain.cpu4.domain2.imbalance_pct = 125
kernel.sched_domain.cpu4.domain2.max_interval = 64
kernel.sched_domain.cpu4.domain2.max_newidle_lb_cost = 10858
kernel.sched_domain.cpu4.domain2.min_interval = 32
kernel.sched_domain.cpu4.domain2.name = NUMA
kernel.sched_domain.cpu4.domain2.newidle_idx = 0
kernel.sched_domain.cpu4.domain2.wake_idx = 0
kernel.sched_domain.cpu5.domain0.busy_factor = 32
kernel.sched_domain.cpu5.domain0.busy_idx = 0
kernel.sched_domain.cpu5.domain0.cache_nice_tries = 0
kernel.sched_domain.cpu5.domain0.flags = 687
kernel.sched_domain.cpu5.domain0.forkexec_idx = 0
kernel.sched_domain.cpu5.domain0.idle_idx = 0
kernel.sched_domain.cpu5.domain0.imbalance_pct = 110
kernel.sched_domain.cpu5.domain0.max_interval = 4
kernel.sched_domain.cpu5.domain0.max_newidle_lb_cost = 9780
kernel.sched_domain.cpu5.domain0.min_interval = 2
kernel.sched_domain.cpu5.domain0.name = SMT
kernel.sched_domain.cpu5.domain0.newidle_idx = 0
kernel.sched_domain.cpu5.domain0.wake_idx = 0
kernel.sched_domain.cpu5.domain1.busy_factor = 32
kernel.sched_domain.cpu5.domain1.busy_idx = 2
kernel.sched_domain.cpu5.domain1.cache_nice_tries = 1
kernel.sched_domain.cpu5.domain1.flags = 4655
kernel.sched_domain.cpu5.domain1.forkexec_idx = 0
kernel.sched_domain.cpu5.domain1.idle_idx = 0
kernel.sched_domain.cpu5.domain1.imbalance_pct = 117
kernel.sched_domain.cpu5.domain1.max_interval = 32
kernel.sched_domain.cpu5.domain1.max_newidle_lb_cost = 18602
kernel.sched_domain.cpu5.domain1.min_interval = 16
kernel.sched_domain.cpu5.domain1.name = MC
kernel.sched_domain.cpu5.domain1.newidle_idx = 0
kernel.sched_domain.cpu5.domain1.wake_idx = 0
kernel.sched_domain.cpu5.domain2.busy_factor = 32
kernel.sched_domain.cpu5.domain2.busy_idx = 3
kernel.sched_domain.cpu5.domain2.cache_nice_tries = 2
kernel.sched_domain.cpu5.domain2.flags = 25647
kernel.sched_domain.cpu5.domain2.forkexec_idx = 0
kernel.sched_domain.cpu5.domain2.idle_idx = 2
kernel.sched_domain.cpu5.domain2.imbalance_pct = 125
kernel.sched_domain.cpu5.domain2.max_interval = 64
kernel.sched_domain.cpu5.domain2.max_newidle_lb_cost = 15044
kernel.sched_domain.cpu5.domain2.min_interval = 32
kernel.sched_domain.cpu5.domain2.name = NUMA
kernel.sched_domain.cpu5.domain2.newidle_idx = 0
kernel.sched_domain.cpu5.domain2.wake_idx = 0
kernel.sched_domain.cpu6.domain0.busy_factor = 32
kernel.sched_domain.cpu6.domain0.busy_idx = 0
kernel.sched_domain.cpu6.domain0.cache_nice_tries = 0
kernel.sched_domain.cpu6.domain0.flags = 687
kernel.sched_domain.cpu6.domain0.forkexec_idx = 0
kernel.sched_domain.cpu6.domain0.idle_idx = 0
kernel.sched_domain.cpu6.domain0.imbalance_pct = 110
kernel.sched_domain.cpu6.domain0.max_interval = 4
kernel.sched_domain.cpu6.domain0.max_newidle_lb_cost = 10362
kernel.sched_domain.cpu6.domain0.min_interval = 2
kernel.sched_domain.cpu6.domain0.name = SMT
kernel.sched_domain.cpu6.domain0.newidle_idx = 0
kernel.sched_domain.cpu6.domain0.wake_idx = 0
kernel.sched_domain.cpu6.domain1.busy_factor = 32
kernel.sched_domain.cpu6.domain1.busy_idx = 2
kernel.sched_domain.cpu6.domain1.cache_nice_tries = 1
kernel.sched_domain.cpu6.domain1.flags = 4655
kernel.sched_domain.cpu6.domain1.forkexec_idx = 0
kernel.sched_domain.cpu6.domain1.idle_idx = 0
kernel.sched_domain.cpu6.domain1.imbalance_pct = 117
kernel.sched_domain.cpu6.domain1.max_interval = 32
kernel.sched_domain.cpu6.domain1.max_newidle_lb_cost = 19450
kernel.sched_domain.cpu6.domain1.min_interval = 16
kernel.sched_domain.cpu6.domain1.name = MC
kernel.sched_domain.cpu6.domain1.newidle_idx = 0
kernel.sched_domain.cpu6.domain1.wake_idx = 0
kernel.sched_domain.cpu6.domain2.busy_factor = 32
kernel.sched_domain.cpu6.domain2.busy_idx = 3
kernel.sched_domain.cpu6.domain2.cache_nice_tries = 2
kernel.sched_domain.cpu6.domain2.flags = 25647
kernel.sched_domain.cpu6.domain2.forkexec_idx = 0
kernel.sched_domain.cpu6.domain2.idle_idx = 2
kernel.sched_domain.cpu6.domain2.imbalance_pct = 125
kernel.sched_domain.cpu6.domain2.max_interval = 64
kernel.sched_domain.cpu6.domain2.max_newidle_lb_cost = 17377
kernel.sched_domain.cpu6.domain2.min_interval = 32
kernel.sched_domain.cpu6.domain2.name = NUMA
kernel.sched_domain.cpu6.domain2.newidle_idx = 0
kernel.sched_domain.cpu6.domain2.wake_idx = 0
kernel.sched_domain.cpu7.domain0.busy_factor = 32
kernel.sched_domain.cpu7.domain0.busy_idx = 0
kernel.sched_domain.cpu7.domain0.cache_nice_tries = 0
kernel.sched_domain.cpu7.domain0.flags = 687
kernel.sched_domain.cpu7.domain0.forkexec_idx = 0
kernel.sched_domain.cpu7.domain0.idle_idx = 0
kernel.sched_domain.cpu7.domain0.imbalance_pct = 110
kernel.sched_domain.cpu7.domain0.max_interval = 4
kernel.sched_domain.cpu7.domain0.max_newidle_lb_cost = 13263
kernel.sched_domain.cpu7.domain0.min_interval = 2
kernel.sched_domain.cpu7.domain0.name = SMT
kernel.sched_domain.cpu7.domain0.newidle_idx = 0
kernel.sched_domain.cpu7.domain0.wake_idx = 0
kernel.sched_domain.cpu7.domain1.busy_factor = 32
kernel.sched_domain.cpu7.domain1.busy_idx = 2
kernel.sched_domain.cpu7.domain1.cache_nice_tries = 1
kernel.sched_domain.cpu7.domain1.flags = 4655
kernel.sched_domain.cpu7.domain1.forkexec_idx = 0
kernel.sched_domain.cpu7.domain1.idle_idx = 0
kernel.sched_domain.cpu7.domain1.imbalance_pct = 117
kernel.sched_domain.cpu7.domain1.max_interval = 32
kernel.sched_domain.cpu7.domain1.max_newidle_lb_cost = 26787
kernel.sched_domain.cpu7.domain1.min_interval = 16
kernel.sched_domain.cpu7.domain1.name = MC
kernel.sched_domain.cpu7.domain1.newidle_idx = 0
kernel.sched_domain.cpu7.domain1.wake_idx = 0
kernel.sched_domain.cpu7.domain2.busy_factor = 32
kernel.sched_domain.cpu7.domain2.busy_idx = 3
kernel.sched_domain.cpu7.domain2.cache_nice_tries = 2
kernel.sched_domain.cpu7.domain2.flags = 25647
kernel.sched_domain.cpu7.domain2.forkexec_idx = 0
kernel.sched_domain.cpu7.domain2.idle_idx = 2
kernel.sched_domain.cpu7.domain2.imbalance_pct = 125
kernel.sched_domain.cpu7.domain2.max_interval = 64
kernel.sched_domain.cpu7.domain2.max_newidle_lb_cost = 15804
kernel.sched_domain.cpu7.domain2.min_interval = 32
kernel.sched_domain.cpu7.domain2.name = NUMA
kernel.sched_domain.cpu7.domain2.newidle_idx = 0
kernel.sched_domain.cpu7.domain2.wake_idx = 0
kernel.sched_domain.cpu8.domain0.busy_factor = 32
kernel.sched_domain.cpu8.domain0.busy_idx = 0
kernel.sched_domain.cpu8.domain0.cache_nice_tries = 0
kernel.sched_domain.cpu8.domain0.flags = 687
kernel.sched_domain.cpu8.domain0.forkexec_idx = 0
kernel.sched_domain.cpu8.domain0.idle_idx = 0
kernel.sched_domain.cpu8.domain0.imbalance_pct = 110
kernel.sched_domain.cpu8.domain0.max_interval = 4
kernel.sched_domain.cpu8.domain0.max_newidle_lb_cost = 12706
kernel.sched_domain.cpu8.domain0.min_interval = 2
kernel.sched_domain.cpu8.domain0.name = SMT
kernel.sched_domain.cpu8.domain0.newidle_idx = 0
kernel.sched_domain.cpu8.domain0.wake_idx = 0
kernel.sched_domain.cpu8.domain1.busy_factor = 32
kernel.sched_domain.cpu8.domain1.busy_idx = 2
kernel.sched_domain.cpu8.domain1.cache_nice_tries = 1
kernel.sched_domain.cpu8.domain1.flags = 4655
kernel.sched_domain.cpu8.domain1.forkexec_idx = 0
kernel.sched_domain.cpu8.domain1.idle_idx = 0
kernel.sched_domain.cpu8.domain1.imbalance_pct = 117
kernel.sched_domain.cpu8.domain1.max_interval = 32
kernel.sched_domain.cpu8.domain1.max_newidle_lb_cost = 13273
kernel.sched_domain.cpu8.domain1.min_interval = 16
kernel.sched_domain.cpu8.domain1.name = MC
kernel.sched_domain.cpu8.domain1.newidle_idx = 0
kernel.sched_domain.cpu8.domain1.wake_idx = 0
kernel.sched_domain.cpu8.domain2.busy_factor = 32
kernel.sched_domain.cpu8.domain2.busy_idx = 3
kernel.sched_domain.cpu8.domain2.cache_nice_tries = 2
kernel.sched_domain.cpu8.domain2.flags = 25647
kernel.sched_domain.cpu8.domain2.forkexec_idx = 0
kernel.sched_domain.cpu8.domain2.idle_idx = 2
kernel.sched_domain.cpu8.domain2.imbalance_pct = 125
kernel.sched_domain.cpu8.domain2.max_interval = 64
kernel.sched_domain.cpu8.domain2.max_newidle_lb_cost = 28028
kernel.sched_domain.cpu8.domain2.min_interval = 32
kernel.sched_domain.cpu8.domain2.name = NUMA
kernel.sched_domain.cpu8.domain2.newidle_idx = 0
kernel.sched_domain.cpu8.domain2.wake_idx = 0
kernel.sched_domain.cpu9.domain0.busy_factor = 32
kernel.sched_domain.cpu9.domain0.busy_idx = 0
kernel.sched_domain.cpu9.domain0.cache_nice_tries = 0
kernel.sched_domain.cpu9.domain0.flags = 687
kernel.sched_domain.cpu9.domain0.forkexec_idx = 0
kernel.sched_domain.cpu9.domain0.idle_idx = 0
kernel.sched_domain.cpu9.domain0.imbalance_pct = 110
kernel.sched_domain.cpu9.domain0.max_interval = 4
kernel.sched_domain.cpu9.domain0.max_newidle_lb_cost = 11163
kernel.sched_domain.cpu9.domain0.min_interval = 2
kernel.sched_domain.cpu9.domain0.name = SMT
kernel.sched_domain.cpu9.domain0.newidle_idx = 0
kernel.sched_domain.cpu9.domain0.wake_idx = 0
kernel.sched_domain.cpu9.domain1.busy_factor = 32
kernel.sched_domain.cpu9.domain1.busy_idx = 2
kernel.sched_domain.cpu9.domain1.cache_nice_tries = 1
kernel.sched_domain.cpu9.domain1.flags = 4655
kernel.sched_domain.cpu9.domain1.forkexec_idx = 0
kernel.sched_domain.cpu9.domain1.idle_idx = 0
kernel.sched_domain.cpu9.domain1.imbalance_pct = 117
kernel.sched_domain.cpu9.domain1.max_interval = 32
kernel.sched_domain.cpu9.domain1.max_newidle_lb_cost = 20261
kernel.sched_domain.cpu9.domain1.min_interval = 16
kernel.sched_domain.cpu9.domain1.name = MC
kernel.sched_domain.cpu9.domain1.newidle_idx = 0
kernel.sched_domain.cpu9.domain1.wake_idx = 0
kernel.sched_domain.cpu9.domain2.busy_factor = 32
kernel.sched_domain.cpu9.domain2.busy_idx = 3
kernel.sched_domain.cpu9.domain2.cache_nice_tries = 2
kernel.sched_domain.cpu9.domain2.flags = 25647
kernel.sched_domain.cpu9.domain2.forkexec_idx = 0
kernel.sched_domain.cpu9.domain2.idle_idx = 2
kernel.sched_domain.cpu9.domain2.imbalance_pct = 125
kernel.sched_domain.cpu9.domain2.max_interval = 64
kernel.sched_domain.cpu9.domain2.max_newidle_lb_cost = 19684
kernel.sched_domain.cpu9.domain2.min_interval = 32
kernel.sched_domain.cpu9.domain2.name = NUMA
kernel.sched_domain.cpu9.domain2.newidle_idx = 0
kernel.sched_domain.cpu9.domain2.wake_idx = 0
kernel.sched_latency_ns = 24000000
kernel.sched_migration_cost_ns = 500000
kernel.sched_min_granularity_ns = 10000000
kernel.sched_nr_migrate = 32
kernel.sched_rr_timeslice_ms = 100
kernel.sched_rt_period_us = 1000000
kernel.sched_rt_runtime_us = 950000
kernel.sched_schedstats = 0
kernel.sched_shares_window_ns = 10000000
kernel.sched_time_avg_ms = 1000
kernel.sched_tunable_scaling = 1
kernel.sched_wakeup_granularity_ns = 15000000
kernel.sem = 250	32000	32	128
kernel.sem_next_id = -1
kernel.shm_next_id = -1
kernel.shm_rmid_forced = 0
kernel.shmall = 18446744073692774399
kernel.shmmax = 18446744073692774399
kernel.shmmni = 4096
kernel.softlockup_all_cpu_backtrace = 0
kernel.softlockup_panic = 0
kernel.stack_tracer_enabled = 0
kernel.sysrq = 16
kernel.tainted = 0
kernel.threads-max = 1030264
kernel.timer_migration = 1
kernel.traceoff_on_warning = 0
kernel.unknown_nmi_panic = 0
kernel.version = #1 SMP Wed Mar 7 19:03:37 UTC 2018
kernel.watchdog = 1
kernel.watchdog_cpumask = 0-31
kernel.watchdog_thresh = 10
kernel.yama.ptrace_scope = 0
net.core.bpf_jit_enable = 0
net.core.busy_poll = 0
net.core.busy_read = 0
net.core.default_qdisc = fq
net.core.dev_weight = 64
net.core.message_burst = 10
net.core.message_cost = 5
net.core.netdev_budget = 300
net.core.netdev_max_backlog = 1000
net.core.netdev_rss_key = 71:ac:86:f3:eb:56:e5:e3:22:20:01:85:77:fc:db:64:bd:d1:62:af:5f:f3:76:f1:9d:6d:f3:fc:56:a6:3c:32:c2:3d:a2:a5:6c:31:a5:43:41:e7:72:cd:49:74:06:0d:40:b8:f8:ee
net.core.netdev_tstamp_prequeue = 1
net.core.optmem_max = 20480
net.core.rmem_default = 212992
net.core.rmem_max = 134217728
net.core.rps_sock_flow_entries = 0
net.core.somaxconn = 128
net.core.warnings = 1
net.core.wmem_default = 212992
net.core.wmem_max = 134217728
net.core.xfrm_acq_expires = 30
net.core.xfrm_aevent_etime = 10
net.core.xfrm_aevent_rseqth = 2
net.core.xfrm_larval_drop = 1
net.ipv4.cipso_cache_bucket_size = 10
net.ipv4.cipso_cache_enable = 1
net.ipv4.cipso_rbm_optfmt = 0
net.ipv4.cipso_rbm_strictvalid = 1
net.ipv4.conf.all.accept_local = 0
net.ipv4.conf.all.accept_redirects = 1
net.ipv4.conf.all.accept_source_route = 0
net.ipv4.conf.all.arp_accept = 0
net.ipv4.conf.all.arp_announce = 0
net.ipv4.conf.all.arp_filter = 0
net.ipv4.conf.all.arp_ignore = 0
net.ipv4.conf.all.arp_notify = 0
net.ipv4.conf.all.bootp_relay = 0
net.ipv4.conf.all.disable_policy = 0
net.ipv4.conf.all.disable_xfrm = 0
net.ipv4.conf.all.force_igmp_version = 0
net.ipv4.conf.all.forwarding = 0
net.ipv4.conf.all.log_martians = 0
net.ipv4.conf.all.mc_forwarding = 0
net.ipv4.conf.all.medium_id = 0
net.ipv4.conf.all.promote_secondaries = 1
net.ipv4.conf.all.proxy_arp = 0
net.ipv4.conf.all.proxy_arp_pvlan = 0
net.ipv4.conf.all.route_localnet = 0
net.ipv4.conf.all.rp_filter = 1
net.ipv4.conf.all.secure_redirects = 1
net.ipv4.conf.all.send_redirects = 1
net.ipv4.conf.all.shared_media = 1
net.ipv4.conf.all.src_valid_mark = 0
net.ipv4.conf.all.tag = 0
net.ipv4.conf.default.accept_local = 0
net.ipv4.conf.default.accept_redirects = 1
net.ipv4.conf.default.accept_source_route = 0
net.ipv4.conf.default.arp_accept = 0
net.ipv4.conf.default.arp_announce = 0
net.ipv4.conf.default.arp_filter = 0
net.ipv4.conf.default.arp_ignore = 0
net.ipv4.conf.default.arp_notify = 0
net.ipv4.conf.default.bootp_relay = 0
net.ipv4.conf.default.disable_policy = 0
net.ipv4.conf.default.disable_xfrm = 0
net.ipv4.conf.default.force_igmp_version = 0
net.ipv4.conf.default.forwarding = 0
net.ipv4.conf.default.log_martians = 0
net.ipv4.conf.default.mc_forwarding = 0
net.ipv4.conf.default.medium_id = 0
net.ipv4.conf.default.promote_secondaries = 1
net.ipv4.conf.default.proxy_arp = 0
net.ipv4.conf.default.proxy_arp_pvlan = 0
net.ipv4.conf.default.route_localnet = 0
net.ipv4.conf.default.rp_filter = 1
net.ipv4.conf.default.secure_redirects = 1
net.ipv4.conf.default.send_redirects = 1
net.ipv4.conf.default.shared_media = 1
net.ipv4.conf.default.src_valid_mark = 0
net.ipv4.conf.default.tag = 0
net.ipv4.conf.eth0.accept_local = 0
net.ipv4.conf.eth0.accept_redirects = 1
net.ipv4.conf.eth0.accept_source_route = 0
net.ipv4.conf.eth0.arp_accept = 0
net.ipv4.conf.eth0.arp_announce = 0
net.ipv4.conf.eth0.arp_filter = 0
net.ipv4.conf.eth0.arp_ignore = 0
net.ipv4.conf.eth0.arp_notify = 0
net.ipv4.conf.eth0.bootp_relay = 0
net.ipv4.conf.eth0.disable_policy = 0
net.ipv4.conf.eth0.disable_xfrm = 0
net.ipv4.conf.eth0.force_igmp_version = 0
net.ipv4.conf.eth0.forwarding = 0
net.ipv4.conf.eth0.log_martians = 0
net.ipv4.conf.eth0.mc_forwarding = 0
net.ipv4.conf.eth0.medium_id = 0
net.ipv4.conf.eth0.promote_secondaries = 1
net.ipv4.conf.eth0.proxy_arp = 0
net.ipv4.conf.eth0.proxy_arp_pvlan = 0
net.ipv4.conf.eth0.route_localnet = 0
net.ipv4.conf.eth0.rp_filter = 1
net.ipv4.conf.eth0.secure_redirects = 1
net.ipv4.conf.eth0.send_redirects = 1
net.ipv4.conf.eth0.shared_media = 1
net.ipv4.conf.eth0.src_valid_mark = 0
net.ipv4.conf.eth0.tag = 0
net.ipv4.conf.eth1.accept_local = 0
net.ipv4.conf.eth1.accept_redirects = 1
net.ipv4.conf.eth1.accept_source_route = 0
net.ipv4.conf.eth1.arp_accept = 0
net.ipv4.conf.eth1.arp_announce = 0
net.ipv4.conf.eth1.arp_filter = 0
net.ipv4.conf.eth1.arp_ignore = 0
net.ipv4.conf.eth1.arp_notify = 0
net.ipv4.conf.eth1.bootp_relay = 0
net.ipv4.conf.eth1.disable_policy = 0
net.ipv4.conf.eth1.disable_xfrm = 0
net.ipv4.conf.eth1.force_igmp_version = 0
net.ipv4.conf.eth1.forwarding = 0
net.ipv4.conf.eth1.log_martians = 0
net.ipv4.conf.eth1.mc_forwarding = 0
net.ipv4.conf.eth1.medium_id = 0
net.ipv4.conf.eth1.promote_secondaries = 1
net.ipv4.conf.eth1.proxy_arp = 0
net.ipv4.conf.eth1.proxy_arp_pvlan = 0
net.ipv4.conf.eth1.route_localnet = 0
net.ipv4.conf.eth1.rp_filter = 1
net.ipv4.conf.eth1.secure_redirects = 1
net.ipv4.conf.eth1.send_redirects = 1
net.ipv4.conf.eth1.shared_media = 1
net.ipv4.conf.eth1.src_valid_mark = 0
net.ipv4.conf.eth1.tag = 0
net.ipv4.conf.eth2.accept_local = 0
net.ipv4.conf.eth2.accept_redirects = 1
net.ipv4.conf.eth2.accept_source_route = 0
net.ipv4.conf.eth2.arp_accept = 0
net.ipv4.conf.eth2.arp_announce = 0
net.ipv4.conf.eth2.arp_filter = 0
net.ipv4.conf.eth2.arp_ignore = 0
net.ipv4.conf.eth2.arp_notify = 0
net.ipv4.conf.eth2.bootp_relay = 0
net.ipv4.conf.eth2.disable_policy = 0
net.ipv4.conf.eth2.disable_xfrm = 0
net.ipv4.conf.eth2.force_igmp_version = 0
net.ipv4.conf.eth2.forwarding = 0
net.ipv4.conf.eth2.log_martians = 0
net.ipv4.conf.eth2.mc_forwarding = 0
net.ipv4.conf.eth2.medium_id = 0
net.ipv4.conf.eth2.promote_secondaries = 1
net.ipv4.conf.eth2.proxy_arp = 0
net.ipv4.conf.eth2.proxy_arp_pvlan = 0
net.ipv4.conf.eth2.route_localnet = 0
net.ipv4.conf.eth2.rp_filter = 1
net.ipv4.conf.eth2.secure_redirects = 1
net.ipv4.conf.eth2.send_redirects = 1
net.ipv4.conf.eth2.shared_media = 1
net.ipv4.conf.eth2.src_valid_mark = 0
net.ipv4.conf.eth2.tag = 0
net.ipv4.conf.eth3.accept_local = 0
net.ipv4.conf.eth3.accept_redirects = 1
net.ipv4.conf.eth3.accept_source_route = 0
net.ipv4.conf.eth3.arp_accept = 0
net.ipv4.conf.eth3.arp_announce = 0
net.ipv4.conf.eth3.arp_filter = 0
net.ipv4.conf.eth3.arp_ignore = 0
net.ipv4.conf.eth3.arp_notify = 0
net.ipv4.conf.eth3.bootp_relay = 0
net.ipv4.conf.eth3.disable_policy = 0
net.ipv4.conf.eth3.disable_xfrm = 0
net.ipv4.conf.eth3.force_igmp_version = 0
net.ipv4.conf.eth3.forwarding = 0
net.ipv4.conf.eth3.log_martians = 0
net.ipv4.conf.eth3.mc_forwarding = 0
net.ipv4.conf.eth3.medium_id = 0
net.ipv4.conf.eth3.promote_secondaries = 1
net.ipv4.conf.eth3.proxy_arp = 0
net.ipv4.conf.eth3.proxy_arp_pvlan = 0
net.ipv4.conf.eth3.route_localnet = 0
net.ipv4.conf.eth3.rp_filter = 1
net.ipv4.conf.eth3.secure_redirects = 1
net.ipv4.conf.eth3.send_redirects = 1
net.ipv4.conf.eth3.shared_media = 1
net.ipv4.conf.eth3.src_valid_mark = 0
net.ipv4.conf.eth3.tag = 0
net.ipv4.conf.lo.accept_local = 0
net.ipv4.conf.lo.accept_redirects = 1
net.ipv4.conf.lo.accept_source_route = 1
net.ipv4.conf.lo.arp_accept = 0
net.ipv4.conf.lo.arp_announce = 0
net.ipv4.conf.lo.arp_filter = 0
net.ipv4.conf.lo.arp_ignore = 0
net.ipv4.conf.lo.arp_notify = 0
net.ipv4.conf.lo.bootp_relay = 0
net.ipv4.conf.lo.disable_policy = 1
net.ipv4.conf.lo.disable_xfrm = 1
net.ipv4.conf.lo.force_igmp_version = 0
net.ipv4.conf.lo.forwarding = 0
net.ipv4.conf.lo.log_martians = 0
net.ipv4.conf.lo.mc_forwarding = 0
net.ipv4.conf.lo.medium_id = 0
net.ipv4.conf.lo.promote_secondaries = 0
net.ipv4.conf.lo.proxy_arp = 0
net.ipv4.conf.lo.proxy_arp_pvlan = 0
net.ipv4.conf.lo.route_localnet = 0
net.ipv4.conf.lo.rp_filter = 0
net.ipv4.conf.lo.secure_redirects = 1
net.ipv4.conf.lo.send_redirects = 1
net.ipv4.conf.lo.shared_media = 1
net.ipv4.conf.lo.src_valid_mark = 0
net.ipv4.conf.lo.tag = 0
net.ipv4.icmp_echo_ignore_all = 0
net.ipv4.icmp_echo_ignore_broadcasts = 1
net.ipv4.icmp_errors_use_inbound_ifaddr = 0
net.ipv4.icmp_ignore_bogus_error_responses = 1
net.ipv4.icmp_msgs_burst = 50
net.ipv4.icmp_msgs_per_sec = 1000
net.ipv4.icmp_ratelimit = 1000
net.ipv4.icmp_ratemask = 6168
net.ipv4.igmp_max_memberships = 20
net.ipv4.igmp_max_msf = 10
net.ipv4.igmp_qrv = 2
net.ipv4.inet_peer_maxttl = 600
net.ipv4.inet_peer_minttl = 120
net.ipv4.inet_peer_threshold = 65664
net.ipv4.ip_default_ttl = 64
net.ipv4.ip_dynaddr = 0
net.ipv4.ip_early_demux = 1
net.ipv4.ip_forward = 0
net.ipv4.ip_forward_use_pmtu = 0
net.ipv4.ip_local_port_range = 1025	60000
net.ipv4.ip_local_reserved_ports = 
net.ipv4.ip_no_pmtu_disc = 0
net.ipv4.ip_nonlocal_bind = 0
net.ipv4.ipfrag_high_thresh = 4194304
net.ipv4.ipfrag_low_thresh = 3145728
net.ipv4.ipfrag_max_dist = 64
net.ipv4.ipfrag_secret_interval = 600
net.ipv4.ipfrag_time = 30
net.ipv4.neigh.default.anycast_delay = 100
net.ipv4.neigh.default.app_solicit = 0
net.ipv4.neigh.default.base_reachable_time_ms = 30000
net.ipv4.neigh.default.delay_first_probe_time = 5
net.ipv4.neigh.default.gc_interval = 30
net.ipv4.neigh.default.gc_stale_time = 60
net.ipv4.neigh.default.gc_thresh1 = 128
net.ipv4.neigh.default.gc_thresh2 = 512
net.ipv4.neigh.default.gc_thresh3 = 1024
net.ipv4.neigh.default.locktime = 100
net.ipv4.neigh.default.mcast_solicit = 3
net.ipv4.neigh.default.proxy_delay = 80
net.ipv4.neigh.default.proxy_qlen = 64
net.ipv4.neigh.default.retrans_time_ms = 1000
net.ipv4.neigh.default.ucast_solicit = 3
net.ipv4.neigh.default.unres_qlen = 31
net.ipv4.neigh.default.unres_qlen_bytes = 65536
net.ipv4.neigh.eth0.anycast_delay = 100
net.ipv4.neigh.eth0.app_solicit = 0
net.ipv4.neigh.eth0.base_reachable_time_ms = 30000
net.ipv4.neigh.eth0.delay_first_probe_time = 5
net.ipv4.neigh.eth0.gc_stale_time = 60
net.ipv4.neigh.eth0.locktime = 100
net.ipv4.neigh.eth0.mcast_solicit = 3
net.ipv4.neigh.eth0.proxy_delay = 80
net.ipv4.neigh.eth0.proxy_qlen = 64
net.ipv4.neigh.eth0.retrans_time_ms = 1000
net.ipv4.neigh.eth0.ucast_solicit = 3
net.ipv4.neigh.eth0.unres_qlen = 31
net.ipv4.neigh.eth0.unres_qlen_bytes = 65536
net.ipv4.neigh.eth1.anycast_delay = 100
net.ipv4.neigh.eth1.app_solicit = 0
net.ipv4.neigh.eth1.base_reachable_time_ms = 30000
net.ipv4.neigh.eth1.delay_first_probe_time = 5
net.ipv4.neigh.eth1.gc_stale_time = 60
net.ipv4.neigh.eth1.locktime = 100
net.ipv4.neigh.eth1.mcast_solicit = 3
net.ipv4.neigh.eth1.proxy_delay = 80
net.ipv4.neigh.eth1.proxy_qlen = 64
net.ipv4.neigh.eth1.retrans_time_ms = 1000
net.ipv4.neigh.eth1.ucast_solicit = 3
net.ipv4.neigh.eth1.unres_qlen = 31
net.ipv4.neigh.eth1.unres_qlen_bytes = 65536
net.ipv4.neigh.eth2.anycast_delay = 100
net.ipv4.neigh.eth2.app_solicit = 0
net.ipv4.neigh.eth2.base_reachable_time_ms = 30000
net.ipv4.neigh.eth2.delay_first_probe_time = 5
net.ipv4.neigh.eth2.gc_stale_time = 60
net.ipv4.neigh.eth2.locktime = 100
net.ipv4.neigh.eth2.mcast_solicit = 3
net.ipv4.neigh.eth2.proxy_delay = 80
net.ipv4.neigh.eth2.proxy_qlen = 64
net.ipv4.neigh.eth2.retrans_time_ms = 1000
net.ipv4.neigh.eth2.ucast_solicit = 3
net.ipv4.neigh.eth2.unres_qlen = 31
net.ipv4.neigh.eth2.unres_qlen_bytes = 65536
net.ipv4.neigh.eth3.anycast_delay = 100
net.ipv4.neigh.eth3.app_solicit = 0
net.ipv4.neigh.eth3.base_reachable_time_ms = 30000
net.ipv4.neigh.eth3.delay_first_probe_time = 5
net.ipv4.neigh.eth3.gc_stale_time = 60
net.ipv4.neigh.eth3.locktime = 100
net.ipv4.neigh.eth3.mcast_solicit = 3
net.ipv4.neigh.eth3.proxy_delay = 80
net.ipv4.neigh.eth3.proxy_qlen = 64
net.ipv4.neigh.eth3.retrans_time_ms = 1000
net.ipv4.neigh.eth3.ucast_solicit = 3
net.ipv4.neigh.eth3.unres_qlen = 31
net.ipv4.neigh.eth3.unres_qlen_bytes = 65536
net.ipv4.neigh.lo.anycast_delay = 100
net.ipv4.neigh.lo.app_solicit = 0
net.ipv4.neigh.lo.base_reachable_time_ms = 30000
net.ipv4.neigh.lo.delay_first_probe_time = 5
net.ipv4.neigh.lo.gc_stale_time = 60
net.ipv4.neigh.lo.locktime = 100
net.ipv4.neigh.lo.mcast_solicit = 3
net.ipv4.neigh.lo.proxy_delay = 80
net.ipv4.neigh.lo.proxy_qlen = 64
net.ipv4.neigh.lo.retrans_time_ms = 1000
net.ipv4.neigh.lo.ucast_solicit = 3
net.ipv4.neigh.lo.unres_qlen = 31
net.ipv4.neigh.lo.unres_qlen_bytes = 65536
net.ipv4.ping_group_range = 1	0
net.ipv4.route.error_burst = 5000
net.ipv4.route.error_cost = 1000
net.ipv4.route.gc_elasticity = 8
net.ipv4.route.gc_interval = 60
net.ipv4.route.gc_min_interval = 0
net.ipv4.route.gc_min_interval_ms = 500
net.ipv4.route.gc_thresh = -1
net.ipv4.route.gc_timeout = 300
net.ipv4.route.max_size = 2147483647
net.ipv4.route.min_adv_mss = 256
net.ipv4.route.min_pmtu = 552
net.ipv4.route.mtu_expires = 600
net.ipv4.route.redirect_load = 20
net.ipv4.route.redirect_number = 9
net.ipv4.route.redirect_silence = 20480
net.ipv4.tcp_abort_on_overflow = 0
net.ipv4.tcp_adv_win_scale = 1
net.ipv4.tcp_allowed_congestion_control = htcp cubic reno
net.ipv4.tcp_app_win = 31
net.ipv4.tcp_autocorking = 1
net.ipv4.tcp_available_congestion_control = htcp cubic reno
net.ipv4.tcp_base_mss = 512
net.ipv4.tcp_challenge_ack_limit = 1000
net.ipv4.tcp_congestion_control = htcp
net.ipv4.tcp_dsack = 1
net.ipv4.tcp_early_retrans = 3
net.ipv4.tcp_ecn = 2
net.ipv4.tcp_fack = 1
net.ipv4.tcp_fastopen = 0
net.ipv4.tcp_fin_timeout = 60
net.ipv4.tcp_frto = 2
net.ipv4.tcp_invalid_ratelimit = 500
net.ipv4.tcp_keepalive_intvl = 75
net.ipv4.tcp_keepalive_probes = 9
net.ipv4.tcp_keepalive_time = 7200
net.ipv4.tcp_limit_output_bytes = 262144
net.ipv4.tcp_low_latency = 0
net.ipv4.tcp_max_orphans = 262144
net.ipv4.tcp_max_ssthresh = 0
net.ipv4.tcp_max_syn_backlog = 2048
net.ipv4.tcp_max_tw_buckets = 262144
net.ipv4.tcp_mem = 100000000	100000000	100000000
net.ipv4.tcp_min_tso_segs = 2
net.ipv4.tcp_moderate_rcvbuf = 1
net.ipv4.tcp_mtu_probing = 1
net.ipv4.tcp_no_metrics_save = 0
net.ipv4.tcp_notsent_lowat = -1
net.ipv4.tcp_orphan_retries = 0
net.ipv4.tcp_reordering = 3
net.ipv4.tcp_retrans_collapse = 1
net.ipv4.tcp_retries1 = 3
net.ipv4.tcp_retries2 = 15
net.ipv4.tcp_rfc1337 = 0
net.ipv4.tcp_rmem = 4096	87380	8388608
net.ipv4.tcp_sack = 1
net.ipv4.tcp_slow_start_after_idle = 1
net.ipv4.tcp_stdurg = 0
net.ipv4.tcp_syn_retries = 6
net.ipv4.tcp_synack_retries = 5
net.ipv4.tcp_syncookies = 1
net.ipv4.tcp_thin_dupack = 0
net.ipv4.tcp_thin_linear_timeouts = 0
net.ipv4.tcp_timestamps = 1
net.ipv4.tcp_tso_win_divisor = 3
net.ipv4.tcp_tw_recycle = 1
net.ipv4.tcp_tw_reuse = 1
net.ipv4.tcp_window_scaling = 1
net.ipv4.tcp_wmem = 4096	87380	8388608
net.ipv4.tcp_workaround_signed_windows = 0
net.ipv4.udp_mem = 3090792	4121056	6181584
net.ipv4.udp_rmem_min = 4096
net.ipv4.udp_wmem_min = 4096
net.ipv4.xfrm4_gc_thresh = 32768
net.ipv6.anycast_src_echo_reply = 0
net.ipv6.bindv6only = 0
net.ipv6.conf.all.accept_dad = 1
net.ipv6.conf.all.accept_ra = 1
net.ipv6.conf.all.accept_ra_defrtr = 1
net.ipv6.conf.all.accept_ra_pinfo = 1
net.ipv6.conf.all.accept_ra_rt_info_max_plen = 0
net.ipv6.conf.all.accept_ra_rtr_pref = 1
net.ipv6.conf.all.accept_redirects = 1
net.ipv6.conf.all.accept_source_route = 0
net.ipv6.conf.all.autoconf = 1
net.ipv6.conf.all.dad_transmits = 1
net.ipv6.conf.all.disable_ipv6 = 0
net.ipv6.conf.all.force_mld_version = 0
net.ipv6.conf.all.force_tllao = 0
net.ipv6.conf.all.forwarding = 0
net.ipv6.conf.all.hop_limit = 64
net.ipv6.conf.all.max_addresses = 16
net.ipv6.conf.all.max_desync_factor = 600
net.ipv6.conf.all.mc_forwarding = 0
net.ipv6.conf.all.mldv1_unsolicited_report_interval = 10000
net.ipv6.conf.all.mldv2_unsolicited_report_interval = 1000
net.ipv6.conf.all.mtu = 1280
net.ipv6.conf.all.ndisc_notify = 0
net.ipv6.conf.all.optimistic_dad = 0
net.ipv6.conf.all.proxy_ndp = 0
net.ipv6.conf.all.regen_max_retry = 3
net.ipv6.conf.all.router_probe_interval = 60
net.ipv6.conf.all.router_solicitation_delay = 1
net.ipv6.conf.all.router_solicitation_interval = 4
net.ipv6.conf.all.router_solicitations = 3
net.ipv6.conf.all.temp_prefered_lft = 86400
net.ipv6.conf.all.temp_valid_lft = 604800
net.ipv6.conf.all.use_tempaddr = 0
net.ipv6.conf.default.accept_dad = 1
net.ipv6.conf.default.accept_ra = 1
net.ipv6.conf.default.accept_ra_defrtr = 1
net.ipv6.conf.default.accept_ra_pinfo = 1
net.ipv6.conf.default.accept_ra_rt_info_max_plen = 0
net.ipv6.conf.default.accept_ra_rtr_pref = 1
net.ipv6.conf.default.accept_redirects = 1
net.ipv6.conf.default.accept_source_route = 0
net.ipv6.conf.default.autoconf = 1
net.ipv6.conf.default.dad_transmits = 1
net.ipv6.conf.default.disable_ipv6 = 0
net.ipv6.conf.default.force_mld_version = 0
net.ipv6.conf.default.force_tllao = 0
net.ipv6.conf.default.forwarding = 0
net.ipv6.conf.default.hop_limit = 64
net.ipv6.conf.default.max_addresses = 16
net.ipv6.conf.default.max_desync_factor = 600
net.ipv6.conf.default.mc_forwarding = 0
net.ipv6.conf.default.mldv1_unsolicited_report_interval = 10000
net.ipv6.conf.default.mldv2_unsolicited_report_interval = 1000
net.ipv6.conf.default.mtu = 1280
net.ipv6.conf.default.ndisc_notify = 0
net.ipv6.conf.default.optimistic_dad = 0
net.ipv6.conf.default.proxy_ndp = 0
net.ipv6.conf.default.regen_max_retry = 3
net.ipv6.conf.default.router_probe_interval = 60
net.ipv6.conf.default.router_solicitation_delay = 1
net.ipv6.conf.default.router_solicitation_interval = 4
net.ipv6.conf.default.router_solicitations = 3
net.ipv6.conf.default.temp_prefered_lft = 86400
net.ipv6.conf.default.temp_valid_lft = 604800
net.ipv6.conf.default.use_tempaddr = 0
net.ipv6.conf.eth0.accept_dad = 1
net.ipv6.conf.eth0.accept_ra = 1
net.ipv6.conf.eth0.accept_ra_defrtr = 1
net.ipv6.conf.eth0.accept_ra_pinfo = 1
net.ipv6.conf.eth0.accept_ra_rt_info_max_plen = 0
net.ipv6.conf.eth0.accept_ra_rtr_pref = 1
net.ipv6.conf.eth0.accept_redirects = 1
net.ipv6.conf.eth0.accept_source_route = 0
net.ipv6.conf.eth0.autoconf = 1
net.ipv6.conf.eth0.dad_transmits = 1
net.ipv6.conf.eth0.disable_ipv6 = 0
net.ipv6.conf.eth0.force_mld_version = 0
net.ipv6.conf.eth0.force_tllao = 0
net.ipv6.conf.eth0.forwarding = 0
net.ipv6.conf.eth0.hop_limit = 64
net.ipv6.conf.eth0.max_addresses = 16
net.ipv6.conf.eth0.max_desync_factor = 600
net.ipv6.conf.eth0.mc_forwarding = 0
net.ipv6.conf.eth0.mldv1_unsolicited_report_interval = 10000
net.ipv6.conf.eth0.mldv2_unsolicited_report_interval = 1000
net.ipv6.conf.eth0.mtu = 8700
net.ipv6.conf.eth0.ndisc_notify = 0
net.ipv6.conf.eth0.optimistic_dad = 0
net.ipv6.conf.eth0.proxy_ndp = 0
net.ipv6.conf.eth0.regen_max_retry = 3
net.ipv6.conf.eth0.router_probe_interval = 60
net.ipv6.conf.eth0.router_solicitation_delay = 1
net.ipv6.conf.eth0.router_solicitation_interval = 4
net.ipv6.conf.eth0.router_solicitations = 3
net.ipv6.conf.eth0.temp_prefered_lft = 86400
net.ipv6.conf.eth0.temp_valid_lft = 604800
net.ipv6.conf.eth0.use_tempaddr = 0
net.ipv6.conf.eth1.accept_dad = 1
net.ipv6.conf.eth1.accept_ra = 1
net.ipv6.conf.eth1.accept_ra_defrtr = 1
net.ipv6.conf.eth1.accept_ra_pinfo = 1
net.ipv6.conf.eth1.accept_ra_rt_info_max_plen = 0
net.ipv6.conf.eth1.accept_ra_rtr_pref = 1
net.ipv6.conf.eth1.accept_redirects = 1
net.ipv6.conf.eth1.accept_source_route = 0
net.ipv6.conf.eth1.autoconf = 1
net.ipv6.conf.eth1.dad_transmits = 1
net.ipv6.conf.eth1.disable_ipv6 = 0
net.ipv6.conf.eth1.force_mld_version = 0
net.ipv6.conf.eth1.force_tllao = 0
net.ipv6.conf.eth1.forwarding = 0
net.ipv6.conf.eth1.hop_limit = 64
net.ipv6.conf.eth1.max_addresses = 16
net.ipv6.conf.eth1.max_desync_factor = 600
net.ipv6.conf.eth1.mc_forwarding = 0
net.ipv6.conf.eth1.mldv1_unsolicited_report_interval = 10000
net.ipv6.conf.eth1.mldv2_unsolicited_report_interval = 1000
net.ipv6.conf.eth1.mtu = 1500
net.ipv6.conf.eth1.ndisc_notify = 0
net.ipv6.conf.eth1.optimistic_dad = 0
net.ipv6.conf.eth1.proxy_ndp = 0
net.ipv6.conf.eth1.regen_max_retry = 3
net.ipv6.conf.eth1.router_probe_interval = 60
net.ipv6.conf.eth1.router_solicitation_delay = 1
net.ipv6.conf.eth1.router_solicitation_interval = 4
net.ipv6.conf.eth1.router_solicitations = 3
net.ipv6.conf.eth1.temp_prefered_lft = 86400
net.ipv6.conf.eth1.temp_valid_lft = 604800
net.ipv6.conf.eth1.use_tempaddr = 0
net.ipv6.conf.eth2.accept_dad = 1
net.ipv6.conf.eth2.accept_ra = 1
net.ipv6.conf.eth2.accept_ra_defrtr = 1
net.ipv6.conf.eth2.accept_ra_pinfo = 1
net.ipv6.conf.eth2.accept_ra_rt_info_max_plen = 0
net.ipv6.conf.eth2.accept_ra_rtr_pref = 1
net.ipv6.conf.eth2.accept_redirects = 1
net.ipv6.conf.eth2.accept_source_route = 0
net.ipv6.conf.eth2.autoconf = 1
net.ipv6.conf.eth2.dad_transmits = 1
net.ipv6.conf.eth2.disable_ipv6 = 0
net.ipv6.conf.eth2.force_mld_version = 0
net.ipv6.conf.eth2.force_tllao = 0
net.ipv6.conf.eth2.forwarding = 0
net.ipv6.conf.eth2.hop_limit = 64
net.ipv6.conf.eth2.max_addresses = 16
net.ipv6.conf.eth2.max_desync_factor = 600
net.ipv6.conf.eth2.mc_forwarding = 0
net.ipv6.conf.eth2.mldv1_unsolicited_report_interval = 10000
net.ipv6.conf.eth2.mldv2_unsolicited_report_interval = 1000
net.ipv6.conf.eth2.mtu = 1500
net.ipv6.conf.eth2.ndisc_notify = 0
net.ipv6.conf.eth2.optimistic_dad = 0
net.ipv6.conf.eth2.proxy_ndp = 0
net.ipv6.conf.eth2.regen_max_retry = 3
net.ipv6.conf.eth2.router_probe_interval = 60
net.ipv6.conf.eth2.router_solicitation_delay = 1
net.ipv6.conf.eth2.router_solicitation_interval = 4
net.ipv6.conf.eth2.router_solicitations = 3
net.ipv6.conf.eth2.temp_prefered_lft = 86400
net.ipv6.conf.eth2.temp_valid_lft = 604800
net.ipv6.conf.eth2.use_tempaddr = 0
net.ipv6.conf.eth3.accept_dad = 1
net.ipv6.conf.eth3.accept_ra = 1
net.ipv6.conf.eth3.accept_ra_defrtr = 1
net.ipv6.conf.eth3.accept_ra_pinfo = 1
net.ipv6.conf.eth3.accept_ra_rt_info_max_plen = 0
net.ipv6.conf.eth3.accept_ra_rtr_pref = 1
net.ipv6.conf.eth3.accept_redirects = 1
net.ipv6.conf.eth3.accept_source_route = 0
net.ipv6.conf.eth3.autoconf = 1
net.ipv6.conf.eth3.dad_transmits = 1
net.ipv6.conf.eth3.disable_ipv6 = 0
net.ipv6.conf.eth3.force_mld_version = 0
net.ipv6.conf.eth3.force_tllao = 0
net.ipv6.conf.eth3.forwarding = 0
net.ipv6.conf.eth3.hop_limit = 64
net.ipv6.conf.eth3.max_addresses = 16
net.ipv6.conf.eth3.max_desync_factor = 600
net.ipv6.conf.eth3.mc_forwarding = 0
net.ipv6.conf.eth3.mldv1_unsolicited_report_interval = 10000
net.ipv6.conf.eth3.mldv2_unsolicited_report_interval = 1000
net.ipv6.conf.eth3.mtu = 1500
net.ipv6.conf.eth3.ndisc_notify = 0
net.ipv6.conf.eth3.optimistic_dad = 0
net.ipv6.conf.eth3.proxy_ndp = 0
net.ipv6.conf.eth3.regen_max_retry = 3
net.ipv6.conf.eth3.router_probe_interval = 60
net.ipv6.conf.eth3.router_solicitation_delay = 1
net.ipv6.conf.eth3.router_solicitation_interval = 4
net.ipv6.conf.eth3.router_solicitations = 3
net.ipv6.conf.eth3.temp_prefered_lft = 86400
net.ipv6.conf.eth3.temp_valid_lft = 604800
net.ipv6.conf.eth3.use_tempaddr = 0
net.ipv6.conf.lo.accept_dad = -1
net.ipv6.conf.lo.accept_ra = 1
net.ipv6.conf.lo.accept_ra_defrtr = 1
net.ipv6.conf.lo.accept_ra_pinfo = 1
net.ipv6.conf.lo.accept_ra_rt_info_max_plen = 0
net.ipv6.conf.lo.accept_ra_rtr_pref = 1
net.ipv6.conf.lo.accept_redirects = 1
net.ipv6.conf.lo.accept_source_route = 0
net.ipv6.conf.lo.autoconf = 1
net.ipv6.conf.lo.dad_transmits = 1
net.ipv6.conf.lo.disable_ipv6 = 0
net.ipv6.conf.lo.force_mld_version = 0
net.ipv6.conf.lo.force_tllao = 0
net.ipv6.conf.lo.forwarding = 0
net.ipv6.conf.lo.hop_limit = 64
net.ipv6.conf.lo.max_addresses = 16
net.ipv6.conf.lo.max_desync_factor = 600
net.ipv6.conf.lo.mc_forwarding = 0
net.ipv6.conf.lo.mldv1_unsolicited_report_interval = 10000
net.ipv6.conf.lo.mldv2_unsolicited_report_interval = 1000
net.ipv6.conf.lo.mtu = 65536
net.ipv6.conf.lo.ndisc_notify = 0
net.ipv6.conf.lo.optimistic_dad = 0
net.ipv6.conf.lo.proxy_ndp = 0
net.ipv6.conf.lo.regen_max_retry = 3
net.ipv6.conf.lo.router_probe_interval = 60
net.ipv6.conf.lo.router_solicitation_delay = 1
net.ipv6.conf.lo.router_solicitation_interval = 4
net.ipv6.conf.lo.router_solicitations = 3
net.ipv6.conf.lo.temp_prefered_lft = 86400
net.ipv6.conf.lo.temp_valid_lft = 604800
net.ipv6.conf.lo.use_tempaddr = -1
net.ipv6.icmp.ratelimit = 1000
net.ipv6.idgen_delay = 1
net.ipv6.idgen_retries = 3
net.ipv6.ip6frag_high_thresh = 4194304
net.ipv6.ip6frag_low_thresh = 3145728
net.ipv6.ip6frag_secret_interval = 600
net.ipv6.ip6frag_time = 60
net.ipv6.ip_nonlocal_bind = 0
net.ipv6.mld_max_msf = 64
net.ipv6.mld_qrv = 2
net.ipv6.neigh.default.anycast_delay = 100
net.ipv6.neigh.default.app_solicit = 0
net.ipv6.neigh.default.base_reachable_time_ms = 30000
net.ipv6.neigh.default.delay_first_probe_time = 5
net.ipv6.neigh.default.gc_interval = 30
net.ipv6.neigh.default.gc_stale_time = 60
net.ipv6.neigh.default.gc_thresh1 = 128
net.ipv6.neigh.default.gc_thresh2 = 512
net.ipv6.neigh.default.gc_thresh3 = 1024
net.ipv6.neigh.default.locktime = 0
net.ipv6.neigh.default.mcast_solicit = 3
net.ipv6.neigh.default.proxy_delay = 80
net.ipv6.neigh.default.proxy_qlen = 64
net.ipv6.neigh.default.retrans_time_ms = 1000
net.ipv6.neigh.default.ucast_solicit = 3
net.ipv6.neigh.default.unres_qlen = 31
net.ipv6.neigh.default.unres_qlen_bytes = 65536
net.ipv6.neigh.eth0.anycast_delay = 100
net.ipv6.neigh.eth0.app_solicit = 0
net.ipv6.neigh.eth0.base_reachable_time_ms = 30000
net.ipv6.neigh.eth0.delay_first_probe_time = 5
net.ipv6.neigh.eth0.gc_stale_time = 60
net.ipv6.neigh.eth0.locktime = 0
net.ipv6.neigh.eth0.mcast_solicit = 3
net.ipv6.neigh.eth0.proxy_delay = 80
net.ipv6.neigh.eth0.proxy_qlen = 64
net.ipv6.neigh.eth0.retrans_time_ms = 1000
net.ipv6.neigh.eth0.ucast_solicit = 3
net.ipv6.neigh.eth0.unres_qlen = 31
net.ipv6.neigh.eth0.unres_qlen_bytes = 65536
net.ipv6.neigh.eth1.anycast_delay = 100
net.ipv6.neigh.eth1.app_solicit = 0
net.ipv6.neigh.eth1.base_reachable_time_ms = 30000
net.ipv6.neigh.eth1.delay_first_probe_time = 5
net.ipv6.neigh.eth1.gc_stale_time = 60
net.ipv6.neigh.eth1.locktime = 0
net.ipv6.neigh.eth1.mcast_solicit = 3
net.ipv6.neigh.eth1.proxy_delay = 80
net.ipv6.neigh.eth1.proxy_qlen = 64
net.ipv6.neigh.eth1.retrans_time_ms = 1000
net.ipv6.neigh.eth1.ucast_solicit = 3
net.ipv6.neigh.eth1.unres_qlen = 31
net.ipv6.neigh.eth1.unres_qlen_bytes = 65536
net.ipv6.neigh.eth2.anycast_delay = 100
net.ipv6.neigh.eth2.app_solicit = 0
net.ipv6.neigh.eth2.base_reachable_time_ms = 30000
net.ipv6.neigh.eth2.delay_first_probe_time = 5
net.ipv6.neigh.eth2.gc_stale_time = 60
net.ipv6.neigh.eth2.locktime = 0
net.ipv6.neigh.eth2.mcast_solicit = 3
net.ipv6.neigh.eth2.proxy_delay = 80
net.ipv6.neigh.eth2.proxy_qlen = 64
net.ipv6.neigh.eth2.retrans_time_ms = 1000
net.ipv6.neigh.eth2.ucast_solicit = 3
net.ipv6.neigh.eth2.unres_qlen = 31
net.ipv6.neigh.eth2.unres_qlen_bytes = 65536
net.ipv6.neigh.eth3.anycast_delay = 100
net.ipv6.neigh.eth3.app_solicit = 0
net.ipv6.neigh.eth3.base_reachable_time_ms = 30000
net.ipv6.neigh.eth3.delay_first_probe_time = 5
net.ipv6.neigh.eth3.gc_stale_time = 60
net.ipv6.neigh.eth3.locktime = 0
net.ipv6.neigh.eth3.mcast_solicit = 3
net.ipv6.neigh.eth3.proxy_delay = 80
net.ipv6.neigh.eth3.proxy_qlen = 64
net.ipv6.neigh.eth3.retrans_time_ms = 1000
net.ipv6.neigh.eth3.ucast_solicit = 3
net.ipv6.neigh.eth3.unres_qlen = 31
net.ipv6.neigh.eth3.unres_qlen_bytes = 65536
net.ipv6.neigh.lo.anycast_delay = 100
net.ipv6.neigh.lo.app_solicit = 0
net.ipv6.neigh.lo.base_reachable_time_ms = 30000
net.ipv6.neigh.lo.delay_first_probe_time = 5
net.ipv6.neigh.lo.gc_stale_time = 60
net.ipv6.neigh.lo.locktime = 0
net.ipv6.neigh.lo.mcast_solicit = 3
net.ipv6.neigh.lo.proxy_delay = 80
net.ipv6.neigh.lo.proxy_qlen = 64
net.ipv6.neigh.lo.retrans_time_ms = 1000
net.ipv6.neigh.lo.ucast_solicit = 3
net.ipv6.neigh.lo.unres_qlen = 31
net.ipv6.neigh.lo.unres_qlen_bytes = 65536
net.ipv6.route.gc_elasticity = 9
net.ipv6.route.gc_interval = 30
net.ipv6.route.gc_min_interval = 0
net.ipv6.route.gc_min_interval_ms = 500
net.ipv6.route.gc_thresh = 1024
net.ipv6.route.gc_timeout = 60
net.ipv6.route.max_size = 16384
net.ipv6.route.min_adv_mss = 1220
net.ipv6.route.mtu_expires = 600
net.ipv6.xfrm6_gc_thresh = 32768
net.netfilter.nf_log.0 = NONE
net.netfilter.nf_log.1 = NONE
net.netfilter.nf_log.10 = NONE
net.netfilter.nf_log.11 = NONE
net.netfilter.nf_log.12 = NONE
net.netfilter.nf_log.2 = NONE
net.netfilter.nf_log.3 = NONE
net.netfilter.nf_log.4 = NONE
net.netfilter.nf_log.5 = NONE
net.netfilter.nf_log.6 = NONE
net.netfilter.nf_log.7 = NONE
net.netfilter.nf_log.8 = NONE
net.netfilter.nf_log.9 = NONE
net.unix.max_dgram_qlen = 512
sunrpc.max_resvport = 1023
sunrpc.min_resvport = 665
sunrpc.nfs_debug = 0x0000
sunrpc.nfsd_debug = 0x0000
sunrpc.nlm_debug = 0x0000
sunrpc.rpc_debug = 0x0000
sunrpc.tcp_fin_timeout = 15
sunrpc.tcp_max_slot_table_entries = 65536
sunrpc.tcp_slot_table_entries = 2
sunrpc.transports = tcp 1048576
sunrpc.transports = udp 32768
sunrpc.transports = tcp-bc 1048576
sunrpc.udp_slot_table_entries = 16
user.max_ipc_namespaces = 515132
user.max_mnt_namespaces = 515132
user.max_net_namespaces = 515132
user.max_pid_namespaces = 515132
user.max_user_namespaces = 0
user.max_uts_namespaces = 515132
vm.admin_reserve_kbytes = 8192
vm.block_dump = 0
vm.dirty_background_bytes = 0
vm.dirty_background_ratio = 10
vm.dirty_bytes = 0
vm.dirty_expire_centisecs = 3000
vm.dirty_ratio = 30
vm.dirty_writeback_centisecs = 500
vm.drop_caches = 0
vm.extfrag_threshold = 500
vm.hugepages_treat_as_movable = 0
vm.hugetlb_shm_group = 0
vm.laptop_mode = 0
vm.legacy_va_layout = 0
vm.lowmem_reserve_ratio = 256	256	32
vm.max_map_count = 65530
vm.memory_failure_early_kill = 0
vm.memory_failure_recovery = 1
vm.min_free_kbytes = 90112
vm.min_slab_ratio = 5
vm.min_unmapped_ratio = 1
vm.mmap_min_addr = 4096
vm.nr_hugepages = 0
vm.nr_hugepages_mempolicy = 0
vm.nr_overcommit_hugepages = 0
vm.nr_pdflush_threads = 0
vm.numa_zonelist_order = default
vm.oom_dump_tasks = 1
vm.oom_kill_allocating_task = 0
vm.overcommit_kbytes = 0
vm.overcommit_memory = 0
vm.overcommit_ratio = 50
vm.page-cluster = 3
vm.panic_on_oom = 0
vm.percpu_pagelist_fraction = 0
vm.stat_interval = 1
vm.swappiness = 30
vm.user_reserve_kbytes = 131072
vm.vfs_cache_pressure = 100
vm.zone_reclaim_mode = 0
